15:55:41.851 ERROR Cannot read property 'PARENT' of undefined
TypeError: Cannot read property 'PARENT' of undefined
    at Entity.define (/app/arrasio/src/server/server.js:1928:17)
    at Entity.define (/app/arrasio/src/server/server.js:1930:22)
    at exportDefintionsToClient (/app/arrasio/src/server/server.js:3032:26)
    at Object.<anonymous> (/app/arrasio/src/server/server.js:3062:7)
    at Module._compile (module.js:653:30)
    at Object.Module._extensions..js (module.js:664:10)
    at Module.load (module.js:566:32)
    at tryModuleLoad (module.js:506:12)
    at Function.Module._load (module.js:498:3)
    at Function.Module.runMain (module.js:694:10) 
15:55:41.851 ERROR autoswarm 
15:55:41.852 ERROR {"PARENT":[null],"AI":{"FARMER":true},"INDEPENDENT":true,"index":24} 
15:55:42.152 ERROR Cannot read property 'PARENT' of undefined
TypeError: Cannot read property 'PARENT' of undefined
    at setNatural (/app/arrasio/src/server/server.js:1328:26)
    at setNatural (/app/arrasio/src/server/server.js:1330:25)
    at Array.forEach (<anonymous>)
    at new Gun (/app/arrasio/src/server/server.js:1327:30)
    at set.GUNS.forEach (/app/arrasio/src/server/server.js:2125:30)
    at Array.forEach (<anonymous>)
    at Entity.define (/app/arrasio/src/server/server.js:2124:22)
    at exportDefintionsToClient (/app/arrasio/src/server/server.js:3032:26)
    at Object.<anonymous> (/app/arrasio/src/server/server.js:3062:7)
    at Module._compile (module.js:653:30) 
15:55:42.152 ERROR battleship 
15:55:42.153 ERROR {"PARENT":[{"LABEL":"Unknown Class","TYPE":"tank","DAMAGE_CLASS":2,"DANGER":5,"MOTION_TYPE":"motor","FACING_TYPE":"toTarget","SIZE":12,"INVISIBLE":[0,0],"MAX_CHILDREN":0,"DAMAGE_EFFECTS":false,"BODY":{"ACCELERATION":1.6,"SPEED":5.25,"HEALTH":20,"DAMAGE":3,"PENETRATION":1.05,"SHIELD":8,"REGEN":0.025,"FOV":1,"DENSITY":0.5,"PUSHABILITY":0.9,"HETERO":3},"GUNS":[],"TURRETS":[],"GIVE_KILL_MESSAGE":true,"DRAW_HEALTH":true,"index":60,"mockup":{"body":{"type":7,"id":60,"index":60,"x":0,"y":0,"vx":0,"vy":0,"size":12,"rsize":12,"status":1,"health":1,"shield":1,"facing":0,"vfacing":0,"twiggle":false,"layer":5,"color":16,"name":"Unknown Class","score":0,"guns":[],"turrets":[],"alpha":1,"position":{"middle":{"x":0,"y":0},"axis":2,"points":[{"x":1,"y":0},{"x":-1,"y":0},{"x":0,"y":1}]}},"position":{"middle":{"x":0,"y":0},"axis":2,"points":[{"x":1,"y":0},{"x":-1,"y":0},{"x":0,"y":1}]}}}],"LABEL":"Battleship","DANGER":7,"STAT_NAMES":4,"FACING_TYPE":"locksFacing","BODY":{"ACCELERATION":1.6,"FOV":1.2},"GUNS":[{"POSITION":[7,7.5,0.6,7,4,90,0],"PROPERTIES":{"SHOOT_SETTINGS":{"reload":18,"recoil":0.25,"shudder":0.05,"size":0.4,"health":1.25,"damage":0.8624999999999999,"pen":1,"speed":4,"maxSpeed":0.85,"range":1,"density":1,"spray":5,"resist":1.1},"TYPE":{"LABEL":"Swarm Drone","TYPE":"swarm","ACCEPTS_SCORE":false,"SHAPE":3,"MOTION_TYPE":"swarm","FACING_TYPE":"smoothWithMotion","CONTROLLERS":["nearestDifferentMaster","mapTargetToGoal"],"CRAVES_ATTENTION":true,"BODY":{"ACCELERATION":3,"PENETRATION":1.5,"HEALTH":0.175,"DAMAGE":2.25,"SPEED":4.5,"RESIST":1.6,"RANGE":225,"DENSITY":12,"PUSHABILITY":0.5,"FOV":1.5},"DIE_AT_RANGE":true,"BUFF_VS_FOOD":true,"index":21,"mockup":{"body":{"type":1,"id":21,"index":21,"x":0,"y":0,"vx":0,"vy":0,"size":1,"rsize":1.555120301556214,"status":1,"health":1,"shield":null,"facing":0,"vfacing":0,"twiggle":false,"layer":0,"color":16,"name":"Swarm Drone","score":0,"guns":[],"turrets":[],"alpha":1,"position":{"middle":{"x":0,"y":0},"axis":3.11024,"points":[{"x":1.55512,"y":0},{"x":-0.77756,"y":-1.34677},{"x":-0.77756,"y":1.34677}]}},"position":{"middle":{"x":0,"y":0},"axis":3.11024,"points":[{"x":1.55512,"y":0},{"x":-0.77756,"y":-1.34677},{"x":-0.77756,"y":1.34677}]}}},"STAT_CALCULATOR":3,"LABEL":"Guided"}},{"POSITION":[7,7.5,0.6,7,-4,90,0.5],"PROPERTIES":{"SHOOT_SETTINGS":{"reload":18,"recoil":0.25,"shudder":0.05,"size":0.4,"health":1,"damage":0.75,"pen":1,"speed":4,"maxSpeed":1,"range":1,"density":1,"spray":5,"resist":1},"TYPE":[{"PARENT":[null],"AI":{"FARMER":true},"INDEPENDENT":true,"index":24}],"STAT_CALCULATOR":3,"LABEL":"Autonomous"}},{"POSITION":[7,7.5,0.6,7,4,270,0],"PROPERTIES":{"SHOOT_SETTINGS":{"reload":18,"recoil":0.25,"shudder":0.05,"size":0.4,"health":1,"damage":0.75,"pen":1,"speed":4,"maxSpeed":1,"range":1,"density":1,"spray":5,"resist":1},"TYPE":[{"PARENT":[null],"AI":{"FARMER":true},"INDEPENDENT":true,"index":24}],"STAT_CALCULATOR":3,"LABEL":"Autonomous"}},{"POSITION":[7,7.5,0.6,7,-4,270,0.5],"PROPERTIES":{"SHOOT_SETTINGS":{"reload":18,"recoil":0.25,"shudder":0.05,"size":0.4,"health":1.25,"damage":0.8624999999999999,"pen":1,"speed":4,"maxSpeed":0.85,"range":1,"density":1,"spray":5,"resist":1.1},"TYPE":{"LABEL":"Swarm Drone","TYPE":"swarm","ACCEPTS_SCORE":false,"SHAPE":3,"MOTION_TYPE":"swarm","FACING_TYPE":"smoothWithMotion","CONTROLLERS":["nearestDifferentMaster","mapTargetToGoal"],"CRAVES_ATTENTION":true,"BODY":{"ACCELERATION":3,"PENETRATION":1.5,"HEALTH":0.175,"DAMAGE":2.25,"SPEED":4.5,"RESIST":1.6,"RANGE":225,"DENSITY":12,"PUSHABILITY":0.5,"FOV":1.5},"DIE_AT_RANGE":true,"BUFF_VS_FOOD":true,"index":21,"mockup":{"body":{"type":1,"id":21,"index":21,"x":0,"y":0,"vx":0,"vy":0,"size":1,"rsize":1.555120301556214,"status":1,"health":1,"shield":null,"facing":0,"vfacing":0,"twiggle":false,"layer":0,"color":16,"name":"Swarm Drone","score":0,"guns":[],"turrets":[],"alpha":1,"position":{"middle":{"x":0,"y":0},"axis":3.11024,"points":[{"x":1.55512,"y":0},{"x":-0.77756,"y":-1.34677},{"x":-0.77756,"y":1.34677}]}},"position":{"middle":{"x":0,"y":0},"axis":3.11024,"points":[{"x":1.55512,"y":0},{"x":-0.77756,"y":-1.34677},{"x":-0.77756,"y":1.34677}]}}},"STAT_CALCULATOR":3,"LABEL":"Guided"}}],"index":195} 
15:55:42.153 ERROR Cannot read property 'PARENT' of undefined
TypeError: Cannot read property 'PARENT' of undefined
    at setNatural (/app/arrasio/src/server/server.js:1328:26)
    at setNatural (/app/arrasio/src/server/server.js:1330:25)
    at Array.forEach (<anonymous>)
    at new Gun (/app/arrasio/src/server/server.js:1327:30)
    at set.GUNS.forEach (/app/arrasio/src/server/server.js:2125:30)
    at Array.forEach (<anonymous>)
    at Entity.define (/app/arrasio/src/server/server.js:2124:22)
    at exportDefintionsToClient (/app/arrasio/src/server/server.js:3032:26)
    at Object.<anonymous> (/app/arrasio/src/server/server.js:3062:7)
    at Module._compile (module.js:653:30) 
15:55:42.153 ERROR solidago 
15:55:42.153 ERROR {"PARENT":[{"LABEL":"Unknown Class","TYPE":"tank","DAMAGE_CLASS":2,"DANGER":5,"MOTION_TYPE":"motor","FACING_TYPE":"toTarget","SIZE":12,"INVISIBLE":[0,0],"MAX_CHILDREN":0,"DAMAGE_EFFECTS":false,"BODY":{"ACCELERATION":1.6,"SPEED":5.25,"HEALTH":20,"DAMAGE":3,"PENETRATION":1.05,"SHIELD":8,"REGEN":0.025,"FOV":1,"DENSITY":0.5,"PUSHABILITY":0.9,"HETERO":3},"GUNS":[],"TURRETS":[],"GIVE_KILL_MESSAGE":true,"DRAW_HEALTH":true,"index":60,"mockup":{"body":{"type":7,"id":60,"index":60,"x":0,"y":0,"vx":0,"vy":0,"size":12,"rsize":12,"status":1,"health":1,"shield":1,"facing":0,"vfacing":0,"twiggle":false,"layer":5,"color":16,"name":"Unknown Class","score":0,"guns":[],"turrets":[],"alpha":1,"position":{"middle":{"x":0,"y":0},"axis":2,"points":[{"x":1,"y":0},{"x":-1,"y":0},{"x":0,"y":1}]}},"position":{"middle":{"x":0,"y":0},"axis":2,"points":[{"x":1,"y":0},{"x":-1,"y":0},{"x":0,"y":1}]}}}],"LABEL":"Solidago","DANGER":7,"STAT_NAMES":4,"FACING_TYPE":"locksFacing","BODY":{"ACCELERATION":1.6,"FOV":1.2},"GUNS":[{"POSITION":[7,7.5,0.6,7,4,100,0],"PROPERTIES":{"SHOOT_SETTINGS":{"reload":18,"recoil":0.25,"shudder":0.05,"size":0.4,"health":1.25,"damage":0.8624999999999999,"pen":1,"speed":4,"maxSpeed":0.85,"range":1,"density":1,"spray":5,"resist":1.1},"TYPE":{"LABEL":"Swarm Drone","TYPE":"swarm","ACCEPTS_SCORE":false,"SHAPE":3,"MOTION_TYPE":"swarm","FACING_TYPE":"smoothWithMotion","CONTROLLERS":["nearestDifferentMaster","mapTargetToGoal"],"CRAVES_ATTENTION":true,"BODY":{"ACCELERATION":3,"PENETRATION":1.5,"HEALTH":0.175,"DAMAGE":2.25,"SPEED":4.5,"RESIST":1.6,"RANGE":225,"DENSITY":12,"PUSHABILITY":0.5,"FOV":1.5},"DIE_AT_RANGE":true,"BUFF_VS_FOOD":true,"index":21,"mockup":{"body":{"type":1,"id":21,"index":21,"x":0,"y":0,"vx":0,"vy":0,"size":1,"rsize":1.555120301556214,"status":1,"health":1,"shield":null,"facing":0,"vfacing":0,"twiggle":false,"layer":0,"color":16,"name":"Swarm Drone","score":0,"guns":[],"turrets":[],"alpha":1,"position":{"middle":{"x":0,"y":0},"axis":3.11024,"points":[{"x":1.55512,"y":0},{"x":-0.77756,"y":-1.34677},{"x":-0.77756,"y":1.34677}]}},"position":{"middle":{"x":0,"y":0},"axis":3.11024,"points":[{"x":1.55512,"y":0},{"x":-0.77756,"y":-1.34677},{"x":-0.77756,"y":1.34677}]}}},"STAT_CALCULATOR":3,"LABEL":"Guided"}},{"POSITION":[7,7.5,0.6,7,-4,100,0.5],"PROPERTIES":{"SHOOT_SETTINGS":{"reload":18,"recoil":0.25,"shudder":0.05,"size":0.4,"health":1,"damage":0.75,"pen":1,"speed":4,"maxSpeed":1,"range":1,"density":1,"spray":5,"resist":1},"TYPE":[{"PARENT":[null],"AI":{"FARMER":true},"INDEPENDENT":true,"index":24}],"STAT_CALCULATOR":3,"LABEL":"Autonomous"}},{"POSITION":[7,7.5,0.6,7,4,0,0],"PROPERTIES":{"SHOOT_SETTINGS":{"reload":18,"recoil":0.25,"shudder":0.05,"size":0.4,"health":1.25,"damage":0.8624999999999999,"pen":1,"speed":4,"maxSpeed":0.85,"range":1,"density":1,"spray":5,"resist":1.1},"TYPE":{"LABEL":"Swarm Drone","TYPE":"swarm","ACCEPTS_SCORE":false,"SHAPE":3,"MOTION_TYPE":"swarm","FACING_TYPE":"smoothWithMotion","CONTROLLERS":["nearestDifferentMaster","mapTargetToGoal"],"CRAVES_ATTENTION":true,"BODY":{"ACCELERATION":3,"PENETRATION":1.5,"HEALTH":0.175,"DAMAGE":2.25,"SPEED":4.5,"RESIST":1.6,"RANGE":225,"DENSITY":12,"PUSHABILITY":0.5,"FOV":1.5},"DIE_AT_RANGE":true,"BUFF_VS_FOOD":true,"index":21,"mockup":{"body":{"type":1,"id":21,"index":21,"x":0,"y":0,"vx":0,"vy":0,"size":1,"rsize":1.555120301556214,"status":1,"health":1,"shield":null,"facing":0,"vfacing":0,"twiggle":false,"layer":0,"color":16,"name":"Swarm Drone","score":0,"guns":[],"turrets":[],"alpha":1,"position":{"middle":{"x":0,"y":0},"axis":3.11024,"points":[{"x":1.55512,"y":0},{"x":-0.77756,"y":-1.34677},{"x":-0.77756,"y":1.34677}]}},"position":{"middle":{"x":0,"y":0},"axis":3.11024,"points":[{"x":1.55512,"y":0},{"x":-0.77756,"y":-1.34677},{"x":-0.77756,"y":1.34677}]}}},"STAT_CALCULATOR":3,"LABEL":"Guided"}},{"POSITION":[7,7.5,0.6,7,-4,0,0.5],"PROPERTIES":{"SHOOT_SETTINGS":{"reload":18,"recoil":0.25,"shudder":0.05,"size":0.4,"health":1,"damage":0.75,"pen":1,"speed":4,"maxSpeed":1,"range":1,"density":1,"spray":5,"resist":1},"TYPE":[{"PARENT":[null],"AI":{"FARMER":true},"INDEPENDENT":true,"index":24}],"STAT_CALCULATOR":3,"LABEL":"Autonomous"}},{"POSITION":[7,7.5,0.6,7,4,-100,0],"PROPERTIES":{"SHOOT_SETTINGS":{"reload":18,"recoil":0.25,"shudder":0.05,"size":0.4,"health":1,"damage":0.75,"pen":1,"speed":4,"maxSpeed":1,"range":1,"density":1,"spray":5,"resist":1},"TYPE":[{"PARENT":[null],"AI":{"FARMER":true},"INDEPENDENT":true,"index":24}],"STAT_CALCULATOR":3,"LABEL":"Autonomous"}},{"POSITION":[7,7.5,0.6,7,-4,-100,0.5],"PROPERTIES":{"SHOOT_SETTINGS":{"reload":18,"recoil":0.25,"shudder":0.05,"size":0.4,"health":1.25,"damage":0.8624999999999999,"pen":1,"speed":4,"maxSpeed":0.85,"range":1,"density":1,"spray":5,"resist":1.1},"TYPE":{"LABEL":"Swarm Drone","TYPE":"swarm","ACCEPTS_SCORE":false,"SHAPE":3,"MOTION_TYPE":"swarm","FACING_TYPE":"smoothWithMotion","CONTROLLERS":["nearestDifferentMaster","mapTargetToGoal"],"CRAVES_ATTENTION":true,"BODY":{"ACCELERATION":3,"PENETRATION":1.5,"HEALTH":0.175,"DAMAGE":2.25,"SPEED":4.5,"RESIST":1.6,"RANGE":225,"DENSITY":12,"PUSHABILITY":0.5,"FOV":1.5},"DIE_AT_RANGE":true,"BUFF_VS_FOOD":true,"index":21,"mockup":{"body":{"type":1,"id":21,"index":21,"x":0,"y":0,"vx":0,"vy":0,"size":1,"rsize":1.555120301556214,"status":1,"health":1,"shield":null,"facing":0,"vfacing":0,"twiggle":false,"layer":0,"color":16,"name":"Swarm Drone","score":0,"guns":[],"turrets":[],"alpha":1,"position":{"middle":{"x":0,"y":0},"axis":3.11024,"points":[{"x":1.55512,"y":0},{"x":-0.77756,"y":-1.34677},{"x":-0.77756,"y":1.34677}]}},"position":{"middle":{"x":0,"y":0},"axis":3.11024,"points":[{"x":1.55512,"y":0},{"x":-0.77756,"y":-1.34677},{"x":-0.77756,"y":1.34677}]}}},"STAT_CALCULATOR":3,"LABEL":"Guided"}}],"index":196} 
15:55:42.182 ERROR Cannot read property 'PARENT' of undefined
TypeError: Cannot read property 'PARENT' of undefined
    at setNatural (/app/arrasio/src/server/server.js:1328:26)
    at setNatural (/app/arrasio/src/server/server.js:1330:25)
    at Array.forEach (<anonymous>)
    at new Gun (/app/arrasio/src/server/server.js:1327:30)
    at set.GUNS.forEach (/app/arrasio/src/server/server.js:2125:30)
    at Array.forEach (<anonymous>)
    at Entity.define (/app/arrasio/src/server/server.js:2124:22)
    at exportDefintionsToClient (/app/arrasio/src/server/server.js:3032:26)
    at Object.<anonymous> (/app/arrasio/src/server/server.js:3062:7)
    at Module._compile (module.js:653:30) 
15:55:42.182 ERROR shexatrap 
15:55:42.182 ERROR {"PARENT":[{"LABEL":"Unknown Class","TYPE":"tank","DAMAGE_CLASS":2,"DANGER":5,"MOTION_TYPE":"motor","FACING_TYPE":"toTarget","SIZE":12,"INVISIBLE":[0,0],"MAX_CHILDREN":0,"DAMAGE_EFFECTS":false,"BODY":{"ACCELERATION":1.6,"SPEED":5.25,"HEALTH":20,"DAMAGE":3,"PENETRATION":1.05,"SHIELD":8,"REGEN":0.025,"FOV":1,"DENSITY":0.5,"PUSHABILITY":0.9,"HETERO":3},"GUNS":[],"TURRETS":[],"GIVE_KILL_MESSAGE":true,"DRAW_HEALTH":true}],"LABEL":"Hexa-Swarm-Trapper","DANGER":8,"BODY":{"SPEED":4.2},"STAT_NAMES":5,"HAS_NO_RECOIL":true,"GUNS":[{"POSITION":[15,7,1,0,0,0,0]},{"POSITION":[3,7,1.7,15,0,0,0],"PROPERTIES":{"SHOOT_SETTINGS":{"reload":46.93000000000001,"recoil":1,"shudder":0.3125,"size":0.6,"health":1,"damage":0.75,"pen":1,"speed":4,"maxSpeed":1,"range":0.5,"density":1,"spray":15,"resist":3},"TYPE":{"LABEL":"Thrown Trap","TYPE":"trap","ACCEPTS_SCORE":false,"SHAPE":-3,"MOTION_TYPE":"glide","FACING_TYPE":"turnWithSpeed","HITS_OWN_TYPE":"push","DIE_AT_RANGE":true,"BODY":{"HEALTH":0.5,"DAMAGE":3,"RANGE":450,"DENSITY":2.5,"RESIST":2.5,"SPEED":0},"index":25,"mockup":{"body":{"type":1,"id":25,"index":25,"x":0,"y":0,"vx":0,"vy":0,"size":1,"rsize":1.555120301556214,"status":1,"health":1,"shield":null,"facing":0,"vfacing":0,"twiggle":false,"layer":0,"color":16,"name":"Thrown Trap","score":0,"guns":[],"turrets":[],"alpha":1,"position":{"middle":{"x":0,"y":0},"axis":3.11024,"points":[{"x":1.55512,"y":0},{"x":-0.77756,"y":-1.34677},{"x":-0.77756,"y":1.34677}]}},"position":{"middle":{"x":0,"y":0},"axis":3.11024,"points":[{"x":1.55512,"y":0},{"x":-0.77756,"y":-1.34677},{"x":-0.77756,"y":1.34677}]}}},"STAT_CALCULATOR":8}},{"POSITION":[15,7,1,0,0,60,0.5]},{"POSITION":[3,7,1.7,15,0,60,0.5],"PROPERTIES":{"SHOOT_SETTINGS":{"reload":46.93000000000001,"recoil":1,"shudder":0.3125,"size":0.6,"health":1,"damage":0.75,"pen":1,"speed":4,"maxSpeed":1,"range":0.5,"density":1,"spray":15,"resist":3},"TYPE":{"LABEL":"Thrown Trap","TYPE":"trap","ACCEPTS_SCORE":false,"SHAPE":-3,"MOTION_TYPE":"glide","FACING_TYPE":"turnWithSpeed","HITS_OWN_TYPE":"push","DIE_AT_RANGE":true,"BODY":{"HEALTH":0.5,"DAMAGE":3,"RANGE":450,"DENSITY":2.5,"RESIST":2.5,"SPEED":0},"index":25,"mockup":{"body":{"type":1,"id":25,"index":25,"x":0,"y":0,"vx":0,"vy":0,"size":1,"rsize":1.555120301556214,"status":1,"health":1,"shield":null,"facing":0,"vfacing":0,"twiggle":false,"layer":0,"color":16,"name":"Thrown Trap","score":0,"guns":[],"turrets":[],"alpha":1,"position":{"middle":{"x":0,"y":0},"axis":3.11024,"points":[{"x":1.55512,"y":0},{"x":-0.77756,"y":-1.34677},{"x":-0.77756,"y":1.34677}]}},"position":{"middle":{"x":0,"y":0},"axis":3.11024,"points":[{"x":1.55512,"y":0},{"x":-0.77756,"y":-1.34677},{"x":-0.77756,"y":1.34677}]}}},"STAT_CALCULATOR":8}},{"POSITION":[15,7,1,0,0,120,0]},{"POSITION":[3,7,1.7,15,0,120,0],"PROPERTIES":{"SHOOT_SETTINGS":{"reload":46.93000000000001,"recoil":1,"shudder":0.3125,"size":0.6,"health":1,"damage":0.75,"pen":1,"speed":4,"maxSpeed":1,"range":0.5,"density":1,"spray":15,"resist":3},"TYPE":{"LABEL":"Thrown Trap","TYPE":"trap","ACCEPTS_SCORE":false,"SHAPE":-3,"MOTION_TYPE":"glide","FACING_TYPE":"turnWithSpeed","HITS_OWN_TYPE":"push","DIE_AT_RANGE":true,"BODY":{"HEALTH":0.5,"DAMAGE":3,"RANGE":450,"DENSITY":2.5,"RESIST":2.5,"SPEED":0},"index":25,"mockup":{"body":{"type":1,"id":25,"index":25,"x":0,"y":0,"vx":0,"vy":0,"size":1,"rsize":1.555120301556214,"status":1,"health":1,"shield":null,"facing":0,"vfacing":0,"twiggle":false,"layer":0,"color":16,"name":"Thrown Trap","score":0,"guns":[],"turrets":[],"alpha":1,"position":{"middle":{"x":0,"y":0},"axis":3.11024,"points":[{"x":1.55512,"y":0},{"x":-0.77756,"y":-1.34677},{"x":-0.77756,"y":1.34677}]}},"position":{"middle":{"x":0,"y":0},"axis":3.11024,"points":[{"x":1.55512,"y":0},{"x":-0.77756,"y":-1.34677},{"x":-0.77756,"y":1.34677}]}}},"STAT_CALCULATOR":8}},{"POSITION":[15,7,1,0,0,180,0.5]},{"POSITION":[3,7,1.7,15,0,180,0.5],"PROPERTIES":{"SHOOT_SETTINGS":{"reload":46.93000000000001,"recoil":1,"shudder":0.3125,"size":0.6,"health":1,"damage":0.75,"pen":1,"speed":4,"maxSpeed":1,"range":0.5,"density":1,"spray":15,"resist":3},"TYPE":{"LABEL":"Thrown Trap","TYPE":"trap","ACCEPTS_SCORE":false,"SHAPE":-3,"MOTION_TYPE":"glide","FACING_TYPE":"turnWithSpeed","HITS_OWN_TYPE":"push","DIE_AT_RANGE":true,"BODY":{"HEALTH":0.5,"DAMAGE":3,"RANGE":450,"DENSITY":2.5,"RESIST":2.5,"SPEED":0},"index":25,"mockup":{"body":{"type":1,"id":25,"index":25,"x":0,"y":0,"vx":0,"vy":0,"size":1,"rsize":1.555120301556214,"status":1,"health":1,"shield":null,"facing":0,"vfacing":0,"twiggle":false,"layer":0,"color":16,"name":"Thrown Trap","score":0,"guns":[],"turrets":[],"alpha":1,"position":{"middle":{"x":0,"y":0},"axis":3.11024,"points":[{"x":1.55512,"y":0},{"x":-0.77756,"y":-1.34677},{"x":-0.77756,"y":1.34677}]}},"position":{"middle":{"x":0,"y":0},"axis":3.11024,"points":[{"x":1.55512,"y":0},{"x":-0.77756,"y":-1.34677},{"x":-0.77756,"y":1.34677}]}}},"STAT_CALCULATOR":8}},{"POSITION":[15,7,1,0,0,240,0]},{"POSITION":[3,7,1.7,15,0,240,0],"PROPERTIES":{"SHOOT_SETTINGS":{"reload":46.93000000000001,"recoil":1,"shudder":0.3125,"size":0.6,"health":1,"damage":0.75,"pen":1,"speed":4,"maxSpeed":1,"range":0.5,"density":1,"spray":15,"resist":3},"TYPE":{"LABEL":"Thrown Trap","TYPE":"trap","ACCEPTS_SCORE":false,"SHAPE":-3,"MOTION_TYPE":"glide","FACING_TYPE":"turnWithSpeed","HITS_OWN_TYPE":"push","DIE_AT_RANGE":true,"BODY":{"HEALTH":0.5,"DAMAGE":3,"RANGE":450,"DENSITY":2.5,"RESIST":2.5,"SPEED":0},"index":25,"mockup":{"body":{"type":1,"id":25,"index":25,"x":0,"y":0,"vx":0,"vy":0,"size":1,"rsize":1.555120301556214,"status":1,"health":1,"shield":null,"facing":0,"vfacing":0,"twiggle":false,"layer":0,"color":16,"name":"Thrown Trap","score":0,"guns":[],"turrets":[],"alpha":1,"position":{"middle":{"x":0,"y":0},"axis":3.11024,"points":[{"x":1.55512,"y":0},{"x":-0.77756,"y":-1.34677},{"x":-0.77756,"y":1.34677}]}},"position":{"middle":{"x":0,"y":0},"axis":3.11024,"points":[{"x":1.55512,"y":0},{"x":-0.77756,"y":-1.34677},{"x":-0.77756,"y":1.34677}]}}},"STAT_CALCULATOR":8}},{"POSITION":[15,7,1,0,0,300,0.5]},{"POSITION":[3,7,1.7,15,0,300,0.5],"PROPERTIES":{"SHOOT_SETTINGS":{"reload":46.93000000000001,"recoil":1,"shudder":0.3125,"size":0.6,"health":1,"damage":0.75,"pen":1,"speed":4,"maxSpeed":1,"range":0.5,"density":1,"spray":15,"resist":3},"TYPE":{"LABEL":"Thrown Trap","TYPE":"trap","ACCEPTS_SCORE":false,"SHAPE":-3,"MOTION_TYPE":"glide","FACING_TYPE":"turnWithSpeed","HITS_OWN_TYPE":"push","DIE_AT_RANGE":true,"BODY":{"HEALTH":0.5,"DAMAGE":3,"RANGE":450,"DENSITY":2.5,"RESIST":2.5,"SPEED":0},"index":25,"mockup":{"body":{"type":1,"id":25,"index":25,"x":0,"y":0,"vx":0,"vy":0,"size":1,"rsize":1.555120301556214,"status":1,"health":1,"shield":null,"facing":0,"vfacing":0,"twiggle":false,"layer":0,"color":16,"name":"Thrown Trap","score":0,"guns":[],"turrets":[],"alpha":1,"position":{"middle":{"x":0,"y":0},"axis":3.11024,"points":[{"x":1.55512,"y":0},{"x":-0.77756,"y":-1.34677},{"x":-0.77756,"y":1.34677}]}},"position":{"middle":{"x":0,"y":0},"axis":3.11024,"points":[{"x":1.55512,"y":0},{"x":-0.77756,"y":-1.34677},{"x":-0.77756,"y":1.34677}]}}},"STAT_CALCULATOR":8}},{"POSITION":[7,7.5,0.6,8,0,30,0.5],"PROPERTIES":{"SHOOT_SETTINGS":{"reload":18,"recoil":0.25,"shudder":0.05,"size":0.4,"health":1,"damage":0.75,"pen":1,"speed":4,"maxSpeed":1,"range":1,"density":1,"spray":5,"resist":1},"TYPE":[{"PARENT":[null],"AI":{"FARMER":true},"INDEPENDENT":true,"index":24}],"STAT_CALCULATOR":3,"LABEL":"Autonomous"}},{"POSITION":[7,7.5,0.6,8,0,90,0.5],"PROPERTIES":{"SHOOT_SETTINGS":{"reload":18,"recoil":0.25,"shudder":0.05,"size":0.4,"health":1,"damage":0.75,"pen":1,"speed":4,"maxSpeed":1,"range":1,"density":1,"spray":5,"resist":1},"TYPE":[{"PARENT":[null],"AI":{"FARMER":true},"INDEPENDENT":true,"index":24}],"STAT_CALCULATOR":3,"LABEL":"Autonomous"}},{"POSITION":[7,7.5,0.6,8,0,150,0.5],"PROPERTIES":{"SHOOT_SETTINGS":{"reload":18,"recoil":0.25,"shudder":0.05,"size":0.4,"health":1,"damage":0.75,"pen":1,"speed":4,"maxSpeed":1,"range":1,"density":1,"spray":5,"resist":1},"TYPE":[{"PARENT":[null],"AI":{"FARMER":true},"INDEPENDENT":true,"index":24}],"STAT_CALCULATOR":3,"LABEL":"Autonomous"}},{"POSITION":[7,7.5,0.6,8,0,-30,0.5],"PROPERTIES":{"SHOOT_SETTINGS":{"reload":18,"recoil":0.25,"shudder":0.05,"size":0.4,"health":1,"damage":0.75,"pen":1,"speed":4,"maxSpeed":1,"range":1,"density":1,"spray":5,"resist":1},"TYPE":[{"PARENT":[null],"AI":{"FARMER":true},"INDEPENDENT":true,"index":24}],"STAT_CALCULATOR":3,"LABEL":"Autonomous"}},{"POSITION":[7,7.5,0.6,8,0,-90,0.5],"PROPERTIES":{"SHOOT_SETTINGS":{"reload":18,"recoil":0.25,"shudder":0.05,"size":0.4,"health":1,"damage":0.75,"pen":1,"speed":4,"maxSpeed":1,"range":1,"density":1,"spray":5,"resist":1},"TYPE":[{"PARENT":[null],"AI":{"FARMER":true},"INDEPENDENT":true,"index":24}],"STAT_CALCULATOR":3,"LABEL":"Autonomous"}},{"POSITION":[7,7.5,0.6,8,0,-150,0.5],"PROPERTIES":{"SHOOT_SETTINGS":{"reload":18,"recoil":0.25,"shudder":0.05,"size":0.4,"health":1,"damage":0.75,"pen":1,"speed":4,"maxSpeed":1,"range":1,"density":1,"spray":5,"resist":1},"TYPE":[{"PARENT":[null],"AI":{"FARMER":true},"INDEPENDENT":true,"index":24}],"STAT_CALCULATOR":3,"LABEL":"Autonomous"}}],"TURRETS":[{"POSITION":[10,0,0,180,360,1],"TYPE":[{"PARENT":[{"LABEL":"Unknown Class","TYPE":"tank","DAMAGE_CLASS":2,"DANGER":5,"MOTION_TYPE":"motor","FACING_TYPE":"toTarget","SIZE":12,"INVISIBLE":[0,0],"MAX_CHILDREN":0,"DAMAGE_EFFECTS":false,"BODY":{"ACCELERATION":1.6,"SPEED":5.25,"HEALTH":20,"DAMAGE":3,"PENETRATION":1.05,"SHIELD":8,"REGEN":0.025,"FOV":1,"DENSITY":0.5,"PUSHABILITY":0.9,"HETERO":3},"GUNS":[],"TURRETS":[],"GIVE_KILL_MESSAGE":true,"DRAW_HEALTH":true,"index":60,"mockup":{"body":{"type":7,"id":60,"index":60,"x":0,"y":0,"vx":0,"vy":0,"size":12,"rsize":12,"status":1,"health":1,"shield":1,"facing":0,"vfacing":0,"twiggle":false,"layer":5,"color":16,"name":"Unknown Class","score":0,"guns":[],"turrets":[],"alpha":1,"position":{"middle":{"x":0,"y":0},"axis":2,"points":[{"x":1,"y":0},{"x":-1,"y":0},{"x":0,"y":1}]}},"position":{"middle":{"x":0,"y":0},"axis":2,"points":[{"x":1,"y":0},{"x":-1,"y":0},{"x":0,"y":1}]}}}],"LABEL":"Turret","BODY":{"FOV":0.8},"COLOR":16,"GUNS":[{"POSITION":[22,10,1,0,0,0,0],"PROPERTIES":{"SHOOT_SETTINGS":{"reload":45,"recoil":0.40249999999999997,"shudder":0.09000000000000001,"size":1.32,"health":0.8,"damage":0.15749999999999997,"pen":1.18125,"speed":8.1,"maxSpeed":1.36,"range":1,"density":0.30000000000000004,"spray":11.25,"resist":1.7999999999999998},"TYPE":{"LABEL":"Bullet","TYPE":"bullet","ACCEPTS_SCORE":false,"BODY":{"PENETRATION":1,"SPEED":3.75,"RANGE":90,"DENSITY":1.25,"HEALTH":0.165,"DAMAGE":6,"PUSHABILITY":0.3},"FACING_TYPE":"smoothWithMotion","CAN_GO_OUTSIDE_ROOM":true,"HITS_OWN_TYPE":"never","DIE_AT_RANGE":true,"index":15,"mockup":{"body":{"type":1,"id":15,"index":15,"x":0,"y":0,"vx":0,"vy":0,"size":1,"rsize":1,"status":1,"health":1,"shield":null,"facing":0,"vfacing":0,"twiggle":false,"layer":0,"color":16,"name":"Bullet","score":0,"guns":[],"turrets":[],"alpha":1,"position":{"middle":{"x":0,"y":0},"axis":2,"points":[{"x":1,"y":0},{"x":-1,"y":0},{"x":0,"y":1}]}},"position":{"middle":{"x":0,"y":0},"axis":2,"points":[{"x":1,"y":0},{"x":-1,"y":0},{"x":0,"y":1}]}}}}}],"index":61,"mockup":{"body":{"type":7,"id":61,"index":61,"x":0,"y":0,"vx":0,"vy":0,"size":12,"rsize":12,"status":1,"health":1,"shield":1,"facing":0,"vfacing":0,"twiggle":false,"layer":5,"color":16,"name":"Turret","score":0,"guns":[{"time":0,"power":0}],"turrets":[],"alpha":1,"position":{"middle":{"x":0.639062,"y":0},"axis":3.27813,"points":[{"x":2.2,"y":0.5},{"x":-1,"y":0},{"x":2.2,"y":-0.5}]}},"position":{"middle":{"x":0.639062,"y":0},"axis":3.27813,"points":[{"x":2.2,"y":0.5},{"x":-1,"y":0},{"x":2.2,"y":-0.5}]}}},{"CONTROLLERS":["nearestDifferentMaster"],"INDEPENDENT":true}]}],"index":256} 
15:55:42.185 ERROR Cannot read property 'PARENT' of undefined
TypeError: Cannot read property 'PARENT' of undefined
    at setNatural (/app/arrasio/src/server/server.js:1328:26)
    at setNatural (/app/arrasio/src/server/server.js:1330:25)
    at Array.forEach (<anonymous>)
    at new Gun (/app/arrasio/src/server/server.js:1327:30)
    at set.GUNS.forEach (/app/arrasio/src/server/server.js:2125:30)
    at Array.forEach (<anonymous>)
    at Entity.define (/app/arrasio/src/server/server.js:2124:22)
    at exportDefintionsToClient (/app/arrasio/src/server/server.js:3032:26)
    at Object.<anonymous> (/app/arrasio/src/server/server.js:3062:7)
    at Module._compile (module.js:653:30) 
15:55:42.185 ERROR thisisforenig 
15:55:42.185 ERROR {"PARENT":[{"LABEL":"Unknown Class","TYPE":"tank","DAMAGE_CLASS":2,"DANGER":5,"MOTION_TYPE":"motor","FACING_TYPE":"toTarget","SIZE":12,"INVISIBLE":[0,0],"MAX_CHILDREN":0,"DAMAGE_EFFECTS":false,"BODY":{"ACCELERATION":1.6,"SPEED":5.25,"HEALTH":20,"DAMAGE":3,"PENETRATION":1.05,"SHIELD":8,"REGEN":0.025,"FOV":1,"DENSITY":0.5,"PUSHABILITY":0.9,"HETERO":3},"GUNS":[],"TURRETS":[],"GIVE_KILL_MESSAGE":true,"DRAW_HEALTH":true,"index":60,"mockup":{"body":{"type":7,"id":60,"index":60,"x":0,"y":0,"vx":0,"vy":0,"size":12,"rsize":12,"status":1,"health":1,"shield":1,"facing":0,"vfacing":0,"twiggle":false,"layer":5,"color":16,"name":"Unknown Class","score":0,"guns":[],"turrets":[],"alpha":1,"position":{"middle":{"x":0,"y":0},"axis":2,"points":[{"x":1,"y":0},{"x":-1,"y":0},{"x":0,"y":1}]}},"position":{"middle":{"x":0,"y":0},"axis":2,"points":[{"x":1,"y":0},{"x":-1,"y":0},{"x":0,"y":1}]}}}],"LABEL":"Surfer","BODY":{"HEALTH":16,"SHIELD":6.4,"DENSITY":0.3},"DANGER":6,"GUNS":[{"POSITION":[16,6,0.6,0,0,0,0],"PROPERTIES":{"SHOOT_SETTINGS":{"reload":18,"recoil":1.2096,"shudder":0.1,"size":1,"health":0.918,"damage":0.6075,"pen":0.9,"speed":4.680000000000001,"maxSpeed":0.7480000000000001,"range":0.8999999999999999,"density":1.2,"spray":15,"resist":1},"TYPE":{"LABEL":"Swarm Drone","TYPE":"swarm","ACCEPTS_SCORE":false,"SHAPE":3,"MOTION_TYPE":"swarm","FACING_TYPE":"smoothWithMotion","CONTROLLERS":["nearestDifferentMaster","mapTargetToGoal"],"CRAVES_ATTENTION":true,"BODY":{"ACCELERATION":3,"PENETRATION":1.5,"HEALTH":0.175,"DAMAGE":2.25,"SPEED":4.5,"RESIST":1.6,"RANGE":225,"DENSITY":12,"PUSHABILITY":0.5,"FOV":1.5},"DIE_AT_RANGE":true,"BUFF_VS_FOOD":true,"index":21,"mockup":{"body":{"type":1,"id":21,"index":21,"x":0,"y":0,"vx":0,"vy":0,"size":1,"rsize":1.555120301556214,"status":1,"health":1,"shield":null,"facing":0,"vfacing":0,"twiggle":false,"layer":0,"color":16,"name":"Swarm Drone","score":0,"guns":[],"turrets":[],"alpha":1,"position":{"middle":{"x":0,"y":0},"axis":3.11024,"points":[{"x":1.55512,"y":0},{"x":-0.77756,"y":-1.34677},{"x":-0.77756,"y":1.34677}]}},"position":{"middle":{"x":0,"y":0},"axis":3.11024,"points":[{"x":1.55512,"y":0},{"x":-0.77756,"y":-1.34677},{"x":-0.77756,"y":1.34677}]}}},"LABEL":"Front"}},{"POSITION":[16,8,1,0,0,150,0.1],"PROPERTIES":{"SHOOT_SETTINGS":{"reload":18,"recoil":2.268,"shudder":0.2,"size":1,"health":0.459,"damage":0.30375,"pen":0.63,"speed":3.6,"maxSpeed":0.68,"range":0.6,"density":1.2,"spray":7.5,"resist":0.7},"TYPE":{"LABEL":"Bullet","TYPE":"bullet","ACCEPTS_SCORE":false,"BODY":{"PENETRATION":1,"SPEED":3.75,"RANGE":90,"DENSITY":1.25,"HEALTH":0.165,"DAMAGE":6,"PUSHABILITY":0.3},"FACING_TYPE":"smoothWithMotion","CAN_GO_OUTSIDE_ROOM":true,"HITS_OWN_TYPE":"never","DIE_AT_RANGE":true,"index":15,"mockup":{"body":{"type":1,"id":15,"index":15,"x":0,"y":0,"vx":0,"vy":0,"size":1,"rsize":1,"status":1,"health":1,"shield":null,"facing":0,"vfacing":0,"twiggle":false,"layer":0,"color":16,"name":"Bullet","score":0,"guns":[],"turrets":[],"alpha":1,"position":{"middle":{"x":0,"y":0},"axis":2,"points":[{"x":1,"y":0},{"x":-1,"y":0},{"x":0,"y":1}]}},"position":{"middle":{"x":0,"y":0},"axis":2,"points":[{"x":1,"y":0},{"x":-1,"y":0},{"x":0,"y":1}]}}},"LABEL":5}},{"POSITION":[16,8,1,0,0,210,0.1],"PROPERTIES":{"SHOOT_SETTINGS":{"reload":18,"recoil":2.268,"shudder":0.2,"size":1,"health":0.459,"damage":0.30375,"pen":0.63,"speed":3.6,"maxSpeed":0.68,"range":0.6,"density":1.2,"spray":7.5,"resist":0.7},"TYPE":{"LABEL":"Bullet","TYPE":"bullet","ACCEPTS_SCORE":false,"BODY":{"PENETRATION":1,"SPEED":3.75,"RANGE":90,"DENSITY":1.25,"HEALTH":0.165,"DAMAGE":6,"PUSHABILITY":0.3},"FACING_TYPE":"smoothWithMotion","CAN_GO_OUTSIDE_ROOM":true,"HITS_OWN_TYPE":"never","DIE_AT_RANGE":true,"index":15,"mockup":{"body":{"type":1,"id":15,"index":15,"x":0,"y":0,"vx":0,"vy":0,"size":1,"rsize":1,"status":1,"health":1,"shield":null,"facing":0,"vfacing":0,"twiggle":false,"layer":0,"color":16,"name":"Bullet","score":0,"guns":[],"turrets":[],"alpha":1,"position":{"middle":{"x":0,"y":0},"axis":2,"points":[{"x":1,"y":0},{"x":-1,"y":0},{"x":0,"y":1}]}},"position":{"middle":{"x":0,"y":0},"axis":2,"points":[{"x":1,"y":0},{"x":-1,"y":0},{"x":0,"y":1}]}}},"LABEL":5}},{"POSITION":[16,6,0.6,0,0,180.1],"PROPERTIES":{"SHOOT_SETTINGS":{"reload":18,"recoil":1.2096,"shudder":0.1,"size":1,"health":0.918,"damage":0.6075,"pen":0.9,"speed":4.680000000000001,"maxSpeed":0.7480000000000001,"range":0.8999999999999999,"density":1.2,"spray":15,"resist":1},"TYPE":{"PARENT":[null],"AI":{"FARMER":true},"INDEPENDENT":true,"index":24},"LABEL":5}}],"index":258} 
15:55:42.187 ERROR Cannot read property 'PARENT' of undefined
TypeError: Cannot read property 'PARENT' of undefined
    at setNatural (/app/arrasio/src/server/server.js:1328:26)
    at setNatural (/app/arrasio/src/server/server.js:1330:25)
    at Array.forEach (<anonymous>)
    at new Gun (/app/arrasio/src/server/server.js:1327:30)
    at set.GUNS.forEach (/app/arrasio/src/server/server.js:2125:30)
    at Array.forEach (<anonymous>)
    at Entity.define (/app/arrasio/src/server/server.js:2124:22)
    at exportDefintionsToClient (/app/arrasio/src/server/server.js:3032:26)
    at Object.<anonymous> (/app/arrasio/src/server/server.js:3062:7)
    at Module._compile (module.js:653:30) 
15:55:42.187 ERROR brutalizer 
15:55:42.187 ERROR {"PARENT":[{"LABEL":"Unknown Class","TYPE":"tank","DAMAGE_CLASS":2,"DANGER":5,"MOTION_TYPE":"motor","FACING_TYPE":"toTarget","SIZE":12,"INVISIBLE":[0,0],"MAX_CHILDREN":0,"DAMAGE_EFFECTS":false,"BODY":{"ACCELERATION":1.6,"SPEED":5.25,"HEALTH":20,"DAMAGE":3,"PENETRATION":1.05,"SHIELD":8,"REGEN":0.025,"FOV":1,"DENSITY":0.5,"PUSHABILITY":0.9,"HETERO":3},"GUNS":[],"TURRETS":[],"GIVE_KILL_MESSAGE":true,"DRAW_HEALTH":true,"index":60,"mockup":{"body":{"type":7,"id":60,"index":60,"x":0,"y":0,"vx":0,"vy":0,"size":12,"rsize":12,"status":1,"health":1,"shield":1,"facing":0,"vfacing":0,"twiggle":false,"layer":5,"color":16,"name":"Unknown Class","score":0,"guns":[],"turrets":[],"alpha":1,"position":{"middle":{"x":0,"y":0},"axis":2,"points":[{"x":1,"y":0},{"x":-1,"y":0},{"x":0,"y":1}]}},"position":{"middle":{"x":0,"y":0},"axis":2,"points":[{"x":1,"y":0},{"x":-1,"y":0},{"x":0,"y":1}]}}}],"LABEL":"","BODY":{"DENSITY":0.3},"DANGER":7,"GUNS":[{"POSITION":[18,8,1,0,0,0,0],"PROPERTIES":{"SHOOT_SETTINGS":{"reload":18,"recoil":0.3024,"shudder":0.1,"size":1,"health":0.918,"damage":0.6075,"pen":0.9,"speed":4.680000000000001,"maxSpeed":0.7480000000000001,"range":0.8999999999999999,"density":1.2,"spray":15,"resist":1},"TYPE":{"LABEL":"Bullet","TYPE":"bullet","ACCEPTS_SCORE":false,"BODY":{"PENETRATION":1,"SPEED":3.75,"RANGE":90,"DENSITY":1.25,"HEALTH":0.165,"DAMAGE":6,"PUSHABILITY":0.3},"FACING_TYPE":"smoothWithMotion","CAN_GO_OUTSIDE_ROOM":true,"HITS_OWN_TYPE":"never","DIE_AT_RANGE":true,"index":15,"mockup":{"body":{"type":1,"id":15,"index":15,"x":0,"y":0,"vx":0,"vy":0,"size":1,"rsize":1,"status":1,"health":1,"shield":null,"facing":0,"vfacing":0,"twiggle":false,"layer":0,"color":16,"name":"Bullet","score":0,"guns":[],"turrets":[],"alpha":1,"position":{"middle":{"x":0,"y":0},"axis":2,"points":[{"x":1,"y":0},{"x":-1,"y":0},{"x":0,"y":1}]}},"position":{"middle":{"x":0,"y":0},"axis":2,"points":[{"x":1,"y":0},{"x":-1,"y":0},{"x":0,"y":1}]}}},"LABEL":"Front"}},{"POSITION":[7,7.5,0.6,7,-1,90,0],"PROPERTIES":{"SHOOT_SETTINGS":{"reload":18,"recoil":0.25,"shudder":0.05,"size":0.4,"health":1,"damage":0.75,"pen":1,"speed":4,"maxSpeed":1,"range":1,"density":1,"spray":5,"resist":1},"TYPE":[{"PARENT":[null],"AI":{"FARMER":true},"INDEPENDENT":true,"index":24}],"STAT_CALCULATOR":3}},{"POSITION":[7,7.5,0.6,7,1,-90,9],"PROPERTIES":{"SHOOT_SETTINGS":{"reload":18,"recoil":0.25,"shudder":0.05,"size":0.4,"health":1,"damage":0.75,"pen":1,"speed":4,"maxSpeed":1,"range":1,"density":1,"spray":5,"resist":1},"TYPE":[{"PARENT":[null],"AI":{"FARMER":true},"INDEPENDENT":true,"index":24}],"STAT_CALCULATOR":3}},{"POSITION":[16,8,1,0,0,150,0.1],"PROPERTIES":{"SHOOT_SETTINGS":{"reload":18,"recoil":2.268,"shudder":0.2,"size":1,"health":0.459,"damage":0.30375,"pen":0.63,"speed":3.6,"maxSpeed":0.68,"range":0.6,"density":1.2,"spray":7.5,"resist":0.7},"TYPE":{"LABEL":"Bullet","TYPE":"bullet","ACCEPTS_SCORE":false,"BODY":{"PENETRATION":1,"SPEED":3.75,"RANGE":90,"DENSITY":1.25,"HEALTH":0.165,"DAMAGE":6,"PUSHABILITY":0.3},"FACING_TYPE":"smoothWithMotion","CAN_GO_OUTSIDE_ROOM":true,"HITS_OWN_TYPE":"never","DIE_AT_RANGE":true,"index":15,"mockup":{"body":{"type":1,"id":15,"index":15,"x":0,"y":0,"vx":0,"vy":0,"size":1,"rsize":1,"status":1,"health":1,"shield":null,"facing":0,"vfacing":0,"twiggle":false,"layer":0,"color":16,"name":"Bullet","score":0,"guns":[],"turrets":[],"alpha":1,"position":{"middle":{"x":0,"y":0},"axis":2,"points":[{"x":1,"y":0},{"x":-1,"y":0},{"x":0,"y":1}]}},"position":{"middle":{"x":0,"y":0},"axis":2,"points":[{"x":1,"y":0},{"x":-1,"y":0},{"x":0,"y":1}]}}},"LABEL":5}},{"POSITION":[16,8,1,0,0,210,0.1],"PROPERTIES":{"SHOOT_SETTINGS":{"reload":18,"recoil":2.268,"shudder":0.2,"size":1,"health":0.459,"damage":0.30375,"pen":0.63,"speed":3.6,"maxSpeed":0.68,"range":0.6,"density":1.2,"spray":7.5,"resist":0.7},"TYPE":{"LABEL":"Bullet","TYPE":"bullet","ACCEPTS_SCORE":false,"BODY":{"PENETRATION":1,"SPEED":3.75,"RANGE":90,"DENSITY":1.25,"HEALTH":0.165,"DAMAGE":6,"PUSHABILITY":0.3},"FACING_TYPE":"smoothWithMotion","CAN_GO_OUTSIDE_ROOM":true,"HITS_OWN_TYPE":"never","DIE_AT_RANGE":true,"index":15,"mockup":{"body":{"type":1,"id":15,"index":15,"x":0,"y":0,"vx":0,"vy":0,"size":1,"rsize":1,"status":1,"health":1,"shield":null,"facing":0,"vfacing":0,"twiggle":false,"layer":0,"color":16,"name":"Bullet","score":0,"guns":[],"turrets":[],"alpha":1,"position":{"middle":{"x":0,"y":0},"axis":2,"points":[{"x":1,"y":0},{"x":-1,"y":0},{"x":0,"y":1}]}},"position":{"middle":{"x":0,"y":0},"axis":2,"points":[{"x":1,"y":0},{"x":-1,"y":0},{"x":0,"y":1}]}}},"LABEL":5}}],"index":262} 
15:56:01.507 ERROR Cannot read property 'PARENT' of undefined
TypeError: Cannot read property 'PARENT' of undefined
    at Entity.define (/app/arrasio/src/server/server.js:1928:17)
    at Entity.define (/app/arrasio/src/server/server.js:1930:22)
    at exportDefintionsToClient (/app/arrasio/src/server/server.js:3032:26)
    at Object.<anonymous> (/app/arrasio/src/server/server.js:3062:7)
    at Module._compile (module.js:653:30)
    at Object.Module._extensions..js (module.js:664:10)
    at Module.load (module.js:566:32)
    at tryModuleLoad (module.js:506:12)
    at Function.Module._load (module.js:498:3)
    at Function.Module.runMain (module.js:694:10) 
15:56:01.508 ERROR mothership_drone 
15:56:01.509 ERROR {"PARENT":[null],"AI":{"FARMER":true},"INDEPENDENT":true,"index":25} 
15:57:51.212 ERROR Cannot read property 'PARENT' of undefined
TypeError: Cannot read property 'PARENT' of undefined
    at Entity.define (/app/arrasio/src/server/server.js:1928:17)
    at Entity.define (/app/arrasio/src/server/server.js:1930:22)
    at exportDefintionsToClient (/app/arrasio/src/server/server.js:3032:26)
    at Object.<anonymous> (/app/arrasio/src/server/server.js:3062:7)
    at Module._compile (module.js:653:30)
    at Object.Module._extensions..js (module.js:664:10)
    at Module.load (module.js:566:32)
    at tryModuleLoad (module.js:506:12)
    at Function.Module._load (module.js:498:3)
    at Function.Module.runMain (module.js:694:10) 
15:57:51.213 ERROR mothership_drone 
15:57:51.214 ERROR {"PARENT":[null],"AI":{"FARMER":true},"INDEPENDENT":true,"index":25} 
15:58:28.625 ERROR Cannot read property 'PARENT' of undefined
TypeError: Cannot read property 'PARENT' of undefined
    at Entity.define (/app/arrasio/src/server/server.js:1928:17)
    at Entity.define (/app/arrasio/src/server/server.js:1930:22)
    at exportDefintionsToClient (/app/arrasio/src/server/server.js:3032:26)
    at Object.<anonymous> (/app/arrasio/src/server/server.js:3062:7)
    at Module._compile (module.js:653:30)
    at Object.Module._extensions..js (module.js:664:10)
    at Module.load (module.js:566:32)
    at tryModuleLoad (module.js:506:12)
    at Function.Module._load (module.js:498:3)
    at Function.Module.runMain (module.js:694:10) 
15:58:28.625 ERROR mothership_drone 
15:58:28.626 ERROR {"PARENT":[null],"AI":{"FARMER":true},"INDEPENDENT":true,"index":25} 
15:59:01.415 ERROR Cannot read property 'PARENT' of undefined
TypeError: Cannot read property 'PARENT' of undefined
    at Entity.define (/app/arrasio/src/server/server.js:1928:17)
    at Entity.define (/app/arrasio/src/server/server.js:1930:22)
    at exportDefintionsToClient (/app/arrasio/src/server/server.js:3032:26)
    at Object.<anonymous> (/app/arrasio/src/server/server.js:3062:7)
    at Module._compile (module.js:653:30)
    at Object.Module._extensions..js (module.js:664:10)
    at Module.load (module.js:566:32)
    at tryModuleLoad (module.js:506:12)
    at Function.Module._load (module.js:498:3)
    at Function.Module.runMain (module.js:694:10) 
15:59:01.415 ERROR mothership_drone 
15:59:01.417 ERROR {"PARENT":[null],"AI":{"FARMER":true},"INDEPENDENT":true,"index":25} 
15:59:16.218 ERROR Cannot read property 'PARENT' of undefined
TypeError: Cannot read property 'PARENT' of undefined
    at Entity.define (/app/arrasio/src/server/server.js:1928:17)
    at Entity.define (/app/arrasio/src/server/server.js:1930:22)
    at exportDefintionsToClient (/app/arrasio/src/server/server.js:3032:26)
    at Object.<anonymous> (/app/arrasio/src/server/server.js:3062:7)
    at Module._compile (module.js:653:30)
    at Object.Module._extensions..js (module.js:664:10)
    at Module.load (module.js:566:32)
    at tryModuleLoad (module.js:506:12)
    at Function.Module._load (module.js:498:3)
    at Function.Module.runMain (module.js:694:10) 
15:59:16.219 ERROR mothership_drone 
15:59:16.220 ERROR {"PARENT":[null],"AI":{"FARMER":true},"INDEPENDENT":true,"index":25} 
15:59:16.309 ERROR Cannot read property 'PARENT' of undefined
TypeError: Cannot read property 'PARENT' of undefined
    at setNatural (/app/arrasio/src/server/server.js:1328:26)
    at setNatural (/app/arrasio/src/server/server.js:1330:25)
    at Array.forEach (<anonymous>)
    at new Gun (/app/arrasio/src/server/server.js:1327:30)
    at set.GUNS.forEach (/app/arrasio/src/server/server.js:2125:30)
    at Array.forEach (<anonymous>)
    at Entity.define (/app/arrasio/src/server/server.js:2124:22)
    at exportDefintionsToClient (/app/arrasio/src/server/server.js:3032:26)
    at Object.<anonymous> (/app/arrasio/src/server/server.js:3062:7)
    at Module._compile (module.js:653:30) 
15:59:16.309 ERROR mothership 
15:59:16.310 ERROR {"PARENT":[{"LABEL":"Unknown Class","TYPE":"tank","DAMAGE_CLASS":2,"DANGER":5,"MOTION_TYPE":"motor","FACING_TYPE":"toTarget","SIZE":12,"INVISIBLE":[0,0],"MAX_CHILDREN":0,"DAMAGE_EFFECTS":false,"BODY":{"ACCELERATION":1.6,"SPEED":5.25,"HEALTH":20,"DAMAGE":3,"PENETRATION":1.05,"SHIELD":8,"REGEN":0.025,"FOV":1,"DENSITY":0.5,"PUSHABILITY":0.9,"HETERO":3},"GUNS":[],"TURRETS":[],"GIVE_KILL_MESSAGE":true,"DRAW_HEALTH":true,"index":61,"mockup":{"body":{"type":7,"id":61,"index":61,"x":0,"y":0,"vx":0,"vy":0,"size":12,"rsize":12,"status":1,"health":1,"shield":1,"facing":0,"vfacing":0,"twiggle":false,"layer":5,"color":16,"name":"Unknown Class","score":0,"guns":[],"turrets":[],"alpha":1,"position":{"middle":{"x":0,"y":0},"axis":2,"points":[{"x":1,"y":0},{"x":-1,"y":0},{"x":0,"y":1}]}},"position":{"middle":{"x":0,"y":0},"axis":2,"points":[{"x":1,"y":0},{"x":-1,"y":0},{"x":0,"y":1}]}}}],"LABEL":"Basic","GUNS":[{"POSITION":[4.3,3.1,1.2,8,0,22.5,1],"PROPERTIES":{"TYPE":{"PARENT":[null],"AI":{"FARMER":true},"INDEPENDENT":true,"index":25},"AUTOFIRE":true,"SYNCS_SKILLS":true,"STAT_CALCULATOR":2,"WAIT_TO_CYCLE":true,"MAX_CHILDREN":2}},{"POSITION":[4.3,3.1,1.2,8,0,45,0.0625],"PROPERTIES":{"TYPE":{"PARENT":[null],"AI":{"FARMER":true},"INDEPENDENT":true,"index":25},"AUTOFIRE":true,"SYNCS_SKILLS":true,"STAT_CALCULATOR":2,"WAIT_TO_CYCLE":true,"MAX_CHILDREN":2}},{"POSITION":[4.3,3.1,1.2,8,0,67.5,0.9375],"PROPERTIES":{"TYPE":[{"PARENT":[null],"AI":{"FARMER":true},"INDEPENDENT":true,"index":25},{"INDEPENDENT":true}],"AUTOFIRE":true,"SYNCS_SKILLS":true,"STAT_CALCULATOR":2,"WAIT_TO_CYCLE":true,"MAX_CHILDREN":2}},{"POSITION":[4.3,3.1,1.2,8,0,90,0.125],"PROPERTIES":{"TYPE":{"PARENT":[null],"AI":{"FARMER":true},"INDEPENDENT":true,"index":25},"AUTOFIRE":true,"SYNCS_SKILLS":true,"STAT_CALCULATOR":2,"WAIT_TO_CYCLE":true,"MAX_CHILDREN":2}},{"POSITION":[4.3,3.1,1.2,8,0,112.5,0.875],"PROPERTIES":{"TYPE":[{"PARENT":[null],"AI":{"FARMER":true},"INDEPENDENT":true,"index":25},{"INDEPENDENT":true}],"AUTOFIRE":true,"SYNCS_SKILLS":true,"STAT_CALCULATOR":2,"WAIT_TO_CYCLE":true,"MAX_CHILDREN":2}},{"POSITION":[4.3,3.1,1.2,8,0,135,0.1875],"PROPERTIES":{"TYPE":{"PARENT":[null],"AI":{"FARMER":true},"INDEPENDENT":true,"index":25},"AUTOFIRE":true,"SYNCS_SKILLS":true,"STAT_CALCULATOR":2,"WAIT_TO_CYCLE":true,"MAX_CHILDREN":2}},{"POSITION":[4.3,3.1,1.2,8,0,157.5,0.8125],"PROPERTIES":{"TYPE":[{"PARENT":[null],"AI":{"FARMER":true},"INDEPENDENT":true,"index":25},{"INDEPENDENT":true}],"AUTOFIRE":true,"SYNCS_SKILLS":true,"STAT_CALCULATOR":2,"WAIT_TO_CYCLE":true,"MAX_CHILDREN":2}},{"POSITION":[4.3,3.1,1.2,8,0,180,0.25],"PROPERTIES":{"TYPE":{"PARENT":[null],"AI":{"FARMER":true},"INDEPENDENT":true,"index":25},"AUTOFIRE":true,"SYNCS_SKILLS":true,"STAT_CALCULATOR":2,"WAIT_TO_CYCLE":true,"MAX_CHILDREN":2}},{"POSITION":[4.3,3.1,1.2,8,0,202.5,0.75],"PROPERTIES":{"TYPE":[{"PARENT":[null],"AI":{"FARMER":true},"INDEPENDENT":true,"index":25},{"INDEPENDENT":true}],"AUTOFIRE":true,"SYNCS_SKILLS":true,"STAT_CALCULATOR":2,"WAIT_TO_CYCLE":true,"MAX_CHILDREN":2}},{"POSITION":[4.3,3.1,1.2,8,0,225,0.3125],"PROPERTIES":{"TYPE":{"PARENT":[null],"AI":{"FARMER":true},"INDEPENDENT":true,"index":25},"AUTOFIRE":true,"SYNCS_SKILLS":true,"STAT_CALCULATOR":2,"WAIT_TO_CYCLE":true,"MAX_CHILDREN":2}},{"POSITION":[4.3,3.1,1.2,8,0,247.5,0.6875],"PROPERTIES":{"TYPE":[{"PARENT":[null],"AI":{"FARMER":true},"INDEPENDENT":true,"index":25},{"INDEPENDENT":true}],"AUTOFIRE":true,"SYNCS_SKILLS":true,"STAT_CALCULATOR":2,"WAIT_TO_CYCLE":true,"MAX_CHILDREN":2}},{"POSITION":[4.3,3.1,1.2,8,0,270,0.375],"PROPERTIES":{"TYPE":{"PARENT":[null],"AI":{"FARMER":true},"INDEPENDENT":true,"index":25},"AUTOFIRE":true,"SYNCS_SKILLS":true,"STAT_CALCULATOR":2,"WAIT_TO_CYCLE":true,"MAX_CHILDREN":2}},{"POSITION":[4.3,3.1,1.2,8,0,292.5,0.625],"PROPERTIES":{"TYPE":[{"PARENT":[null],"AI":{"FARMER":true},"INDEPENDENT":true,"index":25},{"INDEPENDENT":true}],"AUTOFIRE":true,"SYNCS_SKILLS":true,"STAT_CALCULATOR":2,"WAIT_TO_CYCLE":true,"MAX_CHILDREN":2}},{"POSITION":[4.3,3.1,1.2,8,0,315,0.4375],"PROPERTIES":{"TYPE":{"PARENT":[null],"AI":{"FARMER":true},"INDEPENDENT":true,"index":25},"AUTOFIRE":true,"SYNCS_SKILLS":true,"STAT_CALCULATOR":2,"WAIT_TO_CYCLE":true,"MAX_CHILDREN":2}},{"POSITION":[4.3,3.1,1.2,8,0,337.5,0.5625],"PROPERTIES":{"TYPE":[{"PARENT":[null],"AI":{"FARMER":true},"INDEPENDENT":true,"index":25},{"INDEPENDENT":true}],"AUTOFIRE":true,"SYNCS_SKILLS":true,"STAT_CALCULATOR":2,"WAIT_TO_CYCLE":true,"MAX_CHILDREN":2}},{"POSITION":[4.3,3.1,1.2,8,0,360,0.5],"PROPERTIES":{"TYPE":{"PARENT":[null],"AI":{"FARMER":true},"INDEPENDENT":true,"index":25},"AUTOFIRE":true,"SYNCS_SKILLS":true,"STAT_CALCULATOR":2,"WAIT_TO_CYCLE":true,"MAX_CHILDREN":2}}],"index":110} 
15:59:56.774 ERROR Cannot read property 'PARENT' of undefined
TypeError: Cannot read property 'PARENT' of undefined
    at Entity.define (/app/arrasio/src/server/server.js:1928:17)
    at Entity.define (/app/arrasio/src/server/server.js:1930:22)
    at exportDefintionsToClient (/app/arrasio/src/server/server.js:3032:26)
    at Object.<anonymous> (/app/arrasio/src/server/server.js:3062:7)
    at Module._compile (module.js:653:30)
    at Object.Module._extensions..js (module.js:664:10)
    at Module.load (module.js:566:32)
    at tryModuleLoad (module.js:506:12)
    at Function.Module._load (module.js:498:3)
    at Function.Module.runMain (module.js:694:10) 
15:59:56.774 ERROR mothership_drone 
15:59:56.776 ERROR {"PARENT":[null],"AI":{"FARMER":true},"INDEPENDENT":true,"index":25} 
15:59:56.885 ERROR Cannot read property 'PARENT' of undefined
TypeError: Cannot read property 'PARENT' of undefined
    at setNatural (/app/arrasio/src/server/server.js:1328:26)
    at setNatural (/app/arrasio/src/server/server.js:1330:25)
    at Array.forEach (<anonymous>)
    at new Gun (/app/arrasio/src/server/server.js:1327:30)
    at set.GUNS.forEach (/app/arrasio/src/server/server.js:2125:30)
    at Array.forEach (<anonymous>)
    at Entity.define (/app/arrasio/src/server/server.js:2124:22)
    at exportDefintionsToClient (/app/arrasio/src/server/server.js:3032:26)
    at Object.<anonymous> (/app/arrasio/src/server/server.js:3062:7)
    at Module._compile (module.js:653:30) 
15:59:56.886 ERROR mothership 
15:59:56.886 ERROR {"PARENT":[{"LABEL":"Unknown Class","TYPE":"tank","DAMAGE_CLASS":2,"DANGER":5,"MOTION_TYPE":"motor","FACING_TYPE":"toTarget","SIZE":12,"INVISIBLE":[0,0],"MAX_CHILDREN":0,"DAMAGE_EFFECTS":false,"BODY":{"ACCELERATION":1.6,"SPEED":5.25,"HEALTH":20,"DAMAGE":3,"PENETRATION":1.05,"SHIELD":8,"REGEN":0.025,"FOV":1,"DENSITY":0.5,"PUSHABILITY":0.9,"HETERO":3},"GUNS":[],"TURRETS":[],"GIVE_KILL_MESSAGE":true,"DRAW_HEALTH":true,"index":61,"mockup":{"body":{"type":7,"id":61,"index":61,"x":0,"y":0,"vx":0,"vy":0,"size":12,"rsize":12,"status":1,"health":1,"shield":1,"facing":0,"vfacing":0,"twiggle":false,"layer":5,"color":16,"name":"Unknown Class","score":0,"guns":[],"turrets":[],"alpha":1,"position":{"middle":{"x":0,"y":0},"axis":2,"points":[{"x":1,"y":0},{"x":-1,"y":0},{"x":0,"y":1}]}},"position":{"middle":{"x":0,"y":0},"axis":2,"points":[{"x":1,"y":0},{"x":-1,"y":0},{"x":0,"y":1}]}}}],"LABEL":"Basic","GUNS":[{"POSITION":[4.3,3.1,1.2,8,0,22.5,1],"PROPERTIES":{"SHOOT_SETTINGS":{"reload":75,"recoil":0.25,"shudder":0.1,"size":0.525,"health":0.7,"damage":1,"pen":0.95,"speed":2,"maxSpeed":0.9,"range":1,"density":2,"spray":0.1,"resist":1},"TYPE":{"PARENT":[null],"AI":{"FARMER":true},"INDEPENDENT":true,"index":25},"AUTOFIRE":true,"SYNCS_SKILLS":true,"STAT_CALCULATOR":2,"WAIT_TO_CYCLE":true,"MAX_CHILDREN":2}},{"POSITION":[4.3,3.1,1.2,8,0,45,0.0625],"PROPERTIES":{"SHOOT_SETTINGS":{"reload":75,"recoil":0.25,"shudder":0.1,"size":0.525,"health":0.7,"damage":1,"pen":0.95,"speed":2,"maxSpeed":0.9,"range":1,"density":2,"spray":0.1,"resist":1},"TYPE":{"PARENT":[null],"AI":{"FARMER":true},"INDEPENDENT":true,"index":25},"AUTOFIRE":true,"SYNCS_SKILLS":true,"STAT_CALCULATOR":2,"WAIT_TO_CYCLE":true,"MAX_CHILDREN":2}},{"POSITION":[4.3,3.1,1.2,8,0,67.5,0.9375],"PROPERTIES":{"SHOOT_SETTINGS":{"reload":75,"recoil":0.25,"shudder":0.1,"size":0.525,"health":0.7,"damage":1,"pen":0.95,"speed":2,"maxSpeed":0.9,"range":1,"density":2,"spray":0.1,"resist":1},"TYPE":[{"PARENT":[null],"AI":{"FARMER":true},"INDEPENDENT":true,"index":25},{"INDEPENDENT":true}],"AUTOFIRE":true,"SYNCS_SKILLS":true,"STAT_CALCULATOR":2,"WAIT_TO_CYCLE":true,"MAX_CHILDREN":2}},{"POSITION":[4.3,3.1,1.2,8,0,90,0.125],"PROPERTIES":{"SHOOT_SETTINGS":{"reload":75,"recoil":0.25,"shudder":0.1,"size":0.525,"health":0.7,"damage":1,"pen":0.95,"speed":2,"maxSpeed":0.9,"range":1,"density":2,"spray":0.1,"resist":1},"TYPE":{"PARENT":[null],"AI":{"FARMER":true},"INDEPENDENT":true,"index":25},"AUTOFIRE":true,"SYNCS_SKILLS":true,"STAT_CALCULATOR":2,"WAIT_TO_CYCLE":true,"MAX_CHILDREN":2}},{"POSITION":[4.3,3.1,1.2,8,0,112.5,0.875],"PROPERTIES":{"SHOOT_SETTINGS":{"reload":75,"recoil":0.25,"shudder":0.1,"size":0.525,"health":0.7,"damage":1,"pen":0.95,"speed":2,"maxSpeed":0.9,"range":1,"density":2,"spray":0.1,"resist":1},"TYPE":[{"PARENT":[null],"AI":{"FARMER":true},"INDEPENDENT":true,"index":25},{"INDEPENDENT":true}],"AUTOFIRE":true,"SYNCS_SKILLS":true,"STAT_CALCULATOR":2,"WAIT_TO_CYCLE":true,"MAX_CHILDREN":2}},{"POSITION":[4.3,3.1,1.2,8,0,135,0.1875],"PROPERTIES":{"SHOOT_SETTINGS":{"reload":75,"recoil":0.25,"shudder":0.1,"size":0.525,"health":0.7,"damage":1,"pen":0.95,"speed":2,"maxSpeed":0.9,"range":1,"density":2,"spray":0.1,"resist":1},"TYPE":{"PARENT":[null],"AI":{"FARMER":true},"INDEPENDENT":true,"index":25},"AUTOFIRE":true,"SYNCS_SKILLS":true,"STAT_CALCULATOR":2,"WAIT_TO_CYCLE":true,"MAX_CHILDREN":2}},{"POSITION":[4.3,3.1,1.2,8,0,157.5,0.8125],"PROPERTIES":{"SHOOT_SETTINGS":{"reload":75,"recoil":0.25,"shudder":0.1,"size":0.525,"health":0.7,"damage":1,"pen":0.95,"speed":2,"maxSpeed":0.9,"range":1,"density":2,"spray":0.1,"resist":1},"TYPE":[{"PARENT":[null],"AI":{"FARMER":true},"INDEPENDENT":true,"index":25},{"INDEPENDENT":true}],"AUTOFIRE":true,"SYNCS_SKILLS":true,"STAT_CALCULATOR":2,"WAIT_TO_CYCLE":true,"MAX_CHILDREN":2}},{"POSITION":[4.3,3.1,1.2,8,0,180,0.25],"PROPERTIES":{"SHOOT_SETTINGS":{"reload":75,"recoil":0.25,"shudder":0.1,"size":0.525,"health":0.7,"damage":1,"pen":0.95,"speed":2,"maxSpeed":0.9,"range":1,"density":2,"spray":0.1,"resist":1},"TYPE":{"PARENT":[null],"AI":{"FARMER":true},"INDEPENDENT":true,"index":25},"AUTOFIRE":true,"SYNCS_SKILLS":true,"STAT_CALCULATOR":2,"WAIT_TO_CYCLE":true,"MAX_CHILDREN":2}},{"POSITION":[4.3,3.1,1.2,8,0,202.5,0.75],"PROPERTIES":{"SHOOT_SETTINGS":{"reload":75,"recoil":0.25,"shudder":0.1,"size":0.525,"health":0.7,"damage":1,"pen":0.95,"speed":2,"maxSpeed":0.9,"range":1,"density":2,"spray":0.1,"resist":1},"TYPE":[{"PARENT":[null],"AI":{"FARMER":true},"INDEPENDENT":true,"index":25},{"INDEPENDENT":true}],"AUTOFIRE":true,"SYNCS_SKILLS":true,"STAT_CALCULATOR":2,"WAIT_TO_CYCLE":true,"MAX_CHILDREN":2}},{"POSITION":[4.3,3.1,1.2,8,0,225,0.3125],"PROPERTIES":{"SHOOT_SETTINGS":{"reload":75,"recoil":0.25,"shudder":0.1,"size":0.525,"health":0.7,"damage":1,"pen":0.95,"speed":2,"maxSpeed":0.9,"range":1,"density":2,"spray":0.1,"resist":1},"TYPE":{"PARENT":[null],"AI":{"FARMER":true},"INDEPENDENT":true,"index":25},"AUTOFIRE":true,"SYNCS_SKILLS":true,"STAT_CALCULATOR":2,"WAIT_TO_CYCLE":true,"MAX_CHILDREN":2}},{"POSITION":[4.3,3.1,1.2,8,0,247.5,0.6875],"PROPERTIES":{"SHOOT_SETTINGS":{"reload":75,"recoil":0.25,"shudder":0.1,"size":0.525,"health":0.7,"damage":1,"pen":0.95,"speed":2,"maxSpeed":0.9,"range":1,"density":2,"spray":0.1,"resist":1},"TYPE":[{"PARENT":[null],"AI":{"FARMER":true},"INDEPENDENT":true,"index":25},{"INDEPENDENT":true}],"AUTOFIRE":true,"SYNCS_SKILLS":true,"STAT_CALCULATOR":2,"WAIT_TO_CYCLE":true,"MAX_CHILDREN":2}},{"POSITION":[4.3,3.1,1.2,8,0,270,0.375],"PROPERTIES":{"SHOOT_SETTINGS":{"reload":75,"recoil":0.25,"shudder":0.1,"size":0.525,"health":0.7,"damage":1,"pen":0.95,"speed":2,"maxSpeed":0.9,"range":1,"density":2,"spray":0.1,"resist":1},"TYPE":{"PARENT":[null],"AI":{"FARMER":true},"INDEPENDENT":true,"index":25},"AUTOFIRE":true,"SYNCS_SKILLS":true,"STAT_CALCULATOR":2,"WAIT_TO_CYCLE":true,"MAX_CHILDREN":2}},{"POSITION":[4.3,3.1,1.2,8,0,292.5,0.625],"PROPERTIES":{"SHOOT_SETTINGS":{"reload":75,"recoil":0.25,"shudder":0.1,"size":0.525,"health":0.7,"damage":1,"pen":0.95,"speed":2,"maxSpeed":0.9,"range":1,"density":2,"spray":0.1,"resist":1},"TYPE":[{"PARENT":[null],"AI":{"FARMER":true},"INDEPENDENT":true,"index":25},{"INDEPENDENT":true}],"AUTOFIRE":true,"SYNCS_SKILLS":true,"STAT_CALCULATOR":2,"WAIT_TO_CYCLE":true,"MAX_CHILDREN":2}},{"POSITION":[4.3,3.1,1.2,8,0,315,0.4375],"PROPERTIES":{"SHOOT_SETTINGS":{"reload":75,"recoil":0.25,"shudder":0.1,"size":0.525,"health":0.7,"damage":1,"pen":0.95,"speed":2,"maxSpeed":0.9,"range":1,"density":2,"spray":0.1,"resist":1},"TYPE":{"PARENT":[null],"AI":{"FARMER":true},"INDEPENDENT":true,"index":25},"AUTOFIRE":true,"SYNCS_SKILLS":true,"STAT_CALCULATOR":2,"WAIT_TO_CYCLE":true,"MAX_CHILDREN":2}},{"POSITION":[4.3,3.1,1.2,8,0,337.5,0.5625],"PROPERTIES":{"SHOOT_SETTINGS":{"reload":75,"recoil":0.25,"shudder":0.1,"size":0.525,"health":0.7,"damage":1,"pen":0.95,"speed":2,"maxSpeed":0.9,"range":1,"density":2,"spray":0.1,"resist":1},"TYPE":[{"PARENT":[null],"AI":{"FARMER":true},"INDEPENDENT":true,"index":25},{"INDEPENDENT":true}],"AUTOFIRE":true,"SYNCS_SKILLS":true,"STAT_CALCULATOR":2,"WAIT_TO_CYCLE":true,"MAX_CHILDREN":2}},{"POSITION":[4.3,3.1,1.2,8,0,360,0.5],"PROPERTIES":{"SHOOT_SETTINGS":{"reload":75,"recoil":0.25,"shudder":0.1,"size":0.525,"health":0.7,"damage":1,"pen":0.95,"speed":2,"maxSpeed":0.9,"range":1,"density":2,"spray":0.1,"resist":1},"TYPE":{"PARENT":[null],"AI":{"FARMER":true},"INDEPENDENT":true,"index":25},"AUTOFIRE":true,"SYNCS_SKILLS":true,"STAT_CALCULATOR":2,"WAIT_TO_CYCLE":true,"MAX_CHILDREN":2}}],"index":110} 
16:00:56.790 ERROR Cannot read property 'PARENT' of undefined
TypeError: Cannot read property 'PARENT' of undefined
    at Entity.define (/app/arrasio/src/server/server.js:1928:17)
    at Entity.define (/app/arrasio/src/server/server.js:1930:22)
    at exportDefintionsToClient (/app/arrasio/src/server/server.js:3032:26)
    at Object.<anonymous> (/app/arrasio/src/server/server.js:3062:7)
    at Module._compile (module.js:653:30)
    at Object.Module._extensions..js (module.js:664:10)
    at Module.load (module.js:566:32)
    at tryModuleLoad (module.js:506:12)
    at Function.Module._load (module.js:498:3)
    at Function.Module.runMain (module.js:694:10) 
16:00:56.791 ERROR mothership_drone 
16:00:56.793 ERROR {"PARENT":[null],"AI":{"FARMER":true},"INDEPENDENT":true,"index":25} 
