01:34:15.266 ERROR Cannot read property 'PARENT' of undefined
TypeError: Cannot read property 'PARENT' of undefined
    at Entity.define (/app/arrasio/src/server/server.js:1887:17)
    at Entity.define (/app/arrasio/src/server/server.js:1889:22)
    at exportDefintionsToClient (/app/arrasio/src/server/server.js:2977:26)
    at Object.<anonymous> (/app/arrasio/src/server/server.js:3007:7)
    at Module._compile (module.js:652:30)
    at Object.Module._extensions..js (module.js:663:10)
    at Module.load (module.js:565:32)
    at tryModuleLoad (module.js:505:12)
    at Function.Module._load (module.js:497:3)
    at Function.Module.runMain (module.js:693:10) 
01:34:15.266 ERROR gen 
01:34:15.268 ERROR {"PARENT":[null],"LABEL":"Generator","STAT_NAMES":6,"DANGER":6,"SHAPE":4,"GUNS":[{"POSITION":[13,8,1,0,0,0,0]},{"POSITION":[4,8,1.7,13,0,0,0],"PROPERTIES":{"SHOOT_SETTINGS":{"reload":36.1,"recoil":1,"shudder":0.25,"size":0.6,"health":1,"damage":0.75,"pen":1,"speed":5,"maxSpeed":1,"range":1,"density":1,"spray":15,"resist":3},"TYPE":{"LABEL":"Thrown Trap","TYPE":"trap","ACCEPTS_SCORE":false,"SHAPE":-3,"MOTION_TYPE":"glide","FACING_TYPE":"turnWithSpeed","HITS_OWN_TYPE":"push","DIE_AT_RANGE":true,"BODY":{"HEALTH":0.5,"DAMAGE":3,"RANGE":450,"DENSITY":2.5,"RESIST":2.5,"SPEED":0},"index":23,"mockup":{"body":{"type":1,"id":23,"index":23,"x":0,"y":0,"vx":0,"vy":0,"size":1,"rsize":1.555120301556214,"status":1,"health":1,"shield":null,"facing":0,"vfacing":0,"twiggle":false,"layer":0,"color":16,"name":"Thrown Trap","score":0,"guns":[],"turrets":[],"alpha":1,"position":{"middle":{"x":0,"y":0},"axis":3.11024,"points":[{"x":1.55512,"y":0},{"x":-0.77756,"y":-1.34677},{"x":-0.77756,"y":1.34677}]}},"position":{"middle":{"x":0,"y":0},"axis":3.11024,"points":[{"x":1.55512,"y":0},{"x":-0.77756,"y":-1.34677},{"x":-0.77756,"y":1.34677}]}}},"STAT_CALCULATOR":8}}],"index":25} 
01:34:47.751 ERROR Cannot read property 'PARENT' of undefined
TypeError: Cannot read property 'PARENT' of undefined
    at Entity.define (/app/arrasio/src/server/server.js:1887:17)
    at Entity.define (/app/arrasio/src/server/server.js:1889:22)
    at exportDefintionsToClient (/app/arrasio/src/server/server.js:2977:26)
    at Object.<anonymous> (/app/arrasio/src/server/server.js:3007:7)
    at Module._compile (module.js:652:30)
    at Object.Module._extensions..js (module.js:663:10)
    at Module.load (module.js:565:32)
    at tryModuleLoad (module.js:505:12)
    at Function.Module._load (module.js:497:3)
    at Function.Module.runMain (module.js:693:10) 
01:34:47.751 ERROR gen 
01:34:47.753 ERROR {"PARENT":[null],"LABEL":"Generator","STAT_NAMES":6,"DANGER":6,"GUNS":[{"POSITION":[13,8,1,0,0,0,0]},{"POSITION":[4,8,1.7,13,0,0,0],"PROPERTIES":{"SHOOT_SETTINGS":{"reload":36.1,"recoil":1,"shudder":0.25,"size":0.6,"health":1,"damage":0.75,"pen":1,"speed":5,"maxSpeed":1,"range":1,"density":1,"spray":15,"resist":3},"TYPE":{"LABEL":"Thrown Trap","TYPE":"trap","ACCEPTS_SCORE":false,"SHAPE":-3,"MOTION_TYPE":"glide","FACING_TYPE":"turnWithSpeed","HITS_OWN_TYPE":"push","DIE_AT_RANGE":true,"BODY":{"HEALTH":0.5,"DAMAGE":3,"RANGE":450,"DENSITY":2.5,"RESIST":2.5,"SPEED":0},"index":23,"mockup":{"body":{"type":1,"id":23,"index":23,"x":0,"y":0,"vx":0,"vy":0,"size":1,"rsize":1.555120301556214,"status":1,"health":1,"shield":null,"facing":0,"vfacing":0,"twiggle":false,"layer":0,"color":16,"name":"Thrown Trap","score":0,"guns":[],"turrets":[],"alpha":1,"position":{"middle":{"x":0,"y":0},"axis":3.11024,"points":[{"x":1.55512,"y":0},{"x":-0.77756,"y":-1.34677},{"x":-0.77756,"y":1.34677}]}},"position":{"middle":{"x":0,"y":0},"axis":3.11024,"points":[{"x":1.55512,"y":0},{"x":-0.77756,"y":-1.34677},{"x":-0.77756,"y":1.34677}]}}},"STAT_CALCULATOR":8}}],"index":25} 
22:45:19.229 ERROR Cannot read property 'PARENT' of undefined
TypeError: Cannot read property 'PARENT' of undefined
    at Entity.define (/app/arrasio/src/server/server.js:1887:17)
    at Entity.define (/app/arrasio/src/server/server.js:1889:22)
    at exportDefintionsToClient (/app/arrasio/src/server/server.js:2978:26)
    at Object.<anonymous> (/app/arrasio/src/server/server.js:3008:7)
    at Module._compile (module.js:652:30)
    at Object.Module._extensions..js (module.js:663:10)
    at Module.load (module.js:565:32)
    at tryModuleLoad (module.js:505:12)
    at Function.Module._load (module.js:497:3)
    at Function.Module.runMain (module.js:693:10) 
22:45:19.229 ERROR Dominator 
22:45:19.231 ERROR {"PARENT":[null],"LABEL":"Dominator","SIZE":64,"DAMAGE_CLASS":0,"ACCEPTS_SCORE":false,"SKILL":[9,9,9,9,9,0,0,0,0,0],"BODY":{"SPEED":0,"HEALTH":10000,"DAMAGE":10,"PENETRATION":0.25,"SHIELD":1000,"REGEN":100,"FOV":1,"PUSHABILITY":0,"HETERO":0},"CONTROLLERS":["nearestDifferentMaster"],"TURRETS":[{"POSITION":[25,0,0,0,360,0]}],"GUNS":[{"POSITION":[15.25,6.75,1,0,0,0,0],"PROPERTIES":{"TYPE":{"LABEL":"Bullet","TYPE":"bullet","ACCEPTS_SCORE":false,"BODY":{"PENETRATION":1,"SPEED":3.75,"RANGE":90,"DENSITY":1.25,"HEALTH":0.165,"DAMAGE":6,"PUSHABILITY":0.3},"FACING_TYPE":"smoothWithMotion","CAN_GO_OUTSIDE_ROOM":true,"HITS_OWN_TYPE":"never","DIE_AT_RANGE":true,"index":14,"mockup":{"body":{"type":1,"id":14,"index":14,"x":0,"y":0,"vx":0,"vy":0,"size":1,"rsize":1,"status":1,"health":1,"shield":null,"facing":0,"vfacing":0,"twiggle":false,"layer":0,"color":16,"name":"Bullet","score":0,"guns":[],"turrets":[],"alpha":1,"position":{"middle":{"x":0,"y":0},"axis":2,"points":[{"x":1,"y":0},{"x":-1,"y":0},{"x":0,"y":1}]}},"position":{"middle":{"x":0,"y":0},"axis":2,"points":[{"x":1,"y":0},{"x":-1,"y":0},{"x":0,"y":1}]}}}}},{"POSITION":[5,6.75,-1.6,6.75,0,0,0]}],"index":53} 
23:10:02.542 WARN  ~~ LOOPS: 25. ENTITY #: 61//3. VIEW #: 0. BACKLOGGED :: 158.280%! ~~ 
23:10:02.542 WARN  Total activation time: 8 
23:10:02.542 WARN  Total collision time: 3 
23:10:02.542 WARN  Total cycle time: 1308 
23:10:02.542 WARN  Total player update time: 0 
23:10:02.542 WARN  Total lb+minimap processing time: 0 
23:10:02.542 WARN  Total entity physics calculation time: 2 
23:10:02.542 WARN  Total entity life+thought cycle time: 1294 
23:10:02.542 WARN  Total entity selfie-taking time: 1 
23:10:02.542 WARN  Total time: 2616 
23:10:40.700 WARN  ~~ LOOPS: 25. ENTITY #: 55//3. VIEW #: 0. BACKLOGGED :: 171.600%! ~~ 
23:10:40.700 WARN  Total activation time: 6 
23:10:40.700 WARN  Total collision time: 3 
23:10:40.700 WARN  Total cycle time: 1421 
23:10:40.700 WARN  Total player update time: 0 
23:10:40.700 WARN  Total lb+minimap processing time: 0 
23:10:40.700 WARN  Total entity physics calculation time: 4 
23:10:40.700 WARN  Total entity life+thought cycle time: 1409 
23:10:40.700 WARN  Total entity selfie-taking time: 1 
23:10:40.700 WARN  Total time: 2844 
23:11:01.103 WARN  ~~ LOOPS: 2. ENTITY #: 53//5. VIEW #: 1. BACKLOGGED :: 2167.500%! ~~ 
23:11:01.103 WARN  Total activation time: 1 
23:11:01.103 WARN  Total collision time: 0 
23:11:01.103 WARN  Total cycle time: 1444 
23:11:01.103 WARN  Total player update time: 0 
23:11:01.103 WARN  Total lb+minimap processing time: 0 
23:11:01.104 WARN  Total entity physics calculation time: 0 
23:11:01.104 WARN  Total entity life+thought cycle time: 1444 
23:11:01.104 WARN  Total entity selfie-taking time: 0 
23:11:01.104 WARN  Total time: 2889 
23:12:12.308 WARN  ~~ LOOPS: 5. ENTITY #: 54//3. VIEW #: 0. BACKLOGGED :: 889.200%! ~~ 
23:12:12.308 WARN  Total activation time: 2 
23:12:12.308 WARN  Total collision time: 0 
23:12:12.308 WARN  Total cycle time: 1480 
23:12:12.308 WARN  Total player update time: 0 
23:12:12.308 WARN  Total lb+minimap processing time: 0 
23:12:12.308 WARN  Total entity physics calculation time: 0 
23:12:12.308 WARN  Total entity life+thought cycle time: 1478 
23:12:12.308 WARN  Total entity selfie-taking time: 1 
23:12:12.308 WARN  Total time: 2961 
