00:01:35.511 WARN  ~~ LOOPS: 13. ENTITY #: 433//79. VIEW #: 2. BACKLOGGED :: 104.077%! ~~ 
00:01:35.511 WARN  Total activation time: 26 
00:01:35.511 WARN  Total collision time: 178 
00:01:35.511 WARN  Total cycle time: 247 
00:01:35.511 WARN  Total player update time: 16 
00:01:35.511 WARN  Total lb+minimap processing time: 21 
00:01:35.511 WARN  Total entity physics calculation time: 46 
00:01:35.511 WARN  Total entity life+thought cycle time: 25 
00:01:35.511 WARN  Total entity selfie-taking time: 22 
00:01:35.511 WARN  Total time: 581 
00:02:35.909 WARN  ~~ LOOPS: 9. ENTITY #: 409//66. VIEW #: 2. BACKLOGGED :: 186.333%! ~~ 
00:02:35.909 WARN  Total activation time: 78 
00:02:35.909 WARN  Total collision time: 43 
00:02:35.909 WARN  Total cycle time: 438 
00:02:35.909 WARN  Total player update time: 166 
00:02:35.909 WARN  Total lb+minimap processing time: 46 
00:02:35.909 WARN  Total entity physics calculation time: 29 
00:02:35.910 WARN  Total entity life+thought cycle time: 198 
00:02:35.910 WARN  Total entity selfie-taking time: 7 
00:02:35.910 WARN  Total time: 1005 
00:03:05.256 WARN  ~~ LOOPS: 14. ENTITY #: 410//75. VIEW #: 2. BACKLOGGED :: 105.429%! ~~ 
00:03:05.256 WARN  Total activation time: 63 
00:03:05.256 WARN  Total collision time: 6 
00:03:05.256 WARN  Total cycle time: 423 
00:03:05.256 WARN  Total player update time: 39 
00:03:05.257 WARN  Total lb+minimap processing time: 116 
00:03:05.257 WARN  Total entity physics calculation time: 186 
00:03:05.257 WARN  Total entity life+thought cycle time: 96 
00:03:05.257 WARN  Total entity selfie-taking time: 30 
00:03:05.257 WARN  Total time: 959 
00:03:35.454 WARN  ~~ LOOPS: 14. ENTITY #: 408//76. VIEW #: 2. BACKLOGGED :: 102.643%! ~~ 
00:03:35.454 WARN  Total activation time: 56 
00:03:35.454 WARN  Total collision time: 6 
00:03:35.454 WARN  Total cycle time: 416 
00:03:35.454 WARN  Total player update time: 50 
00:03:35.454 WARN  Total lb+minimap processing time: 90 
00:03:35.454 WARN  Total entity physics calculation time: 74 
00:03:35.454 WARN  Total entity life+thought cycle time: 139 
00:03:35.455 WARN  Total entity selfie-taking time: 15 
00:03:35.455 WARN  Total time: 846 
00:05:34.886 WARN  ~~ LOOPS: 14. ENTITY #: 392//54. VIEW #: 1. BACKLOGGED :: 102.000%! ~~ 
00:05:34.886 WARN  Total activation time: 104 
00:05:34.886 WARN  Total collision time: 4 
00:05:34.886 WARN  Total cycle time: 368 
00:05:34.886 WARN  Total player update time: 25 
00:05:34.886 WARN  Total lb+minimap processing time: 100 
00:05:34.886 WARN  Total entity physics calculation time: 65 
00:05:34.886 WARN  Total entity life+thought cycle time: 70 
00:05:34.886 WARN  Total entity selfie-taking time: 41 
00:05:34.887 WARN  Total time: 777 
00:06:18.655 WARN  ~~ LOOPS: 15. ENTITY #: 390//148. VIEW #: 1. BACKLOGGED :: 101.000%! ~~ 
00:06:18.655 WARN  Total activation time: 66 
00:06:18.661 WARN  Total collision time: 24 
00:06:18.661 WARN  Total cycle time: 415 
00:06:18.661 WARN  Total player update time: 72 
00:06:18.661 WARN  Total lb+minimap processing time: 56 
00:06:18.661 WARN  Total entity physics calculation time: 67 
00:06:18.661 WARN  Total entity life+thought cycle time: 174 
00:06:18.661 WARN  Total entity selfie-taking time: 47 
00:06:18.662 WARN  Total time: 921 
00:06:19.830 WARN  ~~ LOOPS: 10. ENTITY #: 390//156. VIEW #: 1. BACKLOGGED :: 126.000%! ~~ 
00:06:19.830 WARN  Total activation time: 66 
00:06:19.830 WARN  Total collision time: 5 
00:06:19.830 WARN  Total cycle time: 349 
00:06:19.830 WARN  Total player update time: 76 
00:06:19.830 WARN  Total lb+minimap processing time: 125 
00:06:19.830 WARN  Total entity physics calculation time: 29 
00:06:19.830 WARN  Total entity life+thought cycle time: 100 
00:06:19.830 WARN  Total entity selfie-taking time: 82 
00:06:19.830 WARN  Total time: 832 
00:06:21.930 WARN  ~~ LOOPS: 14. ENTITY #: 382//158. VIEW #: 1. BACKLOGGED :: 104.786%! ~~ 
00:06:21.930 WARN  Total activation time: 32 
00:06:21.931 WARN  Total collision time: 28 
00:06:21.931 WARN  Total cycle time: 429 
00:06:21.931 WARN  Total player update time: 50 
00:06:21.931 WARN  Total lb+minimap processing time: 92 
00:06:21.931 WARN  Total entity physics calculation time: 44 
00:06:21.931 WARN  Total entity life+thought cycle time: 128 
00:06:21.931 WARN  Total entity selfie-taking time: 58 
00:06:21.931 WARN  Total time: 861 
00:06:23.059 WARN  ~~ LOOPS: 13. ENTITY #: 380//166. VIEW #: 1. BACKLOGGED :: 121.154%! ~~ 
00:06:23.060 WARN  Total activation time: 30 
00:06:23.060 WARN  Total collision time: 15 
00:06:23.064 WARN  Total cycle time: 480 
00:06:23.064 WARN  Total player update time: 76 
00:06:23.064 WARN  Total lb+minimap processing time: 90 
00:06:23.064 WARN  Total entity physics calculation time: 96 
00:06:23.065 WARN  Total entity life+thought cycle time: 194 
00:06:23.065 WARN  Total entity selfie-taking time: 46 
00:06:23.065 WARN  Total time: 1027 
00:06:27.580 WARN  ~~ LOOPS: 17. ENTITY #: 375//184. VIEW #: 1. BACKLOGGED :: 122.824%! ~~ 
00:06:27.580 WARN  Total activation time: 71 
00:06:27.580 WARN  Total collision time: 27 
00:06:27.580 WARN  Total cycle time: 598 
00:06:27.580 WARN  Total player update time: 68 
00:06:27.580 WARN  Total lb+minimap processing time: 62 
00:06:27.580 WARN  Total entity physics calculation time: 268 
00:06:27.580 WARN  Total entity life+thought cycle time: 110 
00:06:27.580 WARN  Total entity selfie-taking time: 25 
00:06:27.580 WARN  Total time: 1229 
00:06:34.591 WARN  ~~ LOOPS: 13. ENTITY #: 375//182. VIEW #: 1. BACKLOGGED :: 114.692%! ~~ 
00:06:34.591 WARN  Total activation time: 52 
00:06:34.591 WARN  Total collision time: 13 
00:06:34.591 WARN  Total cycle time: 421 
00:06:34.591 WARN  Total player update time: 27 
00:06:34.591 WARN  Total lb+minimap processing time: 87 
00:06:34.591 WARN  Total entity physics calculation time: 16 
00:06:34.591 WARN  Total entity life+thought cycle time: 196 
00:06:34.591 WARN  Total entity selfie-taking time: 30 
00:06:34.591 WARN  Total time: 842 
00:08:35.676 WARN  ~~ LOOPS: 12. ENTITY #: 333//23. VIEW #: 0. BACKLOGGED :: 136.500%! ~~ 
00:08:35.699 WARN  Total activation time: 57 
00:08:35.699 WARN  Total collision time: 0 
00:08:35.699 WARN  Total cycle time: 489 
00:08:35.699 WARN  Total player update time: 0 
00:08:35.700 WARN  Total lb+minimap processing time: 157 
00:08:35.700 WARN  Total entity physics calculation time: 180 
00:08:35.700 WARN  Total entity life+thought cycle time: 46 
00:08:35.700 WARN  Total entity selfie-taking time: 104 
00:08:35.705 WARN  Total time: 1033 
22:16:44.303 WARN  ~~ LOOPS: 14. ENTITY #: 493//194. VIEW #: 1. BACKLOGGED :: 113.786%! ~~ 
22:16:44.303 WARN  Total activation time: 76 
22:16:44.303 WARN  Total collision time: 42 
22:16:44.304 WARN  Total cycle time: 413 
22:16:44.304 WARN  Total player update time: 20 
22:16:44.304 WARN  Total lb+minimap processing time: 25 
22:16:44.304 WARN  Total entity physics calculation time: 40 
22:16:44.304 WARN  Total entity life+thought cycle time: 191 
22:16:44.304 WARN  Total entity selfie-taking time: 25 
22:16:44.304 WARN  Total time: 832 
22:20:44.315 WARN  ~~ LOOPS: 15. ENTITY #: 507//150. VIEW #: 1. BACKLOGGED :: 105.200%! ~~ 
22:20:44.315 WARN  Total activation time: 55 
22:20:44.316 WARN  Total collision time: 48 
22:20:44.316 WARN  Total cycle time: 422 
22:20:44.316 WARN  Total player update time: 33 
22:20:44.316 WARN  Total lb+minimap processing time: 35 
22:20:44.317 WARN  Total entity physics calculation time: 64 
22:20:44.317 WARN  Total entity life+thought cycle time: 147 
22:20:44.317 WARN  Total entity selfie-taking time: 70 
22:20:44.317 WARN  Total time: 874 
22:23:44.456 WARN  ~~ LOOPS: 13. ENTITY #: 503//169. VIEW #: 1. BACKLOGGED :: 122.077%! ~~ 
22:23:44.456 WARN  Total activation time: 140 
22:23:44.456 WARN  Total collision time: 71 
22:23:44.457 WARN  Total cycle time: 318 
22:23:44.457 WARN  Total player update time: 24 
22:23:44.457 WARN  Total lb+minimap processing time: 36 
22:23:44.457 WARN  Total entity physics calculation time: 86 
22:23:44.457 WARN  Total entity life+thought cycle time: 122 
22:23:44.457 WARN  Total entity selfie-taking time: 9 
22:23:44.457 WARN  Total time: 806 
22:43:15.127 WARN  ~~ LOOPS: 13. ENTITY #: 375//22. VIEW #: 0. BACKLOGGED :: 106.615%! ~~ 
22:43:15.127 WARN  Total activation time: 67 
22:43:15.127 WARN  Total collision time: 1 
22:43:15.127 WARN  Total cycle time: 394 
22:43:15.127 WARN  Total player update time: 0 
22:43:15.127 WARN  Total lb+minimap processing time: 43 
22:43:15.127 WARN  Total entity physics calculation time: 49 
22:43:15.127 WARN  Total entity life+thought cycle time: 99 
22:43:15.127 WARN  Total entity selfie-taking time: 8 
22:43:15.127 WARN  Total time: 661 
23:01:15.040 WARN  ~~ LOOPS: 10. ENTITY #: 376//23. VIEW #: 0. BACKLOGGED :: 114.300%! ~~ 
23:01:15.040 WARN  Total activation time: 78 
23:01:15.040 WARN  Total collision time: 0 
23:01:15.040 WARN  Total cycle time: 303 
23:01:15.040 WARN  Total player update time: 0 
23:01:15.040 WARN  Total lb+minimap processing time: 43 
23:01:15.040 WARN  Total entity physics calculation time: 76 
23:01:15.040 WARN  Total entity life+thought cycle time: 45 
23:01:15.040 WARN  Total entity selfie-taking time: 26 
23:01:15.041 WARN  Total time: 571 
23:01:45.329 WARN  ~~ LOOPS: 13. ENTITY #: 376//20. VIEW #: 0. BACKLOGGED :: 110.308%! ~~ 
23:01:45.329 WARN  Total activation time: 145 
23:01:45.329 WARN  Total collision time: 0 
23:01:45.330 WARN  Total cycle time: 333 
23:01:45.330 WARN  Total player update time: 0 
23:01:45.330 WARN  Total lb+minimap processing time: 20 
23:01:45.330 WARN  Total entity physics calculation time: 85 
23:01:45.330 WARN  Total entity life+thought cycle time: 58 
23:01:45.330 WARN  Total entity selfie-taking time: 12 
23:01:45.330 WARN  Total time: 653 
