09:30:07.768 WARN  Malformed command packet. Kicking. 1 warning. 
09:36:10.914 WARN  ~~ LOOPS: 11. ENTITY #: 472//81. VIEW #: 1. BACKLOGGED :: 176.727%! ~~ 
09:36:10.914 WARN  Total activation time: 16 
09:36:10.914 WARN  Total collision time: 2 
09:36:10.914 WARN  Total cycle time: 630 
09:36:10.914 WARN  Total player update time: 5 
09:36:10.914 WARN  Total lb+minimap processing time: 4 
09:36:10.914 WARN  Total entity physics calculation time: 8 
09:36:10.914 WARN  Total entity life+thought cycle time: 610 
09:36:10.914 WARN  Total entity selfie-taking time: 2 
09:36:10.914 WARN  Total time: 1277 
09:36:11.921 WARN  ~~ LOOPS: 11. ENTITY #: 476//93. VIEW #: 1. BACKLOGGED :: 170.455%! ~~ 
09:36:11.921 WARN  Total activation time: 15 
09:36:11.921 WARN  Total collision time: 1 
09:36:11.921 WARN  Total cycle time: 609 
09:36:11.921 WARN  Total player update time: 5 
09:36:11.921 WARN  Total lb+minimap processing time: 6 
09:36:11.921 WARN  Total entity physics calculation time: 4 
09:36:11.921 WARN  Total entity life+thought cycle time: 11 
09:36:11.921 WARN  Total entity selfie-taking time: 2 
09:36:11.921 WARN  Total time: 653 
09:36:12.927 WARN  ~~ LOOPS: 8. ENTITY #: 480//101. VIEW #: 1. BACKLOGGED :: 271.875%! ~~ 
09:36:12.927 WARN  Total activation time: 13 
09:36:12.927 WARN  Total collision time: 0 
09:36:12.927 WARN  Total cycle time: 712 
09:36:12.927 WARN  Total player update time: 2 
09:36:12.927 WARN  Total lb+minimap processing time: 4 
09:36:12.927 WARN  Total entity physics calculation time: 6 
09:36:12.927 WARN  Total entity life+thought cycle time: 7 
09:36:12.927 WARN  Total entity selfie-taking time: 1 
09:36:12.927 WARN  Total time: 745 
09:36:13.931 WARN  ~~ LOOPS: 10. ENTITY #: 481//99. VIEW #: 1. BACKLOGGED :: 197.700%! ~~ 
09:36:13.931 WARN  Total activation time: 14 
09:36:13.931 WARN  Total collision time: 1 
09:36:13.931 WARN  Total cycle time: 644 
09:36:13.931 WARN  Total player update time: 6 
09:36:13.931 WARN  Total lb+minimap processing time: 4 
09:36:13.931 WARN  Total entity physics calculation time: 2 
09:36:13.931 WARN  Total entity life+thought cycle time: 13 
09:36:13.931 WARN  Total entity selfie-taking time: 2 
09:36:13.931 WARN  Total time: 686 
09:36:14.935 WARN  ~~ LOOPS: 11. ENTITY #: 484//102. VIEW #: 1. BACKLOGGED :: 171.545%! ~~ 
09:36:14.935 WARN  Total activation time: 14 
09:36:14.935 WARN  Total collision time: 585 
09:36:14.935 WARN  Total cycle time: 30 
09:36:14.935 WARN  Total player update time: 4 
09:36:14.935 WARN  Total lb+minimap processing time: 3 
09:36:14.935 WARN  Total entity physics calculation time: 7 
09:36:14.935 WARN  Total entity life+thought cycle time: 5 
09:36:14.935 WARN  Total entity selfie-taking time: 2 
09:36:14.935 WARN  Total time: 650 
09:36:15.939 WARN  ~~ LOOPS: 12. ENTITY #: 489//104. VIEW #: 1. BACKLOGGED :: 148.250%! ~~ 
09:36:15.939 WARN  Total activation time: 16 
09:36:15.939 WARN  Total collision time: 2 
09:36:15.939 WARN  Total cycle time: 575 
09:36:15.939 WARN  Total player update time: 3 
09:36:15.939 WARN  Total lb+minimap processing time: 3 
09:36:15.939 WARN  Total entity physics calculation time: 16 
09:36:15.939 WARN  Total entity life+thought cycle time: 9 
09:36:15.939 WARN  Total entity selfie-taking time: 537 
09:36:15.939 WARN  Total time: 1161 
09:36:16.945 WARN  ~~ LOOPS: 10. ENTITY #: 492//98. VIEW #: 1. BACKLOGGED :: 201.000%! ~~ 
09:36:16.946 WARN  Total activation time: 15 
09:36:16.947 WARN  Total collision time: 6 
09:36:16.947 WARN  Total cycle time: 649 
09:36:16.947 WARN  Total player update time: 18 
09:36:16.947 WARN  Total lb+minimap processing time: 7 
09:36:16.947 WARN  Total entity physics calculation time: 625 
09:36:16.947 WARN  Total entity life+thought cycle time: 5 
09:36:16.947 WARN  Total entity selfie-taking time: 2 
09:36:16.947 WARN  Total time: 1327 
09:36:17.956 WARN  ~~ LOOPS: 9. ENTITY #: 490//100. VIEW #: 1. BACKLOGGED :: 240.667%! ~~ 
09:36:17.956 WARN  Total activation time: 684 
09:36:17.956 WARN  Total collision time: 4 
09:36:17.956 WARN  Total cycle time: 34 
09:36:17.956 WARN  Total player update time: 2 
09:36:17.956 WARN  Total lb+minimap processing time: 5 
09:36:17.956 WARN  Total entity physics calculation time: 13 
09:36:17.956 WARN  Total entity life+thought cycle time: 3 
09:36:17.956 WARN  Total entity selfie-taking time: 3 
09:36:17.956 WARN  Total time: 748 
09:36:18.960 WARN  ~~ LOOPS: 10. ENTITY #: 490//96. VIEW #: 1. BACKLOGGED :: 195.900%! ~~ 
09:36:18.960 WARN  Total activation time: 11 
09:36:18.960 WARN  Total collision time: 2 
09:36:18.960 WARN  Total cycle time: 640 
09:36:18.960 WARN  Total player update time: 7 
09:36:18.960 WARN  Total lb+minimap processing time: 4 
09:36:18.960 WARN  Total entity physics calculation time: 10 
09:36:18.960 WARN  Total entity life+thought cycle time: 4 
09:36:18.960 WARN  Total entity selfie-taking time: 1 
09:36:18.961 WARN  Total time: 679 
09:36:19.965 WARN  ~~ LOOPS: 11. ENTITY #: 494//96. VIEW #: 1. BACKLOGGED :: 170.727%! ~~ 
09:36:19.965 WARN  Total activation time: 15 
09:36:19.965 WARN  Total collision time: 3 
09:36:19.965 WARN  Total cycle time: 608 
09:36:19.965 WARN  Total player update time: 3 
09:36:19.965 WARN  Total lb+minimap processing time: 3 
09:36:19.965 WARN  Total entity physics calculation time: 8 
09:36:19.965 WARN  Total entity life+thought cycle time: 7 
09:36:19.965 WARN  Total entity selfie-taking time: 0 
09:36:19.965 WARN  Total time: 647 
09:36:20.973 WARN  ~~ LOOPS: 10. ENTITY #: 500//88. VIEW #: 1. BACKLOGGED :: 203.700%! ~~ 
09:36:20.973 WARN  Total activation time: 15 
09:36:20.973 WARN  Total collision time: 3 
09:36:20.973 WARN  Total cycle time: 661 
09:36:20.973 WARN  Total player update time: 5 
09:36:20.973 WARN  Total lb+minimap processing time: 6 
09:36:20.973 WARN  Total entity physics calculation time: 9 
09:36:20.973 WARN  Total entity life+thought cycle time: 10 
09:36:20.973 WARN  Total entity selfie-taking time: 2 
09:36:20.973 WARN  Total time: 711 
12:39:44.255 WARN  Malformed command packet. Kicking. 1 warning. 
12:39:44.383 WARN  Malformed command packet. Kicking. 2 warnings. 
12:40:40.692 WARN  Malformed command packet. Kicking. 1 warning. 
12:40:47.755 WARN  Malformed command packet. Kicking. 1 warning. 
12:40:47.926 WARN  Malformed command packet. Kicking. 2 warnings. 
12:45:07.163 WARN  ~~ LOOPS: 14. ENTITY #: 491//274. VIEW #: 1. BACKLOGGED :: 115.071%! ~~ 
12:45:07.163 WARN  Total activation time: 45 
12:45:07.163 WARN  Total collision time: 377 
12:45:07.163 WARN  Total cycle time: 115 
12:45:07.163 WARN  Total player update time: 27 
12:45:07.163 WARN  Total lb+minimap processing time: 17 
12:45:07.163 WARN  Total entity physics calculation time: 14 
12:45:07.163 WARN  Total entity life+thought cycle time: 32 
12:45:07.163 WARN  Total entity selfie-taking time: 15 
12:45:07.163 WARN  Total time: 642 
12:49:21.758 WARN  ~~ LOOPS: 2. ENTITY #: 11//0. VIEW #: 0. BACKLOGGED :: 1098.000%! ~~ 
12:49:21.758 WARN  Total activation time: 0 
12:49:21.758 WARN  Total collision time: 730 
12:49:21.758 WARN  Total cycle time: 2 
12:49:21.758 WARN  Total player update time: 0 
12:49:21.758 WARN  Total lb+minimap processing time: 2 
12:49:21.758 WARN  Total entity physics calculation time: 0 
12:49:21.758 WARN  Total entity life+thought cycle time: 0 
12:49:21.758 WARN  Total entity selfie-taking time: 0 
12:49:21.758 WARN  Total time: 734 
13:15:02.771 WARN  ~~ LOOPS: 7. ENTITY #: 25//0. VIEW #: 0. BACKLOGGED :: 293.143%! ~~ 
13:15:02.771 WARN  Total activation time: 684 
13:15:02.771 WARN  Total collision time: 0 
13:15:02.771 WARN  Total cycle time: 0 
13:15:02.772 WARN  Total player update time: 0 
13:15:02.772 WARN  Total lb+minimap processing time: 1 
13:15:02.772 WARN  Total entity physics calculation time: 0 
13:15:02.772 WARN  Total entity life+thought cycle time: 0 
13:15:02.772 WARN  Total entity selfie-taking time: 0 
13:15:02.772 WARN  Total time: 685 
13:21:11.853 WARN  ~~ LOOPS: 8. ENTITY #: 210//113. VIEW #: 1. BACKLOGGED :: 274.875%! ~~ 
13:21:11.854 WARN  Total activation time: 8 
13:21:11.854 WARN  Total collision time: 7 
13:21:11.854 WARN  Total cycle time: 718 
13:21:11.854 WARN  Total player update time: 22 
13:21:11.855 WARN  Total lb+minimap processing time: 6 
13:21:11.855 WARN  Total entity physics calculation time: 3 
13:21:11.855 WARN  Total entity life+thought cycle time: 7 
13:21:11.855 WARN  Total entity selfie-taking time: 701 
13:21:11.856 WARN  Total time: 1472 
13:21:12.859 WARN  ~~ LOOPS: 6. ENTITY #: 210//111. VIEW #: 1. BACKLOGGED :: 400.000%! ~~ 
13:21:12.859 WARN  Total activation time: 5 
13:21:12.859 WARN  Total collision time: 5 
13:21:12.860 WARN  Total cycle time: 790 
13:21:12.860 WARN  Total player update time: 33 
13:21:12.860 WARN  Total lb+minimap processing time: 4 
13:21:12.861 WARN  Total entity physics calculation time: 6 
13:21:12.861 WARN  Total entity life+thought cycle time: 774 
13:21:12.861 WARN  Total entity selfie-taking time: 2 
13:21:12.862 WARN  Total time: 1619 
13:32:31.021 WARN  ~~ LOOPS: 15. ENTITY #: 108//32. VIEW #: 1. BACKLOGGED :: 101.800%! ~~ 
13:32:31.021 WARN  Total activation time: 4 
13:32:31.021 WARN  Total collision time: 19 
13:32:31.021 WARN  Total cycle time: 486 
13:32:31.021 WARN  Total player update time: 8 
13:32:31.021 WARN  Total lb+minimap processing time: 1 
13:32:31.021 WARN  Total entity physics calculation time: 6 
13:32:31.021 WARN  Total entity life+thought cycle time: 471 
13:32:31.021 WARN  Total entity selfie-taking time: 2 
13:32:31.021 WARN  Total time: 997 
13:32:32.022 WARN  ~~ LOOPS: 14. ENTITY #: 120//45. VIEW #: 1. BACKLOGGED :: 105.429%! ~~ 
13:32:32.022 WARN  Total activation time: 5 
13:32:32.022 WARN  Total collision time: 9 
13:32:32.022 WARN  Total cycle time: 478 
13:32:32.022 WARN  Total player update time: 10 
13:32:32.022 WARN  Total lb+minimap processing time: 1 
13:32:32.022 WARN  Total entity physics calculation time: 1 
13:32:32.022 WARN  Total entity life+thought cycle time: 471 
13:32:32.022 WARN  Total entity selfie-taking time: 0 
13:32:32.022 WARN  Total time: 975 
13:32:34.036 WARN  ~~ LOOPS: 13. ENTITY #: 147//62. VIEW #: 1. BACKLOGGED :: 132.000%! ~~ 
13:32:34.039 WARN  Total activation time: 13 
13:32:34.039 WARN  Total collision time: 1 
13:32:34.039 WARN  Total cycle time: 557 
13:32:34.040 WARN  Total player update time: 4 
13:32:34.040 WARN  Total lb+minimap processing time: 4 
13:32:34.040 WARN  Total entity physics calculation time: 5 
13:32:34.040 WARN  Total entity life+thought cycle time: 506 
13:32:34.041 WARN  Total entity selfie-taking time: 5 
13:32:34.041 WARN  Total time: 1095 
13:32:35.722 WARN  ~~ LOOPS: 10. ENTITY #: 147//66. VIEW #: 1. BACKLOGGED :: 165.300%! ~~ 
13:32:35.723 WARN  Total activation time: 9 
13:32:35.723 WARN  Total collision time: 6 
13:32:35.723 WARN  Total cycle time: 536 
13:32:35.726 WARN  Total player update time: 25 
13:32:35.726 WARN  Total lb+minimap processing time: 5 
13:32:35.726 WARN  Total entity physics calculation time: 2 
13:32:35.726 WARN  Total entity life+thought cycle time: 519 
13:32:35.727 WARN  Total entity selfie-taking time: 3 
13:32:35.727 WARN  Total time: 1105 
13:32:37.737 WARN  ~~ LOOPS: 12. ENTITY #: 146//66. VIEW #: 1. BACKLOGGED :: 146.250%! ~~ 
13:32:37.738 WARN  Total activation time: 9 
13:32:37.738 WARN  Total collision time: 554 
13:32:37.738 WARN  Total cycle time: 22 
13:32:37.738 WARN  Total player update time: 4 
13:32:37.740 WARN  Total lb+minimap processing time: 6 
13:32:37.740 WARN  Total entity physics calculation time: 4 
13:32:37.740 WARN  Total entity life+thought cycle time: 6 
13:32:37.741 WARN  Total entity selfie-taking time: 1 
13:32:37.741 WARN  Total time: 606 
13:32:50.712 WARN  ~~ LOOPS: 2. ENTITY #: 143//59. VIEW #: 1. BACKLOGGED :: 1393.500%! ~~ 
13:32:50.712 WARN  Total activation time: 2 
13:32:50.712 WARN  Total collision time: 0 
13:32:50.712 WARN  Total cycle time: 927 
13:32:50.712 WARN  Total player update time: 5 
13:32:50.712 WARN  Total lb+minimap processing time: 939 
13:32:50.712 WARN  Total entity physics calculation time: 0 
13:32:50.712 WARN  Total entity life+thought cycle time: 1 
13:32:50.712 WARN  Total entity selfie-taking time: 924 
13:32:50.712 WARN  Total time: 2798 
13:32:52.717 WARN  ~~ LOOPS: 3. ENTITY #: 143//59. VIEW #: 1. BACKLOGGED :: 892.000%! ~~ 
13:32:52.717 WARN  Total activation time: 2 
13:32:52.717 WARN  Total collision time: 1 
13:32:52.717 WARN  Total cycle time: 889 
13:32:52.717 WARN  Total player update time: 3 
13:32:52.717 WARN  Total lb+minimap processing time: 2 
13:32:52.717 WARN  Total entity physics calculation time: 0 
13:32:52.717 WARN  Total entity life+thought cycle time: 1 
13:32:52.717 WARN  Total entity selfie-taking time: 0 
13:32:52.717 WARN  Total time: 898 
13:33:53.997 WARN  ~~ LOOPS: 12. ENTITY #: 139//55. VIEW #: 1. BACKLOGGED :: 142.500%! ~~ 
13:33:53.997 WARN  Total activation time: 12 
13:33:53.997 WARN  Total collision time: 4 
13:33:53.997 WARN  Total cycle time: 553 
13:33:53.997 WARN  Total player update time: 7 
13:33:53.997 WARN  Total lb+minimap processing time: 2 
13:33:53.997 WARN  Total entity physics calculation time: 512 
13:33:53.997 WARN  Total entity life+thought cycle time: 27 
13:33:53.997 WARN  Total entity selfie-taking time: 5 
13:33:53.997 WARN  Total time: 1122 
13:43:00.727 WARN  ~~ LOOPS: 11. ENTITY #: 90//7. VIEW #: 1. BACKLOGGED :: 171.818%! ~~ 
13:43:00.727 WARN  Total activation time: 621 
13:43:00.727 WARN  Total collision time: 0 
13:43:00.727 WARN  Total cycle time: 9 
13:43:00.727 WARN  Total player update time: 0 
13:43:00.727 WARN  Total lb+minimap processing time: 2 
13:43:00.727 WARN  Total entity physics calculation time: 1 
13:43:00.727 WARN  Total entity life+thought cycle time: 3 
13:43:00.727 WARN  Total entity selfie-taking time: 1 
13:43:00.727 WARN  Total time: 637 
14:55:42.770 WARN  ~~ LOOPS: 14. ENTITY #: 119//32. VIEW #: 1. BACKLOGGED :: 107.786%! ~~ 
14:55:42.770 WARN  Total activation time: 7 
14:55:42.770 WARN  Total collision time: 2 
14:55:42.770 WARN  Total cycle time: 494 
14:55:42.770 WARN  Total player update time: 11 
14:55:42.770 WARN  Total lb+minimap processing time: 1 
14:55:42.770 WARN  Total entity physics calculation time: 3 
14:55:42.770 WARN  Total entity life+thought cycle time: 15 
14:55:42.770 WARN  Total entity selfie-taking time: 2 
14:55:42.770 WARN  Total time: 535 
14:56:53.716 WARN  ~~ LOOPS: 2. ENTITY #: 90//3. VIEW #: 1. BACKLOGGED :: 1401.000%! ~~ 
14:56:53.717 WARN  Total activation time: 932 
14:56:53.717 WARN  Total collision time: 0 
14:56:53.717 WARN  Total cycle time: 2 
14:56:53.717 WARN  Total player update time: 1 
14:56:53.718 WARN  Total lb+minimap processing time: 1 
14:56:53.718 WARN  Total entity physics calculation time: 0 
14:56:53.718 WARN  Total entity life+thought cycle time: 0 
14:56:53.718 WARN  Total entity selfie-taking time: 0 
14:56:53.719 WARN  Total time: 936 
14:56:56.736 WARN  ~~ LOOPS: 3. ENTITY #: 90//6. VIEW #: 1. BACKLOGGED :: 897.000%! ~~ 
14:56:56.736 WARN  Total activation time: 1 
14:56:56.736 WARN  Total collision time: 0 
14:56:56.737 WARN  Total cycle time: 896 
14:56:56.737 WARN  Total player update time: 0 
14:56:56.737 WARN  Total lb+minimap processing time: 1 
14:56:56.738 WARN  Total entity physics calculation time: 895 
14:56:56.738 WARN  Total entity life+thought cycle time: 0 
14:56:56.738 WARN  Total entity selfie-taking time: 0 
14:56:56.739 WARN  Total time: 1793 
