02:44:13.008 WARN  ~~ LOOPS: 13. ENTITY #: 203//82. VIEW #: 1. BACKLOGGED :: 113.538%! ~~ 
02:44:13.008 WARN  Total activation time: 28 
02:44:13.008 WARN  Total collision time: 38 
02:44:13.008 WARN  Total cycle time: 426 
02:44:13.008 WARN  Total player update time: 37 
02:44:13.008 WARN  Total lb+minimap processing time: 232 
02:44:13.008 WARN  Total entity physics calculation time: 50 
02:44:13.008 WARN  Total entity life+thought cycle time: 94 
02:44:13.008 WARN  Total entity selfie-taking time: 14 
02:44:13.008 WARN  Total time: 919 
02:44:14.010 WARN  ~~ LOOPS: 12. ENTITY #: 204//80. VIEW #: 1. BACKLOGGED :: 119.750%! ~~ 
02:44:14.010 WARN  Total activation time: 21 
02:44:14.010 WARN  Total collision time: 5 
02:44:14.010 WARN  Total cycle time: 453 
02:44:14.010 WARN  Total player update time: 77 
02:44:14.010 WARN  Total lb+minimap processing time: 2 
02:44:14.010 WARN  Total entity physics calculation time: 177 
02:44:14.010 WARN  Total entity life+thought cycle time: 211 
02:44:14.010 WARN  Total entity selfie-taking time: 9 
02:44:14.010 WARN  Total time: 955 
02:45:17.123 WARN  ~~ LOOPS: 12. ENTITY #: 208//84. VIEW #: 1. BACKLOGGED :: 114.750%! ~~ 
02:45:17.123 WARN  Total activation time: 67 
02:45:17.123 WARN  Total collision time: 47 
02:45:17.123 WARN  Total cycle time: 345 
02:45:17.141 WARN  Total player update time: 172 
02:45:17.141 WARN  Total lb+minimap processing time: 14 
02:45:17.141 WARN  Total entity physics calculation time: 135 
02:45:17.141 WARN  Total entity life+thought cycle time: 89 
02:45:17.141 WARN  Total entity selfie-taking time: 48 
02:45:17.142 WARN  Total time: 917 
03:00:11.596 WARN  ~~ LOOPS: 13. ENTITY #: 197//76. VIEW #: 1. BACKLOGGED :: 129.231%! ~~ 
03:00:11.596 WARN  Total activation time: 26 
03:00:11.596 WARN  Total collision time: 4 
03:00:11.596 WARN  Total cycle time: 530 
03:00:11.596 WARN  Total player update time: 93 
03:00:11.596 WARN  Total lb+minimap processing time: 1 
03:00:11.596 WARN  Total entity physics calculation time: 63 
03:00:11.596 WARN  Total entity life+thought cycle time: 169 
03:00:11.596 WARN  Total entity selfie-taking time: 70 
03:00:11.596 WARN  Total time: 956 
03:54:32.714 WARN  Non-binary packet. Kicking. 1 warning. 
05:53:29.428 WARN  ~~ LOOPS: 14. ENTITY #: 409//155. VIEW #: 1. BACKLOGGED :: 100.500%! ~~ 
05:53:29.429 WARN  Total activation time: 53 
05:53:29.429 WARN  Total collision time: 21 
05:53:29.429 WARN  Total cycle time: 395 
05:53:29.429 WARN  Total player update time: 97 
05:53:29.429 WARN  Total lb+minimap processing time: 3 
05:53:29.429 WARN  Total entity physics calculation time: 55 
05:53:29.429 WARN  Total entity life+thought cycle time: 137 
05:53:29.430 WARN  Total entity selfie-taking time: 38 
05:53:29.430 WARN  Total time: 799 
07:42:34.994 WARN  ~~ LOOPS: 14. ENTITY #: 299//133. VIEW #: 1. BACKLOGGED :: 118.286%! ~~ 
07:42:34.994 WARN  Total activation time: 111 
07:42:35.013 WARN  Total collision time: 20 
07:42:35.013 WARN  Total cycle time: 421 
07:42:35.013 WARN  Total player update time: 71 
07:42:35.013 WARN  Total lb+minimap processing time: 27 
07:42:35.013 WARN  Total entity physics calculation time: 44 
07:42:35.013 WARN  Total entity life+thought cycle time: 197 
07:42:35.014 WARN  Total entity selfie-taking time: 12 
07:42:35.015 WARN  Total time: 903 
07:42:36.050 WARN  ~~ LOOPS: 13. ENTITY #: 297//136. VIEW #: 1. BACKLOGGED :: 106.846%! ~~ 
07:42:36.051 WARN  Total activation time: 29 
07:42:36.051 WARN  Total collision time: 33 
07:42:36.051 WARN  Total cycle time: 401 
07:42:36.051 WARN  Total player update time: 126 
07:42:36.051 WARN  Total lb+minimap processing time: 4 
07:42:36.052 WARN  Total entity physics calculation time: 105 
07:42:36.052 WARN  Total entity life+thought cycle time: 196 
07:42:36.052 WARN  Total entity selfie-taking time: 39 
07:42:36.052 WARN  Total time: 933 
07:42:51.143 WARN  ~~ LOOPS: 14. ENTITY #: 302//135. VIEW #: 1. BACKLOGGED :: 102.857%! ~~ 
07:42:51.143 WARN  Total activation time: 136 
07:42:51.143 WARN  Total collision time: 24 
07:42:51.143 WARN  Total cycle time: 320 
07:42:51.143 WARN  Total player update time: 63 
07:42:51.144 WARN  Total lb+minimap processing time: 6 
07:42:51.144 WARN  Total entity physics calculation time: 17 
07:42:51.144 WARN  Total entity life+thought cycle time: 74 
07:42:51.144 WARN  Total entity selfie-taking time: 17 
07:42:51.144 WARN  Total time: 657 
07:48:58.283 WARN  ~~ LOOPS: 11. ENTITY #: 310//70. VIEW #: 1. BACKLOGGED :: 139.091%! ~~ 
07:48:58.283 WARN  Total activation time: 58 
07:48:58.283 WARN  Total collision time: 1 
07:48:58.283 WARN  Total cycle time: 451 
07:48:58.284 WARN  Total player update time: 47 
07:48:58.284 WARN  Total lb+minimap processing time: 19 
07:48:58.284 WARN  Total entity physics calculation time: 67 
07:48:58.284 WARN  Total entity life+thought cycle time: 197 
07:48:58.284 WARN  Total entity selfie-taking time: 84 
07:48:58.284 WARN  Total time: 924 
07:51:16.799 WARN  ~~ LOOPS: 10. ENTITY #: 337//61. VIEW #: 1. BACKLOGGED :: 167.400%! ~~ 
07:51:16.799 WARN  Total activation time: 115 
07:51:16.799 WARN  Total collision time: 2 
07:51:16.799 WARN  Total cycle time: 439 
07:51:16.799 WARN  Total player update time: 231 
07:51:16.799 WARN  Total lb+minimap processing time: 97 
07:51:16.799 WARN  Total entity physics calculation time: 114 
07:51:16.799 WARN  Total entity life+thought cycle time: 10 
07:51:16.804 WARN  Total entity selfie-taking time: 23 
07:51:16.804 WARN  Total time: 1031 
07:51:17.833 WARN  ~~ LOOPS: 7. ENTITY #: 343//61. VIEW #: 1. BACKLOGGED :: 246.000%! ~~ 
07:51:17.833 WARN  Total activation time: 84 
07:51:17.833 WARN  Total collision time: 30 
07:51:17.833 WARN  Total cycle time: 460 
07:51:17.833 WARN  Total player update time: 109 
07:51:17.833 WARN  Total lb+minimap processing time: 19 
07:51:17.833 WARN  Total entity physics calculation time: 119 
07:51:17.833 WARN  Total entity life+thought cycle time: 65 
07:51:17.833 WARN  Total entity selfie-taking time: 73 
07:51:17.833 WARN  Total time: 959 
07:51:32.176 WARN  ~~ LOOPS: 13. ENTITY #: 436//161. VIEW #: 1. BACKLOGGED :: 124.615%! ~~ 
07:51:32.176 WARN  Total activation time: 39 
07:51:32.177 WARN  Total collision time: 52 
07:51:32.177 WARN  Total cycle time: 449 
07:51:32.177 WARN  Total player update time: 51 
07:51:32.177 WARN  Total lb+minimap processing time: 7 
07:51:32.177 WARN  Total entity physics calculation time: 110 
07:51:32.177 WARN  Total entity life+thought cycle time: 117 
07:51:32.177 WARN  Total entity selfie-taking time: 14 
07:51:32.178 WARN  Total time: 839 
07:51:33.247 WARN  ~~ LOOPS: 13. ENTITY #: 436//163. VIEW #: 1. BACKLOGGED :: 114.231%! ~~ 
07:51:33.247 WARN  Total activation time: 72 
07:51:33.247 WARN  Total collision time: 25 
07:51:33.247 WARN  Total cycle time: 398 
07:51:33.247 WARN  Total player update time: 68 
07:51:33.247 WARN  Total lb+minimap processing time: 22 
07:51:33.247 WARN  Total entity physics calculation time: 43 
07:51:33.247 WARN  Total entity life+thought cycle time: 165 
07:51:33.247 WARN  Total entity selfie-taking time: 26 
07:51:33.247 WARN  Total time: 819 
07:51:48.466 WARN  ~~ LOOPS: 13. ENTITY #: 438//141. VIEW #: 1. BACKLOGGED :: 105.000%! ~~ 
07:51:48.466 WARN  Total activation time: 101 
07:51:48.466 WARN  Total collision time: 19 
07:51:48.466 WARN  Total cycle time: 335 
07:51:48.466 WARN  Total player update time: 83 
07:51:48.466 WARN  Total lb+minimap processing time: 6 
07:51:48.466 WARN  Total entity physics calculation time: 28 
07:51:48.466 WARN  Total entity life+thought cycle time: 85 
07:51:48.466 WARN  Total entity selfie-taking time: 32 
07:51:48.466 WARN  Total time: 689 
07:52:19.960 WARN  ~~ LOOPS: 8. ENTITY #: 413//121. VIEW #: 1. BACKLOGGED :: 244.500%! ~~ 
07:52:19.960 WARN  Total activation time: 94 
07:52:19.960 WARN  Total collision time: 13 
07:52:19.960 WARN  Total cycle time: 545 
07:52:19.960 WARN  Total player update time: 110 
07:52:19.960 WARN  Total lb+minimap processing time: 50 
07:52:19.960 WARN  Total entity physics calculation time: 136 
07:52:19.960 WARN  Total entity life+thought cycle time: 106 
07:52:19.960 WARN  Total entity selfie-taking time: 118 
07:52:19.960 WARN  Total time: 1172 
07:52:21.033 WARN  ~~ LOOPS: 6. ENTITY #: 407//120. VIEW #: 1. BACKLOGGED :: 310.500%! ~~ 
07:52:21.034 WARN  Total activation time: 103 
07:52:21.034 WARN  Total collision time: 26 
07:52:21.034 WARN  Total cycle time: 492 
07:52:21.037 WARN  Total player update time: 116 
07:52:21.038 WARN  Total lb+minimap processing time: 45 
07:52:21.038 WARN  Total entity physics calculation time: 12 
07:52:21.038 WARN  Total entity life+thought cycle time: 95 
07:52:21.038 WARN  Total entity selfie-taking time: 39 
07:52:21.038 WARN  Total time: 928 
07:52:22.049 WARN  ~~ LOOPS: 13. ENTITY #: 402//113. VIEW #: 1. BACKLOGGED :: 116.308%! ~~ 
07:52:22.049 WARN  Total activation time: 164 
07:52:22.049 WARN  Total collision time: 18 
07:52:22.049 WARN  Total cycle time: 322 
07:52:22.050 WARN  Total player update time: 27 
07:52:22.050 WARN  Total lb+minimap processing time: 11 
07:52:22.050 WARN  Total entity physics calculation time: 48 
07:52:22.050 WARN  Total entity life+thought cycle time: 91 
07:52:22.050 WARN  Total entity selfie-taking time: 59 
07:52:22.050 WARN  Total time: 740 
07:52:36.199 WARN  ~~ LOOPS: 10. ENTITY #: 417//108. VIEW #: 1. BACKLOGGED :: 155.700%! ~~ 
07:52:36.199 WARN  Total activation time: 32 
07:52:36.199 WARN  Total collision time: 81 
07:52:36.199 WARN  Total cycle time: 406 
07:52:36.200 WARN  Total player update time: 127 
07:52:36.200 WARN  Total lb+minimap processing time: 12 
07:52:36.200 WARN  Total entity physics calculation time: 109 
07:52:36.200 WARN  Total entity life+thought cycle time: 123 
07:52:36.200 WARN  Total entity selfie-taking time: 64 
07:52:36.200 WARN  Total time: 954 
07:52:37.328 WARN  ~~ LOOPS: 13. ENTITY #: 437//133. VIEW #: 1. BACKLOGGED :: 118.846%! ~~ 
07:52:37.328 WARN  Total activation time: 78 
07:52:37.328 WARN  Total collision time: 10 
07:52:37.328 WARN  Total cycle time: 427 
07:52:37.329 WARN  Total player update time: 91 
07:52:37.329 WARN  Total lb+minimap processing time: 19 
07:52:37.329 WARN  Total entity physics calculation time: 99 
07:52:37.329 WARN  Total entity life+thought cycle time: 118 
07:52:37.329 WARN  Total entity selfie-taking time: 22 
07:52:37.329 WARN  Total time: 864 
07:53:24.186 WARN  ~~ LOOPS: 11. ENTITY #: 320//48. VIEW #: 1. BACKLOGGED :: 133.636%! ~~ 
07:53:24.187 WARN  Total activation time: 30 
07:53:24.187 WARN  Total collision time: 41 
07:53:24.187 WARN  Total cycle time: 418 
07:53:24.187 WARN  Total player update time: 19 
07:53:24.187 WARN  Total lb+minimap processing time: 34 
07:53:24.187 WARN  Total entity physics calculation time: 38 
07:53:24.187 WARN  Total entity life+thought cycle time: 88 
07:53:24.187 WARN  Total entity selfie-taking time: 81 
07:53:24.187 WARN  Total time: 749 
07:53:25.293 WARN  ~~ LOOPS: 10. ENTITY #: 320//51. VIEW #: 1. BACKLOGGED :: 136.800%! ~~ 
07:53:25.293 WARN  Total activation time: 121 
07:53:25.299 WARN  Total collision time: 2 
07:53:25.300 WARN  Total cycle time: 333 
07:53:25.300 WARN  Total player update time: 41 
07:53:25.300 WARN  Total lb+minimap processing time: 38 
07:53:25.307 WARN  Total entity physics calculation time: 74 
07:53:25.307 WARN  Total entity life+thought cycle time: 28 
07:53:25.307 WARN  Total entity selfie-taking time: 3 
07:53:25.307 WARN  Total time: 640 
07:53:40.538 WARN  ~~ LOOPS: 13. ENTITY #: 343//123. VIEW #: 1. BACKLOGGED :: 101.769%! ~~ 
07:53:40.539 WARN  Total activation time: 45 
07:53:40.539 WARN  Total collision time: 9 
07:53:40.539 WARN  Total cycle time: 387 
07:53:40.539 WARN  Total player update time: 126 
07:53:40.539 WARN  Total lb+minimap processing time: 5 
07:53:40.539 WARN  Total entity physics calculation time: 42 
07:53:40.539 WARN  Total entity life+thought cycle time: 112 
07:53:40.540 WARN  Total entity selfie-taking time: 72 
07:53:40.540 WARN  Total time: 798 
07:53:54.761 WARN  ~~ LOOPS: 14. ENTITY #: 377//154. VIEW #: 1. BACKLOGGED :: 112.071%! ~~ 
07:53:54.761 WARN  Total activation time: 83 
07:53:54.761 WARN  Total collision time: 31 
07:53:54.761 WARN  Total cycle time: 409 
07:53:54.761 WARN  Total player update time: 68 
07:53:54.761 WARN  Total lb+minimap processing time: 11 
07:53:54.761 WARN  Total entity physics calculation time: 28 
07:53:54.761 WARN  Total entity life+thought cycle time: 111 
07:53:54.761 WARN  Total entity selfie-taking time: 11 
07:53:54.762 WARN  Total time: 752 
07:54:25.221 WARN  ~~ LOOPS: 11. ENTITY #: 380//144. VIEW #: 1. BACKLOGGED :: 159.545%! ~~ 
07:54:25.222 WARN  Total activation time: 28 
07:54:25.222 WARN  Total collision time: 29 
07:54:25.222 WARN  Total cycle time: 528 
07:54:25.222 WARN  Total player update time: 120 
07:54:25.222 WARN  Total lb+minimap processing time: 13 
07:54:25.222 WARN  Total entity physics calculation time: 142 
07:54:25.222 WARN  Total entity life+thought cycle time: 169 
07:54:25.222 WARN  Total entity selfie-taking time: 11 
07:54:25.222 WARN  Total time: 1040 
07:54:26.289 WARN  ~~ LOOPS: 7. ENTITY #: 300//89. VIEW #: 0. BACKLOGGED :: 273.000%! ~~ 
07:54:26.289 WARN  Total activation time: 34 
07:54:26.290 WARN  Total collision time: 50 
07:54:26.290 WARN  Total cycle time: 553 
07:54:26.290 WARN  Total player update time: 38 
07:54:26.290 WARN  Total lb+minimap processing time: 56 
07:54:26.290 WARN  Total entity physics calculation time: 34 
07:54:26.290 WARN  Total entity life+thought cycle time: 112 
07:54:26.291 WARN  Total entity selfie-taking time: 25 
07:54:26.291 WARN  Total time: 902 
07:57:28.675 WARN  ~~ LOOPS: 10. ENTITY #: 296//115. VIEW #: 1. BACKLOGGED :: 170.400%! ~~ 
07:57:28.675 WARN  Total activation time: 68 
07:57:28.675 WARN  Total collision time: 47 
07:57:28.675 WARN  Total cycle time: 453 
07:57:28.675 WARN  Total player update time: 103 
07:57:28.675 WARN  Total lb+minimap processing time: 23 
07:57:28.675 WARN  Total entity physics calculation time: 100 
07:57:28.675 WARN  Total entity life+thought cycle time: 181 
07:57:28.676 WARN  Total entity selfie-taking time: 26 
07:57:28.676 WARN  Total time: 1001 
07:57:59.161 WARN  ~~ LOOPS: 13. ENTITY #: 295//72. VIEW #: 1. BACKLOGGED :: 108.000%! ~~ 
07:57:59.184 WARN  Total activation time: 31 
07:57:59.185 WARN  Total collision time: 4 
07:57:59.185 WARN  Total cycle time: 432 
07:57:59.185 WARN  Total player update time: 25 
07:57:59.185 WARN  Total lb+minimap processing time: 51 
07:57:59.185 WARN  Total entity physics calculation time: 82 
07:57:59.185 WARN  Total entity life+thought cycle time: 260 
07:57:59.185 WARN  Total entity selfie-taking time: 17 
07:57:59.185 WARN  Total time: 902 
07:58:00.192 WARN  ~~ LOOPS: 13. ENTITY #: 293//71. VIEW #: 1. BACKLOGGED :: 116.538%! ~~ 
07:58:00.192 WARN  Total activation time: 69 
07:58:00.192 WARN  Total collision time: 14 
07:58:00.192 WARN  Total cycle time: 422 
07:58:00.192 WARN  Total player update time: 10 
07:58:00.192 WARN  Total lb+minimap processing time: 3 
07:58:00.192 WARN  Total entity physics calculation time: 43 
07:58:00.192 WARN  Total entity life+thought cycle time: 212 
07:58:00.192 WARN  Total entity selfie-taking time: 5 
07:58:00.192 WARN  Total time: 778 
08:00:14.968 WARN  ~~ LOOPS: 11. ENTITY #: 264//30. VIEW #: 1. BACKLOGGED :: 135.000%! ~~ 
08:00:14.969 WARN  Total activation time: 68 
08:00:14.969 WARN  Total collision time: 0 
08:00:14.969 WARN  Total cycle time: 427 
08:00:14.985 WARN  Total player update time: 63 
08:00:14.985 WARN  Total lb+minimap processing time: 3 
08:00:14.986 WARN  Total entity physics calculation time: 141 
08:00:14.986 WARN  Total entity life+thought cycle time: 172 
08:00:14.986 WARN  Total entity selfie-taking time: 2 
08:00:14.986 WARN  Total time: 876 
08:09:44.532 WARN  ~~ LOOPS: 5. ENTITY #: 262//34. VIEW #: 1. BACKLOGGED :: 156.600%! ~~ 
08:09:44.532 WARN  Total activation time: 72 
08:09:44.533 WARN  Total collision time: 2 
08:09:44.533 WARN  Total cycle time: 187 
08:09:44.533 WARN  Total player update time: 3 
08:09:44.537 WARN  Total lb+minimap processing time: 26 
08:09:44.545 WARN  Total entity physics calculation time: 70 
08:09:44.546 WARN  Total entity life+thought cycle time: 89 
08:09:44.546 WARN  Total entity selfie-taking time: 2 
08:09:44.546 WARN  Total time: 451 
08:11:07.443 WARN  ~~ LOOPS: 14. ENTITY #: 261//36. VIEW #: 1. BACKLOGGED :: 105.643%! ~~ 
08:11:07.443 WARN  Total activation time: 70 
08:11:07.443 WARN  Total collision time: 32 
08:11:07.443 WARN  Total cycle time: 391 
08:11:07.443 WARN  Total player update time: 125 
08:11:07.443 WARN  Total lb+minimap processing time: 40 
08:11:07.444 WARN  Total entity physics calculation time: 18 
08:11:07.444 WARN  Total entity life+thought cycle time: 61 
08:11:07.444 WARN  Total entity selfie-taking time: 89 
08:11:07.444 WARN  Total time: 826 
08:12:08.913 WARN  ~~ LOOPS: 13. ENTITY #: 263//33. VIEW #: 1. BACKLOGGED :: 107.308%! ~~ 
08:12:08.913 WARN  Total activation time: 61 
08:12:08.914 WARN  Total collision time: 2 
08:12:08.914 WARN  Total cycle time: 402 
08:12:08.914 WARN  Total player update time: 46 
08:12:08.914 WARN  Total lb+minimap processing time: 2 
08:12:08.926 WARN  Total entity physics calculation time: 64 
08:12:08.926 WARN  Total entity life+thought cycle time: 192 
08:12:08.926 WARN  Total entity selfie-taking time: 5 
08:12:08.926 WARN  Total time: 774 
08:12:09.927 WARN  ~~ LOOPS: 12. ENTITY #: 261//32. VIEW #: 1. BACKLOGGED :: 117.750%! ~~ 
08:12:09.927 WARN  Total activation time: 69 
08:12:09.927 WARN  Total collision time: 7 
08:12:09.927 WARN  Total cycle time: 395 
08:12:09.927 WARN  Total player update time: 37 
08:12:09.927 WARN  Total lb+minimap processing time: 17 
08:12:09.927 WARN  Total entity physics calculation time: 123 
08:12:09.927 WARN  Total entity life+thought cycle time: 166 
08:12:09.927 WARN  Total entity selfie-taking time: 34 
08:12:09.927 WARN  Total time: 848 
08:17:43.536 WARN  ~~ LOOPS: 7. ENTITY #: 261//34. VIEW #: 1. BACKLOGGED :: 149.571%! ~~ 
08:17:43.536 WARN  Total activation time: 55 
08:17:43.536 WARN  Total collision time: 1 
08:17:43.537 WARN  Total cycle time: 293 
08:17:43.537 WARN  Total player update time: 53 
08:17:43.537 WARN  Total lb+minimap processing time: 62 
08:17:43.537 WARN  Total entity physics calculation time: 59 
08:17:43.537 WARN  Total entity life+thought cycle time: 165 
08:17:43.537 WARN  Total entity selfie-taking time: 3 
08:17:43.537 WARN  Total time: 691 
08:18:14.868 WARN  ~~ LOOPS: 13. ENTITY #: 261//36. VIEW #: 1. BACKLOGGED :: 116.077%! ~~ 
08:18:14.868 WARN  Total activation time: 82 
08:18:14.868 WARN  Total collision time: 5 
08:18:14.868 WARN  Total cycle time: 411 
08:18:14.868 WARN  Total player update time: 59 
08:18:14.868 WARN  Total lb+minimap processing time: 20 
08:18:14.868 WARN  Total entity physics calculation time: 73 
08:18:14.868 WARN  Total entity life+thought cycle time: 118 
08:18:14.868 WARN  Total entity selfie-taking time: 10 
08:18:14.868 WARN  Total time: 778 
08:23:17.839 WARN  ~~ LOOPS: 12. ENTITY #: 262//40. VIEW #: 1. BACKLOGGED :: 108.250%! ~~ 
08:23:17.839 WARN  Total activation time: 34 
08:23:17.840 WARN  Total collision time: 1 
08:23:17.840 WARN  Total cycle time: 398 
08:23:17.840 WARN  Total player update time: 153 
08:23:17.840 WARN  Total lb+minimap processing time: 2 
08:23:17.840 WARN  Total entity physics calculation time: 105 
08:23:17.840 WARN  Total entity life+thought cycle time: 121 
08:23:17.841 WARN  Total entity selfie-taking time: 2 
08:23:17.841 WARN  Total time: 816 
08:24:04.291 WARN  ~~ LOOPS: 12. ENTITY #: 262//39. VIEW #: 1. BACKLOGGED :: 106.000%! ~~ 
08:24:04.291 WARN  Total activation time: 34 
08:24:04.292 WARN  Total collision time: 2 
08:24:04.292 WARN  Total cycle time: 388 
08:24:04.292 WARN  Total player update time: 114 
08:24:04.292 WARN  Total lb+minimap processing time: 2 
08:24:04.292 WARN  Total entity physics calculation time: 78 
08:24:04.292 WARN  Total entity life+thought cycle time: 42 
08:24:04.292 WARN  Total entity selfie-taking time: 21 
08:24:04.293 WARN  Total time: 681 
08:25:35.223 WARN  ~~ LOOPS: 12. ENTITY #: 261//38. VIEW #: 1. BACKLOGGED :: 130.750%! ~~ 
08:25:35.223 WARN  Total activation time: 40 
08:25:35.223 WARN  Total collision time: 3 
08:25:35.223 WARN  Total cycle time: 480 
08:25:35.223 WARN  Total player update time: 21 
08:25:35.223 WARN  Total lb+minimap processing time: 4 
08:25:35.223 WARN  Total entity physics calculation time: 112 
08:25:35.223 WARN  Total entity life+thought cycle time: 115 
08:25:35.223 WARN  Total entity selfie-taking time: 125 
08:25:35.223 WARN  Total time: 900 
08:31:57.366 WARN  ~~ LOOPS: 13. ENTITY #: 247//118. VIEW #: 1. BACKLOGGED :: 127.615%! ~~ 
08:31:57.366 WARN  Total activation time: 89 
08:31:57.366 WARN  Total collision time: 28 
08:31:57.366 WARN  Total cycle time: 432 
08:31:57.366 WARN  Total player update time: 77 
08:31:57.366 WARN  Total lb+minimap processing time: 50 
08:31:57.366 WARN  Total entity physics calculation time: 35 
08:31:57.366 WARN  Total entity life+thought cycle time: 97 
08:31:57.366 WARN  Total entity selfie-taking time: 15 
08:31:57.367 WARN  Total time: 823 
08:32:14.677 WARN  ~~ LOOPS: 10. ENTITY #: 244//114. VIEW #: 1. BACKLOGGED :: 154.800%! ~~ 
08:32:14.678 WARN  Total activation time: 54 
08:32:14.678 WARN  Total collision time: 20 
08:32:14.681 WARN  Total cycle time: 442 
08:32:14.681 WARN  Total player update time: 132 
08:32:14.681 WARN  Total lb+minimap processing time: 59 
08:32:14.681 WARN  Total entity physics calculation time: 172 
08:32:14.681 WARN  Total entity life+thought cycle time: 100 
08:32:14.682 WARN  Total entity selfie-taking time: 82 
08:32:14.682 WARN  Total time: 1061 
08:32:29.833 WARN  ~~ LOOPS: 12. ENTITY #: 237//123. VIEW #: 1. BACKLOGGED :: 115.000%! ~~ 
08:32:29.834 WARN  Total activation time: 23 
08:32:29.835 WARN  Total collision time: 62 
08:32:29.835 WARN  Total cycle time: 375 
08:32:29.835 WARN  Total player update time: 40 
08:32:29.835 WARN  Total lb+minimap processing time: 42 
08:32:29.835 WARN  Total entity physics calculation time: 33 
08:32:29.835 WARN  Total entity life+thought cycle time: 100 
08:32:29.835 WARN  Total entity selfie-taking time: 76 
08:32:29.836 WARN  Total time: 751 
08:32:30.880 WARN  ~~ LOOPS: 8. ENTITY #: 237//122. VIEW #: 1. BACKLOGGED :: 193.500%! ~~ 
08:32:30.880 WARN  Total activation time: 39 
08:32:30.925 WARN  Total collision time: 45 
08:32:30.925 WARN  Total cycle time: 432 
08:32:30.925 WARN  Total player update time: 81 
08:32:30.925 WARN  Total lb+minimap processing time: 8 
08:32:30.926 WARN  Total entity physics calculation time: 43 
08:32:30.926 WARN  Total entity life+thought cycle time: 89 
08:32:30.926 WARN  Total entity selfie-taking time: 5 
08:32:30.926 WARN  Total time: 742 
08:32:46.039 WARN  ~~ LOOPS: 7. ENTITY #: 235//103. VIEW #: 1. BACKLOGGED :: 291.429%! ~~ 
08:32:46.039 WARN  Total activation time: 235 
08:32:46.039 WARN  Total collision time: 2 
08:32:46.039 WARN  Total cycle time: 443 
08:32:46.039 WARN  Total player update time: 48 
08:32:46.039 WARN  Total lb+minimap processing time: 2 
08:32:46.039 WARN  Total entity physics calculation time: 191 
08:32:46.039 WARN  Total entity life+thought cycle time: 45 
08:32:46.039 WARN  Total entity selfie-taking time: 3 
08:32:46.039 WARN  Total time: 969 
08:33:47.870 WARN  ~~ LOOPS: 14. ENTITY #: 179//103. VIEW #: 1. BACKLOGGED :: 111.214%! ~~ 
08:33:47.870 WARN  Total activation time: 66 
08:33:47.870 WARN  Total collision time: 29 
08:33:47.870 WARN  Total cycle time: 424 
08:33:47.870 WARN  Total player update time: 19 
08:33:47.870 WARN  Total lb+minimap processing time: 2 
08:33:47.871 WARN  Total entity physics calculation time: 9 
08:33:47.871 WARN  Total entity life+thought cycle time: 245 
08:33:47.871 WARN  Total entity selfie-taking time: 15 
08:33:47.871 WARN  Total time: 809 
08:33:48.892 WARN  ~~ LOOPS: 9. ENTITY #: 180//104. VIEW #: 1. BACKLOGGED :: 172.000%! ~~ 
08:33:48.892 WARN  Total activation time: 49 
08:33:48.893 WARN  Total collision time: 26 
08:33:48.893 WARN  Total cycle time: 441 
08:33:48.893 WARN  Total player update time: 111 
08:33:48.893 WARN  Total lb+minimap processing time: 12 
08:33:48.893 WARN  Total entity physics calculation time: 6 
08:33:48.893 WARN  Total entity life+thought cycle time: 154 
08:33:48.893 WARN  Total entity selfie-taking time: 8 
08:33:48.916 WARN  Total time: 807 
08:33:49.919 WARN  ~~ LOOPS: 14. ENTITY #: 175//105. VIEW #: 1. BACKLOGGED :: 106.714%! ~~ 
08:33:49.919 WARN  Total activation time: 58 
08:33:49.919 WARN  Total collision time: 30 
08:33:49.919 WARN  Total cycle time: 410 
08:33:49.919 WARN  Total player update time: 36 
08:33:49.919 WARN  Total lb+minimap processing time: 1 
08:33:49.920 WARN  Total entity physics calculation time: 77 
08:33:49.920 WARN  Total entity life+thought cycle time: 133 
08:33:49.920 WARN  Total entity selfie-taking time: 23 
08:33:49.920 WARN  Total time: 768 
08:35:50.604 WARN  ~~ LOOPS: 13. ENTITY #: 140//73. VIEW #: 1. BACKLOGGED :: 114.231%! ~~ 
08:35:50.604 WARN  Total activation time: 46 
08:35:50.605 WARN  Total collision time: 94 
08:35:50.605 WARN  Total cycle time: 355 
08:35:50.605 WARN  Total player update time: 123 
08:35:50.605 WARN  Total lb+minimap processing time: 3 
08:35:50.605 WARN  Total entity physics calculation time: 23 
08:35:50.605 WARN  Total entity life+thought cycle time: 108 
08:35:50.606 WARN  Total entity selfie-taking time: 22 
08:35:50.606 WARN  Total time: 774 
08:36:06.658 WARN  ~~ LOOPS: 11. ENTITY #: 127//61. VIEW #: 1. BACKLOGGED :: 110.455%! ~~ 
08:36:06.658 WARN  Total activation time: 41 
08:36:06.658 WARN  Total collision time: 32 
08:36:06.658 WARN  Total cycle time: 332 
08:36:06.658 WARN  Total player update time: 86 
08:36:06.658 WARN  Total lb+minimap processing time: 23 
08:36:06.658 WARN  Total entity physics calculation time: 100 
08:36:06.658 WARN  Total entity life+thought cycle time: 89 
08:36:06.658 WARN  Total entity selfie-taking time: 43 
08:36:06.658 WARN  Total time: 746 
08:36:37.087 WARN  ~~ LOOPS: 14. ENTITY #: 145//74. VIEW #: 1. BACKLOGGED :: 112.071%! ~~ 
08:36:37.102 WARN  Total activation time: 35 
08:36:37.102 WARN  Total collision time: 76 
08:36:37.102 WARN  Total cycle time: 411 
08:36:37.102 WARN  Total player update time: 51 
08:36:37.103 WARN  Total lb+minimap processing time: 2 
08:36:37.103 WARN  Total entity physics calculation time: 39 
08:36:37.103 WARN  Total entity life+thought cycle time: 216 
08:36:37.103 WARN  Total entity selfie-taking time: 77 
08:36:37.104 WARN  Total time: 907 
08:38:25.655 WARN  ~~ LOOPS: 11. ENTITY #: 134//60. VIEW #: 1. BACKLOGGED :: 134.182%! ~~ 
08:38:25.655 WARN  Total activation time: 77 
08:38:25.655 WARN  Total collision time: 21 
08:38:25.655 WARN  Total cycle time: 394 
08:38:25.655 WARN  Total player update time: 63 
08:38:25.655 WARN  Total lb+minimap processing time: 1 
08:38:25.656 WARN  Total entity physics calculation time: 31 
08:38:25.656 WARN  Total entity life+thought cycle time: 188 
08:38:25.656 WARN  Total entity selfie-taking time: 50 
08:38:25.656 WARN  Total time: 825 
15:02:52.684 WARN  ~~ LOOPS: 9. ENTITY #: 305//128. VIEW #: 1. BACKLOGGED :: 272.000%! ~~ 
15:02:52.684 WARN  Total activation time: 65 
15:02:52.685 WARN  Total collision time: 137 
15:02:52.685 WARN  Total cycle time: 614 
15:02:52.685 WARN  Total player update time: 261 
15:02:52.685 WARN  Total lb+minimap processing time: 154 
15:02:52.685 WARN  Total entity physics calculation time: 79 
15:02:52.685 WARN  Total entity life+thought cycle time: 297 
15:02:52.685 WARN  Total entity selfie-taking time: 9 
15:02:52.686 WARN  Total time: 1616 
15:02:53.704 WARN  ~~ LOOPS: 8. ENTITY #: 308//132. VIEW #: 1. BACKLOGGED :: 230.625%! ~~ 
15:02:53.704 WARN  Total activation time: 82 
15:02:53.704 WARN  Total collision time: 51 
15:02:53.705 WARN  Total cycle time: 482 
15:02:53.705 WARN  Total player update time: 31 
15:02:53.705 WARN  Total lb+minimap processing time: 49 
15:02:53.705 WARN  Total entity physics calculation time: 78 
15:02:53.705 WARN  Total entity life+thought cycle time: 339 
15:02:53.705 WARN  Total entity selfie-taking time: 22 
15:02:53.705 WARN  Total time: 1134 
15:02:54.706 WARN  ~~ LOOPS: 13. ENTITY #: 313//133. VIEW #: 1. BACKLOGGED :: 115.615%! ~~ 
15:02:54.706 WARN  Total activation time: 35 
15:02:54.706 WARN  Total collision time: 18 
15:02:54.706 WARN  Total cycle time: 448 
15:02:54.706 WARN  Total player update time: 36 
15:02:54.706 WARN  Total lb+minimap processing time: 3 
15:02:54.707 WARN  Total entity physics calculation time: 119 
15:02:54.707 WARN  Total entity life+thought cycle time: 217 
15:02:54.707 WARN  Total entity selfie-taking time: 63 
15:02:54.707 WARN  Total time: 939 
15:03:06.885 WARN  ~~ LOOPS: 13. ENTITY #: 310//138. VIEW #: 1. BACKLOGGED :: 125.538%! ~~ 
15:03:06.885 WARN  Total activation time: 43 
15:03:06.885 WARN  Total collision time: 35 
15:03:06.894 WARN  Total cycle time: 466 
15:03:06.894 WARN  Total player update time: 37 
15:03:06.894 WARN  Total lb+minimap processing time: 2 
15:03:06.894 WARN  Total entity physics calculation time: 52 
15:03:06.895 WARN  Total entity life+thought cycle time: 214 
15:03:06.895 WARN  Total entity selfie-taking time: 82 
15:03:06.895 WARN  Total time: 931 
15:03:08.934 WARN  ~~ LOOPS: 14. ENTITY #: 309//139. VIEW #: 1. BACKLOGGED :: 108.643%! ~~ 
15:03:08.934 WARN  Total activation time: 28 
15:03:08.934 WARN  Total collision time: 26 
15:03:08.934 WARN  Total cycle time: 453 
15:03:08.951 WARN  Total player update time: 67 
15:03:08.952 WARN  Total lb+minimap processing time: 10 
15:03:08.952 WARN  Total entity physics calculation time: 24 
15:03:08.952 WARN  Total entity life+thought cycle time: 276 
15:03:08.952 WARN  Total entity selfie-taking time: 42 
15:03:08.952 WARN  Total time: 926 
15:03:10.010 WARN  ~~ LOOPS: 7. ENTITY #: 310//135. VIEW #: 1. BACKLOGGED :: 276.000%! ~~ 
15:03:10.010 WARN  Total activation time: 129 
15:03:10.010 WARN  Total collision time: 72 
15:03:10.010 WARN  Total cycle time: 443 
15:03:10.010 WARN  Total player update time: 120 
15:03:10.010 WARN  Total lb+minimap processing time: 12 
15:03:10.010 WARN  Total entity physics calculation time: 64 
15:03:10.010 WARN  Total entity life+thought cycle time: 204 
15:03:10.010 WARN  Total entity selfie-taking time: 40 
15:03:10.010 WARN  Total time: 1084 
15:03:11.153 WARN  ~~ LOOPS: 6. ENTITY #: 316//140. VIEW #: 1. BACKLOGGED :: 308.000%! ~~ 
15:03:11.153 WARN  Total activation time: 104 
15:03:11.153 WARN  Total collision time: 52 
15:03:11.153 WARN  Total cycle time: 460 
15:03:11.153 WARN  Total player update time: 196 
15:03:11.154 WARN  Total lb+minimap processing time: 9 
15:03:11.154 WARN  Total entity physics calculation time: 23 
15:03:11.154 WARN  Total entity life+thought cycle time: 183 
15:03:11.154 WARN  Total entity selfie-taking time: 1 
15:03:11.154 WARN  Total time: 1028 
15:03:12.190 WARN  ~~ LOOPS: 13. ENTITY #: 321//143. VIEW #: 1. BACKLOGGED :: 128.769%! ~~ 
15:03:12.191 WARN  Total activation time: 24 
15:03:12.191 WARN  Total collision time: 32 
15:03:12.191 WARN  Total cycle time: 487 
15:03:12.191 WARN  Total player update time: 54 
15:03:12.191 WARN  Total lb+minimap processing time: 25 
15:03:12.191 WARN  Total entity physics calculation time: 11 
15:03:12.191 WARN  Total entity life+thought cycle time: 286 
15:03:12.191 WARN  Total entity selfie-taking time: 21 
15:03:12.191 WARN  Total time: 940 
15:03:13.195 WARN  ~~ LOOPS: 12. ENTITY #: 327//149. VIEW #: 1. BACKLOGGED :: 118.250%! ~~ 
15:03:13.195 WARN  Total activation time: 91 
15:03:13.195 WARN  Total collision time: 62 
15:03:13.195 WARN  Total cycle time: 320 
15:03:13.195 WARN  Total player update time: 46 
15:03:13.195 WARN  Total lb+minimap processing time: 3 
15:03:13.196 WARN  Total entity physics calculation time: 15 
15:03:13.196 WARN  Total entity life+thought cycle time: 230 
15:03:13.196 WARN  Total entity selfie-taking time: 21 
15:03:13.196 WARN  Total time: 788 
15:03:14.234 WARN  ~~ LOOPS: 13. ENTITY #: 331//158. VIEW #: 1. BACKLOGGED :: 135.000%! ~~ 
15:03:14.234 WARN  Total activation time: 51 
15:03:14.234 WARN  Total collision time: 21 
15:03:14.234 WARN  Total cycle time: 513 
15:03:14.234 WARN  Total player update time: 50 
15:03:14.234 WARN  Total lb+minimap processing time: 15 
15:03:14.234 WARN  Total entity physics calculation time: 44 
15:03:14.235 WARN  Total entity life+thought cycle time: 226 
15:03:14.235 WARN  Total entity selfie-taking time: 75 
15:03:14.235 WARN  Total time: 995 
15:03:15.236 WARN  ~~ LOOPS: 9. ENTITY #: 333//165. VIEW #: 1. BACKLOGGED :: 207.667%! ~~ 
15:03:15.237 WARN  Total activation time: 44 
15:03:15.238 WARN  Total collision time: 35 
15:03:15.238 WARN  Total cycle time: 517 
15:03:15.240 WARN  Total player update time: 75 
15:03:15.240 WARN  Total lb+minimap processing time: 27 
15:03:15.245 WARN  Total entity physics calculation time: 40 
15:03:15.245 WARN  Total entity life+thought cycle time: 216 
15:03:15.245 WARN  Total entity selfie-taking time: 44 
15:03:15.247 WARN  Total time: 998 
15:03:16.258 WARN  ~~ LOOPS: 8. ENTITY #: 333//168. VIEW #: 1. BACKLOGGED :: 236.250%! ~~ 
15:03:16.258 WARN  Total activation time: 42 
15:03:16.258 WARN  Total collision time: 23 
15:03:16.258 WARN  Total cycle time: 565 
15:03:16.258 WARN  Total player update time: 40 
15:03:16.258 WARN  Total lb+minimap processing time: 19 
15:03:16.258 WARN  Total entity physics calculation time: 35 
15:03:16.272 WARN  Total entity life+thought cycle time: 316 
15:03:16.272 WARN  Total entity selfie-taking time: 22 
15:03:16.272 WARN  Total time: 1062 
15:03:17.350 WARN  ~~ LOOPS: 7. ENTITY #: 341//173. VIEW #: 1. BACKLOGGED :: 312.000%! ~~ 
15:03:17.350 WARN  Total activation time: 33 
15:03:17.350 WARN  Total collision time: 147 
15:03:17.351 WARN  Total cycle time: 548 
15:03:17.351 WARN  Total player update time: 55 
15:03:17.351 WARN  Total lb+minimap processing time: 19 
15:03:17.351 WARN  Total entity physics calculation time: 23 
15:03:17.351 WARN  Total entity life+thought cycle time: 195 
15:03:17.351 WARN  Total entity selfie-taking time: 93 
15:03:17.351 WARN  Total time: 1113 
15:03:18.362 WARN  ~~ LOOPS: 13. ENTITY #: 341//177. VIEW #: 1. BACKLOGGED :: 123.000%! ~~ 
15:03:18.362 WARN  Total activation time: 50 
15:03:18.362 WARN  Total collision time: 35 
15:03:18.362 WARN  Total cycle time: 448 
15:03:18.362 WARN  Total player update time: 73 
15:03:18.362 WARN  Total lb+minimap processing time: 3 
15:03:18.362 WARN  Total entity physics calculation time: 21 
15:03:18.362 WARN  Total entity life+thought cycle time: 294 
15:03:18.362 WARN  Total entity selfie-taking time: 21 
15:03:18.362 WARN  Total time: 945 
15:03:19.375 WARN  ~~ LOOPS: 13. ENTITY #: 342//185. VIEW #: 1. BACKLOGGED :: 127.846%! ~~ 
15:03:19.375 WARN  Total activation time: 39 
15:03:19.375 WARN  Total collision time: 48 
15:03:19.375 WARN  Total cycle time: 467 
15:03:19.375 WARN  Total player update time: 85 
15:03:19.375 WARN  Total lb+minimap processing time: 2 
15:03:19.376 WARN  Total entity physics calculation time: 17 
15:03:19.376 WARN  Total entity life+thought cycle time: 257 
15:03:19.376 WARN  Total entity selfie-taking time: 33 
15:03:19.376 WARN  Total time: 948 
15:03:20.378 WARN  ~~ LOOPS: 11. ENTITY #: 341//187. VIEW #: 1. BACKLOGGED :: 112.909%! ~~ 
15:03:20.378 WARN  Total activation time: 34 
15:03:20.378 WARN  Total collision time: 26 
15:03:20.378 WARN  Total cycle time: 354 
15:03:20.379 WARN  Total player update time: 32 
15:03:20.379 WARN  Total lb+minimap processing time: 9 
15:03:20.379 WARN  Total entity physics calculation time: 68 
15:03:20.379 WARN  Total entity life+thought cycle time: 155 
15:03:20.379 WARN  Total entity selfie-taking time: 50 
15:03:20.379 WARN  Total time: 728 
15:03:22.474 WARN  ~~ LOOPS: 12. ENTITY #: 338//186. VIEW #: 1. BACKLOGGED :: 128.000%! ~~ 
15:03:22.474 WARN  Total activation time: 82 
15:03:22.474 WARN  Total collision time: 13 
15:03:22.474 WARN  Total cycle time: 417 
15:03:22.474 WARN  Total player update time: 90 
15:03:22.474 WARN  Total lb+minimap processing time: 2 
15:03:22.474 WARN  Total entity physics calculation time: 37 
15:03:22.475 WARN  Total entity life+thought cycle time: 191 
15:03:22.475 WARN  Total entity selfie-taking time: 52 
15:03:22.475 WARN  Total time: 884 
15:03:23.513 WARN  ~~ LOOPS: 10. ENTITY #: 324//187. VIEW #: 1. BACKLOGGED :: 181.800%! ~~ 
15:03:23.513 WARN  Total activation time: 61 
15:03:23.513 WARN  Total collision time: 45 
15:03:23.513 WARN  Total cycle time: 500 
15:03:23.513 WARN  Total player update time: 62 
15:03:23.513 WARN  Total lb+minimap processing time: 4 
15:03:23.513 WARN  Total entity physics calculation time: 33 
15:03:23.514 WARN  Total entity life+thought cycle time: 239 
15:03:23.514 WARN  Total entity selfie-taking time: 135 
15:03:23.514 WARN  Total time: 1079 
15:03:24.547 WARN  ~~ LOOPS: 10. ENTITY #: 330//177. VIEW #: 1. BACKLOGGED :: 178.800%! ~~ 
15:03:24.547 WARN  Total activation time: 25 
15:03:24.547 WARN  Total collision time: 24 
15:03:24.547 WARN  Total cycle time: 547 
15:03:24.547 WARN  Total player update time: 59 
15:03:24.547 WARN  Total lb+minimap processing time: 36 
15:03:24.547 WARN  Total entity physics calculation time: 44 
15:03:24.547 WARN  Total entity life+thought cycle time: 267 
15:03:24.547 WARN  Total entity selfie-taking time: 61 
15:03:24.547 WARN  Total time: 1063 
15:03:25.617 WARN  ~~ LOOPS: 7. ENTITY #: 327//180. VIEW #: 1. BACKLOGGED :: 299.571%! ~~ 
15:03:25.618 WARN  Total activation time: 74 
15:03:25.618 WARN  Total collision time: 40 
15:03:25.618 WARN  Total cycle time: 585 
15:03:25.618 WARN  Total player update time: 135 
15:03:25.618 WARN  Total lb+minimap processing time: 32 
15:03:25.618 WARN  Total entity physics calculation time: 6 
15:03:25.618 WARN  Total entity life+thought cycle time: 133 
15:03:25.618 WARN  Total entity selfie-taking time: 45 
15:03:25.618 WARN  Total time: 1050 
15:03:26.900 WARN  ~~ LOOPS: 4. ENTITY #: 328//177. VIEW #: 1. BACKLOGGED :: 609.750%! ~~ 
15:03:26.900 WARN  Total activation time: 133 
15:03:26.900 WARN  Total collision time: 4 
15:03:26.900 WARN  Total cycle time: 676 
15:03:26.963 WARN  Total player update time: 66 
15:03:26.964 WARN  Total lb+minimap processing time: 86 
15:03:26.964 WARN  Total entity physics calculation time: 2 
15:03:26.964 WARN  Total entity life+thought cycle time: 519 
15:03:26.964 WARN  Total entity selfie-taking time: 2 
15:03:26.964 WARN  Total time: 1488 
15:03:28.055 WARN  ~~ LOOPS: 6. ENTITY #: 330//179. VIEW #: 1. BACKLOGGED :: 337.000%! ~~ 
15:03:28.055 WARN  Total activation time: 79 
15:03:28.055 WARN  Total collision time: 35 
15:03:28.055 WARN  Total cycle time: 560 
15:03:28.055 WARN  Total player update time: 180 
15:03:28.055 WARN  Total lb+minimap processing time: 56 
15:03:28.055 WARN  Total entity physics calculation time: 15 
15:03:28.055 WARN  Total entity life+thought cycle time: 287 
15:03:28.055 WARN  Total entity selfie-taking time: 95 
15:03:28.055 WARN  Total time: 1307 
15:03:29.058 WARN  ~~ LOOPS: 8. ENTITY #: 334//185. VIEW #: 1. BACKLOGGED :: 241.875%! ~~ 
15:03:29.058 WARN  Total activation time: 113 
15:03:29.058 WARN  Total collision time: 116 
15:03:29.058 WARN  Total cycle time: 411 
15:03:29.058 WARN  Total player update time: 75 
15:03:29.058 WARN  Total lb+minimap processing time: 3 
15:03:29.058 WARN  Total entity physics calculation time: 87 
15:03:29.058 WARN  Total entity life+thought cycle time: 211 
15:03:29.058 WARN  Total entity selfie-taking time: 15 
15:03:29.058 WARN  Total time: 1031 
15:03:30.164 WARN  ~~ LOOPS: 10. ENTITY #: 321//175. VIEW #: 1. BACKLOGGED :: 150.300%! ~~ 
15:03:30.164 WARN  Total activation time: 23 
15:03:30.164 WARN  Total collision time: 62 
15:03:30.164 WARN  Total cycle time: 416 
15:03:30.165 WARN  Total player update time: 86 
15:03:30.165 WARN  Total lb+minimap processing time: 6 
15:03:30.166 WARN  Total entity physics calculation time: 15 
15:03:30.166 WARN  Total entity life+thought cycle time: 184 
15:03:30.166 WARN  Total entity selfie-taking time: 15 
15:03:30.166 WARN  Total time: 807 
15:03:32.221 WARN  ~~ LOOPS: 14. ENTITY #: 307//147. VIEW #: 1. BACKLOGGED :: 105.214%! ~~ 
15:03:32.221 WARN  Total activation time: 56 
15:03:32.221 WARN  Total collision time: 26 
15:03:32.221 WARN  Total cycle time: 409 
15:03:32.221 WARN  Total player update time: 47 
15:03:32.221 WARN  Total lb+minimap processing time: 8 
15:03:32.221 WARN  Total entity physics calculation time: 51 
15:03:32.221 WARN  Total entity life+thought cycle time: 189 
15:03:32.221 WARN  Total entity selfie-taking time: 47 
15:03:32.221 WARN  Total time: 833 
15:03:42.451 WARN  ~~ LOOPS: 11. ENTITY #: 306//143. VIEW #: 1. BACKLOGGED :: 173.455%! ~~ 
15:03:42.451 WARN  Total activation time: 33 
15:03:42.451 WARN  Total collision time: 68 
15:03:42.451 WARN  Total cycle time: 535 
15:03:42.451 WARN  Total player update time: 24 
15:03:42.451 WARN  Total lb+minimap processing time: 2 
15:03:42.451 WARN  Total entity physics calculation time: 93 
15:03:42.451 WARN  Total entity life+thought cycle time: 280 
15:03:42.451 WARN  Total entity selfie-taking time: 20 
15:03:42.452 WARN  Total time: 1055 
15:03:43.526 WARN  ~~ LOOPS: 10. ENTITY #: 303//137. VIEW #: 1. BACKLOGGED :: 160.500%! ~~ 
15:03:43.526 WARN  Total activation time: 19 
15:03:43.526 WARN  Total collision time: 8 
15:03:43.526 WARN  Total cycle time: 508 
15:03:43.526 WARN  Total player update time: 189 
15:03:43.526 WARN  Total lb+minimap processing time: 39 
15:03:43.526 WARN  Total entity physics calculation time: 96 
15:03:43.526 WARN  Total entity life+thought cycle time: 186 
15:03:43.526 WARN  Total entity selfie-taking time: 97 
15:03:43.526 WARN  Total time: 1142 
15:03:44.714 WARN  ~~ LOOPS: 7. ENTITY #: 301//137. VIEW #: 1. BACKLOGGED :: 323.143%! ~~ 
15:03:44.714 WARN  Total activation time: 49 
15:03:44.714 WARN  Total collision time: 146 
15:03:44.714 WARN  Total cycle time: 559 
15:03:44.714 WARN  Total player update time: 142 
15:03:44.714 WARN  Total lb+minimap processing time: 94 
15:03:44.714 WARN  Total entity physics calculation time: 30 
15:03:44.714 WARN  Total entity life+thought cycle time: 100 
15:03:44.714 WARN  Total entity selfie-taking time: 173 
15:03:44.714 WARN  Total time: 1293 
15:03:45.782 WARN  ~~ LOOPS: 6. ENTITY #: 301//130. VIEW #: 1. BACKLOGGED :: 327.500%! ~~ 
15:03:45.782 WARN  Total activation time: 34 
15:03:45.782 WARN  Total collision time: 36 
15:03:45.782 WARN  Total cycle time: 585 
15:03:45.782 WARN  Total player update time: 111 
15:03:45.782 WARN  Total lb+minimap processing time: 8 
15:03:45.782 WARN  Total entity physics calculation time: 141 
15:03:45.782 WARN  Total entity life+thought cycle time: 263 
15:03:45.782 WARN  Total entity selfie-taking time: 74 
15:03:45.783 WARN  Total time: 1252 
15:04:52.509 WARN  ~~ LOOPS: 12. ENTITY #: 250//64. VIEW #: 1. BACKLOGGED :: 114.250%! ~~ 
15:04:52.511 WARN  Total activation time: 30 
15:04:52.511 WARN  Total collision time: 17 
15:04:52.511 WARN  Total cycle time: 410 
15:04:52.511 WARN  Total player update time: 23 
15:04:52.511 WARN  Total lb+minimap processing time: 18 
15:04:52.511 WARN  Total entity physics calculation time: 32 
15:04:52.511 WARN  Total entity life+thought cycle time: 244 
15:04:52.511 WARN  Total entity selfie-taking time: 21 
15:04:52.511 WARN  Total time: 795 
15:05:09.806 WARN  ~~ LOOPS: 12. ENTITY #: 250//72. VIEW #: 1. BACKLOGGED :: 150.500%! ~~ 
15:05:09.806 WARN  Total activation time: 72 
15:05:09.807 WARN  Total collision time: 11 
15:05:09.807 WARN  Total cycle time: 519 
15:05:09.807 WARN  Total player update time: 62 
15:05:09.807 WARN  Total lb+minimap processing time: 13 
15:05:09.807 WARN  Total entity physics calculation time: 151 
15:05:09.807 WARN  Total entity life+thought cycle time: 289 
15:05:09.807 WARN  Total entity selfie-taking time: 11 
15:05:09.807 WARN  Total time: 1128 
15:05:25.965 WARN  ~~ LOOPS: 12. ENTITY #: 248//62. VIEW #: 1. BACKLOGGED :: 130.250%! ~~ 
15:05:25.965 WARN  Total activation time: 40 
15:05:25.965 WARN  Total collision time: 4 
15:05:25.971 WARN  Total cycle time: 477 
15:05:26.009 WARN  Total player update time: 67 
15:05:26.009 WARN  Total lb+minimap processing time: 32 
15:05:26.009 WARN  Total entity physics calculation time: 55 
15:05:26.009 WARN  Total entity life+thought cycle time: 227 
15:05:26.009 WARN  Total entity selfie-taking time: 83 
15:05:26.009 WARN  Total time: 985 
15:05:27.062 WARN  ~~ LOOPS: 9. ENTITY #: 248//61. VIEW #: 1. BACKLOGGED :: 131.667%! ~~ 
15:05:27.072 WARN  Total activation time: 38 
15:05:27.072 WARN  Total collision time: 1 
15:05:27.072 WARN  Total cycle time: 355 
15:05:27.072 WARN  Total player update time: 206 
15:05:27.072 WARN  Total lb+minimap processing time: 2 
15:05:27.072 WARN  Total entity physics calculation time: 6 
15:05:27.072 WARN  Total entity life+thought cycle time: 298 
15:05:27.072 WARN  Total entity selfie-taking time: 5 
15:05:27.072 WARN  Total time: 911 
15:05:58.377 WARN  ~~ LOOPS: 13. ENTITY #: 252//84. VIEW #: 1. BACKLOGGED :: 119.769%! ~~ 
15:05:58.378 WARN  Total activation time: 68 
15:05:58.378 WARN  Total collision time: 4 
15:05:58.378 WARN  Total cycle time: 447 
15:05:58.378 WARN  Total player update time: 83 
15:05:58.378 WARN  Total lb+minimap processing time: 15 
15:05:58.378 WARN  Total entity physics calculation time: 144 
15:05:58.378 WARN  Total entity life+thought cycle time: 103 
15:05:58.378 WARN  Total entity selfie-taking time: 85 
15:05:58.378 WARN  Total time: 949 
15:06:31.099 WARN  ~~ LOOPS: 5. ENTITY #: 247//81. VIEW #: 1. BACKLOGGED :: 137.400%! ~~ 
15:06:31.099 WARN  Total activation time: 7 
15:06:31.099 WARN  Total collision time: 24 
15:06:31.099 WARN  Total cycle time: 198 
15:06:31.099 WARN  Total player update time: 33 
15:06:31.099 WARN  Total lb+minimap processing time: 24 
15:06:31.099 WARN  Total entity physics calculation time: 21 
15:06:31.099 WARN  Total entity life+thought cycle time: 113 
15:06:31.100 WARN  Total entity selfie-taking time: 38 
15:06:31.100 WARN  Total time: 458 
15:06:48.376 WARN  ~~ LOOPS: 13. ENTITY #: 263//98. VIEW #: 1. BACKLOGGED :: 112.385%! ~~ 
15:06:48.376 WARN  Total activation time: 47 
15:06:48.376 WARN  Total collision time: 8 
15:06:48.376 WARN  Total cycle time: 432 
15:06:48.376 WARN  Total player update time: 63 
15:06:48.376 WARN  Total lb+minimap processing time: 16 
15:06:48.377 WARN  Total entity physics calculation time: 23 
15:06:48.377 WARN  Total entity life+thought cycle time: 228 
15:06:48.377 WARN  Total entity selfie-taking time: 17 
15:06:48.377 WARN  Total time: 834 
15:06:49.377 WARN  ~~ LOOPS: 12. ENTITY #: 257//93. VIEW #: 1. BACKLOGGED :: 126.000%! ~~ 
15:06:49.377 WARN  Total activation time: 53 
15:06:49.377 WARN  Total collision time: 14 
15:06:49.384 WARN  Total cycle time: 437 
15:06:49.384 WARN  Total player update time: 8 
15:06:49.384 WARN  Total lb+minimap processing time: 3 
15:06:49.384 WARN  Total entity physics calculation time: 93 
15:06:49.384 WARN  Total entity life+thought cycle time: 183 
15:06:49.384 WARN  Total entity selfie-taking time: 15 
15:06:49.385 WARN  Total time: 806 
15:44:41.269 WARN  ~~ LOOPS: 14. ENTITY #: 230//44. VIEW #: 1. BACKLOGGED :: 100.500%! ~~ 
15:44:41.301 WARN  Total activation time: 13 
15:44:41.301 WARN  Total collision time: 80 
15:44:41.301 WARN  Total cycle time: 376 
15:44:41.301 WARN  Total player update time: 37 
15:44:41.301 WARN  Total lb+minimap processing time: 1 
15:44:41.302 WARN  Total entity physics calculation time: 29 
15:44:41.302 WARN  Total entity life+thought cycle time: 197 
15:44:41.302 WARN  Total entity selfie-taking time: 1 
15:44:41.302 WARN  Total time: 734 
15:44:42.394 WARN  ~~ LOOPS: 10. ENTITY #: 230//44. VIEW #: 1. BACKLOGGED :: 181.200%! ~~ 
15:44:42.395 WARN  Total activation time: 15 
15:44:42.395 WARN  Total collision time: 14 
15:44:42.395 WARN  Total cycle time: 575 
15:44:42.395 WARN  Total player update time: 107 
15:44:42.395 WARN  Total lb+minimap processing time: 41 
15:44:42.395 WARN  Total entity physics calculation time: 6 
15:44:42.395 WARN  Total entity life+thought cycle time: 308 
15:44:42.395 WARN  Total entity selfie-taking time: 201 
15:44:42.395 WARN  Total time: 1267 
15:51:57.087 WARN  ~~ LOOPS: 8. ENTITY #: 303//146. VIEW #: 1. BACKLOGGED :: 158.625%! ~~ 
15:51:57.099 WARN  Total activation time: 37 
15:51:57.100 WARN  Total collision time: 18 
15:51:57.100 WARN  Total cycle time: 364 
15:51:57.101 WARN  Total player update time: 45 
15:51:57.101 WARN  Total lb+minimap processing time: 36 
15:51:57.102 WARN  Total entity physics calculation time: 51 
15:51:57.102 WARN  Total entity life+thought cycle time: 167 
15:51:57.104 WARN  Total entity selfie-taking time: 45 
15:51:57.105 WARN  Total time: 763 
15:52:09.423 WARN  ~~ LOOPS: 10. ENTITY #: 201//46. VIEW #: 1. BACKLOGGED :: 145.800%! ~~ 
15:52:09.423 WARN  Total activation time: 77 
15:52:09.424 WARN  Total collision time: 3 
15:52:09.424 WARN  Total cycle time: 406 
15:52:09.424 WARN  Total player update time: 163 
15:52:09.441 WARN  Total lb+minimap processing time: 1 
15:52:09.441 WARN  Total entity physics calculation time: 88 
15:52:09.442 WARN  Total entity life+thought cycle time: 89 
15:52:09.442 WARN  Total entity selfie-taking time: 38 
15:52:09.446 WARN  Total time: 865 
16:11:41.457 WARN  Malformed command packet. Kicking. 1 warning. 
18:43:07.639 ERROR Egg 
18:43:07.646 ERROR Cannot read property 'NaN' of undefined
TypeError: Cannot read property 'NaN' of undefined
    at Object.room.isIn (/app/arrasio/src/server/server.js:355:42)
    at entities.map.instance (/app/arrasio/src/server/server.js:5181:34)
    at Array.map (<anonymous>)
    at makefood (/app/arrasio/src/server/server.js:5176:29)
    at Timeout.maintainloop [as _onTimeout] (/app/arrasio/src/server/server.js:5241:9)
    at ontimeout (timers.js:498:11)
    at tryOnTimeout (timers.js:323:5)
    at Timer.listOnTimeout (timers.js:290:5) 
