00:01:43.734 WARN  ~~ LOOPS: 11. ENTITY #: 334//100. VIEW #: 2. BACKLOGGED :: 155.727%! ~~ 
00:01:43.734 WARN  Total activation time: 16 
00:01:43.734 WARN  Total collision time: 4 
00:01:43.734 WARN  Total cycle time: 551 
00:01:43.734 WARN  Total player update time: 106 
00:01:43.734 WARN  Total lb+minimap processing time: 47 
00:01:43.735 WARN  Total entity physics calculation time: 111 
00:01:43.735 WARN  Total entity life+thought cycle time: 197 
00:01:43.735 WARN  Total entity selfie-taking time: 95 
00:01:43.735 WARN  Total time: 1127 
00:05:14.155 WARN  ~~ LOOPS: 13. ENTITY #: 217//46. VIEW #: 2. BACKLOGGED :: 133.154%! ~~ 
00:05:14.155 WARN  Total activation time: 189 
00:05:14.155 WARN  Total collision time: 0 
00:05:14.155 WARN  Total cycle time: 388 
00:05:14.155 WARN  Total player update time: 39 
00:05:14.155 WARN  Total lb+minimap processing time: 40 
00:05:14.186 WARN  Total entity physics calculation time: 10 
00:05:14.186 WARN  Total entity life+thought cycle time: 189 
00:05:14.186 WARN  Total entity selfie-taking time: 1 
00:05:14.186 WARN  Total time: 856 
00:05:16.436 WARN  ~~ LOOPS: 10. ENTITY #: 221//43. VIEW #: 2. BACKLOGGED :: 126.600%! ~~ 
00:05:16.436 WARN  Total activation time: 5 
00:05:16.437 WARN  Total collision time: 2 
00:05:16.437 WARN  Total cycle time: 415 
00:05:16.437 WARN  Total player update time: 225 
00:05:16.439 WARN  Total lb+minimap processing time: 114 
00:05:16.439 WARN  Total entity physics calculation time: 19 
00:05:16.441 WARN  Total entity life+thought cycle time: 59 
00:05:16.441 WARN  Total entity selfie-taking time: 8 
00:05:16.496 WARN  Total time: 847 
00:12:43.328 WARN  ~~ LOOPS: 13. ENTITY #: 246//49. VIEW #: 2. BACKLOGGED :: 113.308%! ~~ 
00:12:43.329 WARN  Total activation time: 78 
00:12:43.329 WARN  Total collision time: 34 
00:12:43.329 WARN  Total cycle time: 379 
00:12:43.329 WARN  Total player update time: 23 
00:12:43.329 WARN  Total lb+minimap processing time: 54 
00:12:43.329 WARN  Total entity physics calculation time: 9 
00:12:43.329 WARN  Total entity life+thought cycle time: 169 
00:12:43.329 WARN  Total entity selfie-taking time: 121 
00:12:43.329 WARN  Total time: 867 
01:34:13.627 WARN  ~~ LOOPS: 14. ENTITY #: 247//214. VIEW #: 2. BACKLOGGED :: 120.429%! ~~ 
01:34:13.654 WARN  Total activation time: 59 
01:34:13.654 WARN  Total collision time: 29 
01:34:13.654 WARN  Total cycle time: 474 
01:34:13.654 WARN  Total player update time: 102 
01:34:13.654 WARN  Total lb+minimap processing time: 4 
01:34:13.654 WARN  Total entity physics calculation time: 26 
01:34:13.654 WARN  Total entity life+thought cycle time: 173 
01:34:13.655 WARN  Total entity selfie-taking time: 151 
01:34:13.655 WARN  Total time: 1018 
13:37:07.167 WARN  ~~ LOOPS: 7. ENTITY #: 511//70. VIEW #: 1. BACKLOGGED :: 291.429%! ~~ 
13:37:07.167 WARN  Total activation time: 113 
13:37:07.168 WARN  Total collision time: 7 
13:37:07.168 WARN  Total cycle time: 560 
13:37:07.168 WARN  Total player update time: 53 
13:37:07.169 WARN  Total lb+minimap processing time: 230 
13:37:07.169 WARN  Total entity physics calculation time: 53 
13:37:07.178 WARN  Total entity life+thought cycle time: 154 
13:37:07.179 WARN  Total entity selfie-taking time: 4 
13:37:07.179 WARN  Total time: 1174 
13:37:08.533 WARN  ~~ LOOPS: 8. ENTITY #: 511//71. VIEW #: 1. BACKLOGGED :: 196.125%! ~~ 
13:37:08.533 WARN  Total activation time: 120 
13:37:08.533 WARN  Total collision time: 0 
13:37:08.533 WARN  Total cycle time: 403 
13:37:08.534 WARN  Total player update time: 56 
13:37:08.534 WARN  Total lb+minimap processing time: 354 
13:37:08.534 WARN  Total entity physics calculation time: 41 
13:37:08.534 WARN  Total entity life+thought cycle time: 78 
13:37:08.534 WARN  Total entity selfie-taking time: 6 
13:37:08.534 WARN  Total time: 1058 
13:39:07.528 WARN  ~~ LOOPS: 13. ENTITY #: 522//83. VIEW #: 1. BACKLOGGED :: 102.923%! ~~ 
13:39:07.528 WARN  Total activation time: 27 
13:39:07.528 WARN  Total collision time: 30 
13:39:07.528 WARN  Total cycle time: 381 
13:39:07.528 WARN  Total player update time: 81 
13:39:07.528 WARN  Total lb+minimap processing time: 96 
13:39:07.528 WARN  Total entity physics calculation time: 78 
13:39:07.528 WARN  Total entity life+thought cycle time: 132 
13:39:07.528 WARN  Total entity selfie-taking time: 50 
13:39:07.528 WARN  Total time: 875 
13:39:37.225 WARN  ~~ LOOPS: 10. ENTITY #: 523//84. VIEW #: 1. BACKLOGGED :: 182.100%! ~~ 
13:39:37.225 WARN  Total activation time: 26 
13:39:37.225 WARN  Total collision time: 3 
13:39:37.225 WARN  Total cycle time: 578 
13:39:37.226 WARN  Total player update time: 52 
13:39:37.226 WARN  Total lb+minimap processing time: 145 
13:39:37.226 WARN  Total entity physics calculation time: 69 
13:39:37.226 WARN  Total entity life+thought cycle time: 154 
13:39:37.226 WARN  Total entity selfie-taking time: 120 
13:39:37.226 WARN  Total time: 1147 
13:41:06.469 WARN  ~~ LOOPS: 13. ENTITY #: 523//84. VIEW #: 1. BACKLOGGED :: 106.385%! ~~ 
13:41:06.469 WARN  Total activation time: 47 
13:41:06.470 WARN  Total collision time: 5 
13:41:06.470 WARN  Total cycle time: 409 
13:41:06.470 WARN  Total player update time: 8 
13:41:06.471 WARN  Total lb+minimap processing time: 152 
13:41:06.482 WARN  Total entity physics calculation time: 64 
13:41:06.482 WARN  Total entity life+thought cycle time: 168 
13:41:06.482 WARN  Total entity selfie-taking time: 18 
13:41:06.483 WARN  Total time: 871 
13:41:07.941 WARN  ~~ LOOPS: 10. ENTITY #: 524//87. VIEW #: 1. BACKLOGGED :: 141.000%! ~~ 
13:41:07.941 WARN  Total activation time: 51 
13:41:07.941 WARN  Total collision time: 1 
13:41:07.942 WARN  Total cycle time: 417 
13:41:07.942 WARN  Total player update time: 24 
13:41:07.942 WARN  Total lb+minimap processing time: 138 
13:41:07.942 WARN  Total entity physics calculation time: 12 
13:41:07.942 WARN  Total entity life+thought cycle time: 191 
13:41:07.942 WARN  Total entity selfie-taking time: 6 
13:41:07.942 WARN  Total time: 840 
13:41:09.235 WARN  ~~ LOOPS: 6. ENTITY #: 523//88. VIEW #: 1. BACKLOGGED :: 206.500%! ~~ 
13:41:09.235 WARN  Total activation time: 105 
13:41:09.235 WARN  Total collision time: 41 
13:41:09.235 WARN  Total cycle time: 267 
13:41:09.235 WARN  Total player update time: 12 
13:41:09.235 WARN  Total lb+minimap processing time: 251 
13:41:09.235 WARN  Total entity physics calculation time: 48 
13:41:09.235 WARN  Total entity life+thought cycle time: 149 
13:41:09.235 WARN  Total entity selfie-taking time: 20 
13:41:09.235 WARN  Total time: 893 
13:41:10.318 WARN  ~~ LOOPS: 8. ENTITY #: 523//85. VIEW #: 1. BACKLOGGED :: 168.750%! ~~ 
13:41:10.319 WARN  Total activation time: 109 
13:41:10.319 WARN  Total collision time: 13 
13:41:10.320 WARN  Total cycle time: 328 
13:41:10.320 WARN  Total player update time: 54 
13:41:10.321 WARN  Total lb+minimap processing time: 50 
13:41:10.321 WARN  Total entity physics calculation time: 14 
13:41:10.321 WARN  Total entity life+thought cycle time: 160 
13:41:10.322 WARN  Total entity selfie-taking time: 39 
13:41:10.335 WARN  Total time: 767 
13:42:35.954 WARN  ~~ LOOPS: 9. ENTITY #: 520//132. VIEW #: 2. BACKLOGGED :: 174.333%! ~~ 
13:42:35.954 WARN  Total activation time: 46 
13:42:35.955 WARN  Total collision time: 5 
13:42:35.955 WARN  Total cycle time: 472 
13:42:35.955 WARN  Total player update time: 117 
13:42:35.955 WARN  Total lb+minimap processing time: 77 
13:42:35.955 WARN  Total entity physics calculation time: 44 
13:42:35.955 WARN  Total entity life+thought cycle time: 147 
13:42:35.955 WARN  Total entity selfie-taking time: 148 
13:42:35.955 WARN  Total time: 1056 
13:42:37.103 WARN  ~~ LOOPS: 7. ENTITY #: 517//126. VIEW #: 2. BACKLOGGED :: 249.429%! ~~ 
13:42:37.103 WARN  Total activation time: 107 
13:42:37.103 WARN  Total collision time: 24 
13:42:37.103 WARN  Total cycle time: 450 
13:42:37.103 WARN  Total player update time: 52 
13:42:37.103 WARN  Total lb+minimap processing time: 113 
13:42:37.103 WARN  Total entity physics calculation time: 177 
13:42:37.103 WARN  Total entity life+thought cycle time: 133 
13:42:37.103 WARN  Total entity selfie-taking time: 7 
13:42:37.103 WARN  Total time: 1063 
13:44:06.579 WARN  ~~ LOOPS: 12. ENTITY #: 520//103. VIEW #: 2. BACKLOGGED :: 138.000%! ~~ 
13:44:06.580 WARN  Total activation time: 109 
13:44:06.580 WARN  Total collision time: 21 
13:44:06.581 WARN  Total cycle time: 422 
13:44:06.583 WARN  Total player update time: 24 
13:44:06.584 WARN  Total lb+minimap processing time: 110 
13:44:06.584 WARN  Total entity physics calculation time: 45 
13:44:06.597 WARN  Total entity life+thought cycle time: 204 
13:44:06.607 WARN  Total entity selfie-taking time: 9 
13:44:06.607 WARN  Total time: 944 
13:45:06.729 WARN  ~~ LOOPS: 9. ENTITY #: 495//77. VIEW #: 2. BACKLOGGED :: 197.667%! ~~ 
13:45:06.744 WARN  Total activation time: 55 
13:45:06.745 WARN  Total collision time: 41 
13:45:06.745 WARN  Total cycle time: 497 
13:45:06.746 WARN  Total player update time: 118 
13:45:06.746 WARN  Total lb+minimap processing time: 132 
13:45:06.746 WARN  Total entity physics calculation time: 96 
13:45:06.746 WARN  Total entity life+thought cycle time: 221 
13:45:06.747 WARN  Total entity selfie-taking time: 8 
13:45:06.747 WARN  Total time: 1168 
13:51:06.517 WARN  ~~ LOOPS: 14. ENTITY #: 282//97. VIEW #: 1. BACKLOGGED :: 114.857%! ~~ 
13:51:06.518 WARN  Total activation time: 43 
13:51:06.518 WARN  Total collision time: 19 
13:51:06.518 WARN  Total cycle time: 474 
13:51:06.518 WARN  Total player update time: 117 
13:51:06.518 WARN  Total lb+minimap processing time: 30 
13:51:06.518 WARN  Total entity physics calculation time: 22 
13:51:06.518 WARN  Total entity life+thought cycle time: 150 
13:51:06.518 WARN  Total entity selfie-taking time: 40 
13:51:06.518 WARN  Total time: 895 
13:52:06.139 WARN  ~~ LOOPS: 14. ENTITY #: 334//108. VIEW #: 1. BACKLOGGED :: 108.857%! ~~ 
13:52:06.140 WARN  Total activation time: 33 
13:52:06.140 WARN  Total collision time: 17 
13:52:06.140 WARN  Total cycle time: 458 
13:52:06.141 WARN  Total player update time: 18 
13:52:06.141 WARN  Total lb+minimap processing time: 7 
13:52:06.142 WARN  Total entity physics calculation time: 63 
13:52:06.142 WARN  Total entity life+thought cycle time: 208 
13:52:06.142 WARN  Total entity selfie-taking time: 13 
13:52:06.143 WARN  Total time: 817 
13:54:06.515 WARN  ~~ LOOPS: 13. ENTITY #: 354//113. VIEW #: 1. BACKLOGGED :: 127.846%! ~~ 
13:54:06.515 WARN  Total activation time: 32 
13:54:06.515 WARN  Total collision time: 48 
13:54:06.515 WARN  Total cycle time: 474 
13:54:06.515 WARN  Total player update time: 94 
13:54:06.515 WARN  Total lb+minimap processing time: 23 
13:54:06.516 WARN  Total entity physics calculation time: 57 
13:54:06.516 WARN  Total entity life+thought cycle time: 144 
13:54:06.516 WARN  Total entity selfie-taking time: 43 
13:54:06.516 WARN  Total time: 915 
13:54:36.247 WARN  ~~ LOOPS: 12. ENTITY #: 358//116. VIEW #: 1. BACKLOGGED :: 142.000%! ~~ 
13:54:36.272 WARN  Total activation time: 40 
13:54:36.272 WARN  Total collision time: 19 
13:54:36.281 WARN  Total cycle time: 509 
13:54:36.281 WARN  Total player update time: 31 
13:54:36.282 WARN  Total lb+minimap processing time: 118 
13:54:36.282 WARN  Total entity physics calculation time: 101 
13:54:36.282 WARN  Total entity life+thought cycle time: 184 
13:54:36.295 WARN  Total entity selfie-taking time: 99 
13:54:36.302 WARN  Total time: 1101 
13:54:37.325 WARN  ~~ LOOPS: 13. ENTITY #: 346//112. VIEW #: 1. BACKLOGGED :: 118.846%! ~~ 
13:54:37.325 WARN  Total activation time: 63 
13:54:37.326 WARN  Total collision time: 16 
13:54:37.326 WARN  Total cycle time: 435 
13:54:37.327 WARN  Total player update time: 74 
13:54:37.327 WARN  Total lb+minimap processing time: 45 
13:54:37.327 WARN  Total entity physics calculation time: 61 
13:54:37.328 WARN  Total entity life+thought cycle time: 111 
13:54:37.328 WARN  Total entity selfie-taking time: 80 
13:54:37.329 WARN  Total time: 885 
13:55:06.892 WARN  ~~ LOOPS: 14. ENTITY #: 356//112. VIEW #: 1. BACKLOGGED :: 106.714%! ~~ 
13:55:06.892 WARN  Total activation time: 76 
13:55:06.892 WARN  Total collision time: 13 
13:55:06.892 WARN  Total cycle time: 409 
13:55:06.892 WARN  Total player update time: 41 
13:55:06.892 WARN  Total lb+minimap processing time: 24 
13:55:06.892 WARN  Total entity physics calculation time: 24 
13:55:06.892 WARN  Total entity life+thought cycle time: 152 
13:55:06.892 WARN  Total entity selfie-taking time: 71 
13:55:06.892 WARN  Total time: 810 
13:55:36.426 WARN  ~~ LOOPS: 14. ENTITY #: 372//113. VIEW #: 1. BACKLOGGED :: 113.571%! ~~ 
13:55:36.426 WARN  Total activation time: 68 
13:55:36.426 WARN  Total collision time: 24 
13:55:36.426 WARN  Total cycle time: 438 
13:55:36.426 WARN  Total player update time: 25 
13:55:36.426 WARN  Total lb+minimap processing time: 153 
13:55:36.427 WARN  Total entity physics calculation time: 20 
13:55:36.427 WARN  Total entity life+thought cycle time: 142 
13:55:36.427 WARN  Total entity selfie-taking time: 23 
13:55:36.427 WARN  Total time: 893 
13:58:06.310 WARN  ~~ LOOPS: 14. ENTITY #: 382//112. VIEW #: 1. BACKLOGGED :: 106.714%! ~~ 
13:58:06.310 WARN  Total activation time: 43 
13:58:06.311 WARN  Total collision time: 44 
13:58:06.311 WARN  Total cycle time: 411 
13:58:06.312 WARN  Total player update time: 66 
13:58:06.312 WARN  Total lb+minimap processing time: 68 
13:58:06.312 WARN  Total entity physics calculation time: 20 
13:58:06.313 WARN  Total entity life+thought cycle time: 150 
13:58:06.313 WARN  Total entity selfie-taking time: 29 
13:58:06.314 WARN  Total time: 831 
13:59:06.837 WARN  ~~ LOOPS: 9. ENTITY #: 381//115. VIEW #: 1. BACKLOGGED :: 265.667%! ~~ 
13:59:06.904 WARN  Total activation time: 90 
13:59:06.904 WARN  Total collision time: 9 
13:59:06.905 WARN  Total cycle time: 698 
13:59:06.905 WARN  Total player update time: 67 
13:59:06.905 WARN  Total lb+minimap processing time: 102 
13:59:06.906 WARN  Total entity physics calculation time: 23 
13:59:06.938 WARN  Total entity life+thought cycle time: 341 
13:59:06.938 WARN  Total entity selfie-taking time: 85 
13:59:06.938 WARN  Total time: 1415 
13:59:14.232 WARN  ~~ LOOPS: 12. ENTITY #: 380//113. VIEW #: 1. BACKLOGGED :: 135.500%! ~~ 
13:59:14.232 WARN  Total activation time: 79 
13:59:14.233 WARN  Total collision time: 14 
13:59:14.256 WARN  Total cycle time: 449 
13:59:14.256 WARN  Total player update time: 86 
13:59:14.257 WARN  Total lb+minimap processing time: 74 
13:59:14.257 WARN  Total entity physics calculation time: 12 
13:59:14.258 WARN  Total entity life+thought cycle time: 231 
13:59:14.258 WARN  Total entity selfie-taking time: 42 
13:59:14.258 WARN  Total time: 987 
22:24:31.638 ERROR Cannot read property 'PARENT' of undefined
TypeError: Cannot read property 'PARENT' of undefined
    at Entity.define (/app/arrasio/src/server/server.js:1934:17)
    at forEach.type (/app/arrasio/src/server/server.js:2198:91)
    at Array.forEach (<anonymous>)
    at set.TURRETS.forEach.def (/app/arrasio/src/server/server.js:2198:73)
    at Array.forEach (<anonymous>)
    at Entity.define (/app/arrasio/src/server/server.js:2196:25)
    at exportDefintionsToClient (/app/arrasio/src/server/server.js:3040:26)
    at Object.<anonymous> (/app/arrasio/src/server/server.js:3070:7)
    at Module._compile (module.js:653:30)
    at Object.Module._extensions..js (module.js:664:10) 
22:24:31.638 ERROR skimboss 
22:24:31.640 ERROR {"PARENT":[{"LABEL":"Unknown Class","TYPE":"tank","DAMAGE_CLASS":2,"DANGER":5,"MOTION_TYPE":"motor","FACING_TYPE":"toTarget","SIZE":12,"INVISIBLE":[0,0],"MAX_CHILDREN":0,"DAMAGE_EFFECTS":false,"BODY":{"ACCELERATION":1.6,"SPEED":5.25,"HEALTH":20,"DAMAGE":3,"PENETRATION":1.05,"SHIELD":8,"REGEN":0.025,"FOV":1,"DENSITY":0.5,"PUSHABILITY":0.9,"HETERO":3},"GUNS":[],"TURRETS":[],"GIVE_KILL_MESSAGE":true,"DRAW_HEALTH":true,"index":71,"mockup":{"body":{"type":7,"id":71,"index":71,"x":0,"y":0,"vx":0,"vy":0,"size":12,"rsize":12,"status":1,"health":1,"shield":1,"facing":0,"vfacing":0,"twiggle":false,"layer":5,"color":16,"name":"Unknown Class","score":0,"guns":[],"turrets":[],"alpha":1,"position":{"middle":{"x":0,"y":0},"axis":2,"points":[{"x":1,"y":0},{"x":-1,"y":0},{"x":0,"y":1}]}},"position":{"middle":{"x":0,"y":0},"axis":2,"points":[{"x":1,"y":0},{"x":-1,"y":0},{"x":0,"y":1}]}}}],"BODY":{"HEALTH":300,"DAMAGE":2,"SHIELD":200},"SHAPE":3,"COLOR":2,"FACING_TYPE":"autospin","TURRETS":[{"POSITION":[15,5,0,60,170,0]},{"POSITION":[15,5,0,180,170,0],"TYPE":{"PARENT":[{"LABEL":"Unknown Class","TYPE":"tank","DAMAGE_CLASS":2,"DANGER":5,"MOTION_TYPE":"motor","FACING_TYPE":"toTarget","SIZE":12,"INVISIBLE":[0,0],"MAX_CHILDREN":0,"DAMAGE_EFFECTS":false,"BODY":{"ACCELERATION":1.6,"SPEED":5.25,"HEALTH":20,"DAMAGE":3,"PENETRATION":1.05,"SHIELD":8,"REGEN":0.025,"FOV":1,"DENSITY":0.5,"PUSHABILITY":0.9,"HETERO":3},"GUNS":[],"TURRETS":[],"GIVE_KILL_MESSAGE":true,"DRAW_HEALTH":true,"index":71,"mockup":{"body":{"type":7,"id":71,"index":71,"x":0,"y":0,"vx":0,"vy":0,"size":12,"rsize":12,"status":1,"health":1,"shield":1,"facing":0,"vfacing":0,"twiggle":false,"layer":5,"color":16,"name":"Unknown Class","score":0,"guns":[],"turrets":[],"alpha":1,"position":{"middle":{"x":0,"y":0},"axis":2,"points":[{"x":1,"y":0},{"x":-1,"y":0},{"x":0,"y":1}]}},"position":{"middle":{"x":0,"y":0},"axis":2,"points":[{"x":1,"y":0},{"x":-1,"y":0},{"x":0,"y":1}]}}}],"BODY":{"FOV":2},"COLOR":2,"CONTROLLERS":["canRepel","onlyAcceptInArc","mapAltToFire","nearestDifferentMaster"],"LABEL":"","GUNS":[{"POSITION":[10,14,-0.5,9,0,0,0],"PROPERTIES":{"SHOOT_SETTINGS":{"reload":68.9472,"recoil":0.87808,"shudder":0.08000000000000002,"size":0.7290000000000001,"health":1.35,"damage":1.2000000000000002,"pen":2,"speed":1.5175687499999997,"maxSpeed":0.29040000000000005,"range":1,"density":3.375,"spray":15,"resist":1.265},"TYPE":{"PARENT":[{"PARENT":[{"LABEL":"Bullet","TYPE":"bullet","ACCEPTS_SCORE":false,"BODY":{"PENETRATION":1,"SPEED":3.75,"RANGE":90,"DENSITY":1.25,"HEALTH":0.165,"DAMAGE":6,"PUSHABILITY":0.3},"FACING_TYPE":"smoothWithMotion","CAN_GO_OUTSIDE_ROOM":true,"HITS_OWN_TYPE":"never","DIE_AT_RANGE":true,"index":21,"mockup":{"body":{"type":1,"id":21,"index":21,"x":0,"y":0,"vx":0,"vy":0,"size":1,"rsize":1,"status":1,"health":1,"shield":null,"facing":0,"vfacing":0,"twiggle":false,"layer":0,"color":16,"name":"Bullet","score":0,"guns":[],"turrets":[],"alpha":1,"position":{"middle":{"x":0,"y":0},"axis":2,"points":[{"x":1,"y":0},{"x":-1,"y":0},{"x":0,"y":1}]}},"position":{"middle":{"x":0,"y":0},"axis":2,"points":[{"x":1,"y":0},{"x":-1,"y":0},{"x":0,"y":1}]}}}],"SHAPE":0,"LABEL":"Missile","INDEPENDENT":true,"VARIES_IN_SIZE":true,"BODY":{"RANGE":120},"GUNS":[{"POSITION":[14,6,1,0,-2,130,0],"PROPERTIES":{"AUTOFIRE":true,"SHOOT_SETTINGS":{"reload":11.97,"recoil":1.512,"shudder":0.16000000000000003,"size":0.9,"health":0.675,"damage":0.30000000000000004,"pen":1.4,"speed":2.2815,"maxSpeed":0.507,"range":1,"density":1,"spray":7.5,"resist":0.77},"TYPE":[{"LABEL":"Bullet","TYPE":"bullet","ACCEPTS_SCORE":false,"BODY":{"PENETRATION":1,"SPEED":3.75,"RANGE":90,"DENSITY":1.25,"HEALTH":0.165,"DAMAGE":6,"PUSHABILITY":0.3},"FACING_TYPE":"smoothWithMotion","CAN_GO_OUTSIDE_ROOM":true,"HITS_OWN_TYPE":"never","DIE_AT_RANGE":true,"index":21,"mockup":{"body":{"type":1,"id":21,"index":21,"x":0,"y":0,"vx":0,"vy":0,"size":1,"rsize":1,"status":1,"health":1,"shield":null,"facing":0,"vfacing":0,"twiggle":false,"layer":0,"color":16,"name":"Bullet","score":0,"guns":[],"turrets":[],"alpha":1,"position":{"middle":{"x":0,"y":0},"axis":2,"points":[{"x":1,"y":0},{"x":-1,"y":0},{"x":0,"y":1}]}},"position":{"middle":{"x":0,"y":0},"axis":2,"points":[{"x":1,"y":0},{"x":-1,"y":0},{"x":0,"y":1}]}}},{"PERSISTS_AFTER_DEATH":true}],"STAT_CALCULATOR":5}},{"POSITION":[14,6,1,0,2,230,0],"PROPERTIES":{"AUTOFIRE":true,"SHOOT_SETTINGS":{"reload":11.97,"recoil":1.512,"shudder":0.16000000000000003,"size":0.9,"health":0.675,"damage":0.30000000000000004,"pen":1.4,"speed":2.2815,"maxSpeed":0.507,"range":1,"density":1,"spray":7.5,"resist":0.77},"TYPE":[{"LABEL":"Bullet","TYPE":"bullet","ACCEPTS_SCORE":false,"BODY":{"PENETRATION":1,"SPEED":3.75,"RANGE":90,"DENSITY":1.25,"HEALTH":0.165,"DAMAGE":6,"PUSHABILITY":0.3},"FACING_TYPE":"smoothWithMotion","CAN_GO_OUTSIDE_ROOM":true,"HITS_OWN_TYPE":"never","DIE_AT_RANGE":true,"index":21,"mockup":{"body":{"type":1,"id":21,"index":21,"x":0,"y":0,"vx":0,"vy":0,"size":1,"rsize":1,"status":1,"health":1,"shield":null,"facing":0,"vfacing":0,"twiggle":false,"layer":0,"color":16,"name":"Bullet","score":0,"guns":[],"turrets":[],"alpha":1,"position":{"middle":{"x":0,"y":0},"axis":2,"points":[{"x":1,"y":0},{"x":-1,"y":0},{"x":0,"y":1}]}},"position":{"middle":{"x":0,"y":0},"axis":2,"points":[{"x":1,"y":0},{"x":-1,"y":0},{"x":0,"y":1}]}}},{"PERSISTS_AFTER_DEATH":true}],"STAT_CALCULATOR":5}}],"index":54,"mockup":{"body":{"type":1,"id":54,"index":54,"x":0,"y":0,"vx":0,"vy":0,"size":1,"rsize":1,"status":1,"health":1,"shield":null,"facing":0,"vfacing":0,"twiggle":false,"layer":0,"color":16,"name":"Missile","score":0,"guns":[{"time":0,"power":0},{"time":0,"power":0}],"turrets":[],"alpha":1,"position":{"middle":{"x":-0.398845,"y":0},"axis":2.79769,"points":[{"x":-0.51688,"y":1.39386},{"x":-0.51688,"y":-1.39386},{"x":1,"y":0}]}},"position":{"middle":{"x":-0.398845,"y":0},"axis":2.79769,"points":[{"x":-0.51688,"y":1.39386},{"x":-0.51688,"y":-1.39386},{"x":1,"y":0}]}}}],"GUNS":[{"POSITION":[14,6,1,0,-2,150,0],"PROPERTIES":{"AUTOFIRE":true,"SHOOT_SETTINGS":{"reload":11.97,"recoil":1.2879999999999998,"shudder":0.16000000000000003,"size":0.9,"health":0.675,"damage":0.30000000000000004,"pen":1.4,"speed":1.755,"maxSpeed":0.39,"range":1,"density":1,"spray":7.5,"resist":0.77},"TYPE":[{"LABEL":"Bullet","TYPE":"bullet","ACCEPTS_SCORE":false,"BODY":{"PENETRATION":1,"SPEED":3.75,"RANGE":90,"DENSITY":1.25,"HEALTH":0.165,"DAMAGE":6,"PUSHABILITY":0.3},"FACING_TYPE":"smoothWithMotion","CAN_GO_OUTSIDE_ROOM":true,"HITS_OWN_TYPE":"never","DIE_AT_RANGE":true,"index":21,"mockup":{"body":{"type":1,"id":21,"index":21,"x":0,"y":0,"vx":0,"vy":0,"size":1,"rsize":1,"status":1,"health":1,"shield":null,"facing":0,"vfacing":0,"twiggle":false,"layer":0,"color":16,"name":"Bullet","score":0,"guns":[],"turrets":[],"alpha":1,"position":{"middle":{"x":0,"y":0},"axis":2,"points":[{"x":1,"y":0},{"x":-1,"y":0},{"x":0,"y":1}]}},"position":{"middle":{"x":0,"y":0},"axis":2,"points":[{"x":1,"y":0},{"x":-1,"y":0},{"x":0,"y":1}]}}},{"PERSISTS_AFTER_DEATH":true}],"STAT_CALCULATOR":5}},{"POSITION":[14,6,1,0,2,210,0],"PROPERTIES":{"AUTOFIRE":true,"SHOOT_SETTINGS":{"reload":11.97,"recoil":1.2879999999999998,"shudder":0.16000000000000003,"size":0.9,"health":0.675,"damage":0.30000000000000004,"pen":1.4,"speed":1.755,"maxSpeed":0.39,"range":1,"density":1,"spray":7.5,"resist":0.77},"TYPE":[{"LABEL":"Bullet","TYPE":"bullet","ACCEPTS_SCORE":false,"BODY":{"PENETRATION":1,"SPEED":3.75,"RANGE":90,"DENSITY":1.25,"HEALTH":0.165,"DAMAGE":6,"PUSHABILITY":0.3},"FACING_TYPE":"smoothWithMotion","CAN_GO_OUTSIDE_ROOM":true,"HITS_OWN_TYPE":"never","DIE_AT_RANGE":true,"index":21,"mockup":{"body":{"type":1,"id":21,"index":21,"x":0,"y":0,"vx":0,"vy":0,"size":1,"rsize":1,"status":1,"health":1,"shield":null,"facing":0,"vfacing":0,"twiggle":false,"layer":0,"color":16,"name":"Bullet","score":0,"guns":[],"turrets":[],"alpha":1,"position":{"middle":{"x":0,"y":0},"axis":2,"points":[{"x":1,"y":0},{"x":-1,"y":0},{"x":0,"y":1}]}},"position":{"middle":{"x":0,"y":0},"axis":2,"points":[{"x":1,"y":0},{"x":-1,"y":0},{"x":0,"y":1}]}}},{"PERSISTS_AFTER_DEATH":true}],"STAT_CALCULATOR":5}},{"POSITION":[14,6,1,0,-2,90,0.5],"PROPERTIES":{"AUTOFIRE":true,"SHOOT_SETTINGS":{"reload":11.97,"recoil":1.2879999999999998,"shudder":0.16000000000000003,"size":0.9,"health":0.675,"damage":0.30000000000000004,"pen":1.4,"speed":1.755,"maxSpeed":0.39,"range":1,"density":1,"spray":7.5,"resist":0.77},"TYPE":[{"LABEL":"Bullet","TYPE":"bullet","ACCEPTS_SCORE":false,"BODY":{"PENETRATION":1,"SPEED":3.75,"RANGE":90,"DENSITY":1.25,"HEALTH":0.165,"DAMAGE":6,"PUSHABILITY":0.3},"FACING_TYPE":"smoothWithMotion","CAN_GO_OUTSIDE_ROOM":true,"HITS_OWN_TYPE":"never","DIE_AT_RANGE":true,"index":21,"mockup":{"body":{"type":1,"id":21,"index":21,"x":0,"y":0,"vx":0,"vy":0,"size":1,"rsize":1,"status":1,"health":1,"shield":null,"facing":0,"vfacing":0,"twiggle":false,"layer":0,"color":16,"name":"Bullet","score":0,"guns":[],"turrets":[],"alpha":1,"position":{"middle":{"x":0,"y":0},"axis":2,"points":[{"x":1,"y":0},{"x":-1,"y":0},{"x":0,"y":1}]}},"position":{"middle":{"x":0,"y":0},"axis":2,"points":[{"x":1,"y":0},{"x":-1,"y":0},{"x":0,"y":1}]}}},{"PERSISTS_AFTER_DEATH":true}]}},{"POSITION":[14,6,1,0,2,270,0.5],"PROPERTIES":{"AUTOFIRE":true,"SHOOT_SETTINGS":{"reload":11.97,"recoil":1.2879999999999998,"shudder":0.16000000000000003,"size":0.9,"health":0.675,"damage":0.30000000000000004,"pen":1.4,"speed":1.755,"maxSpeed":0.39,"range":1,"density":1,"spray":7.5,"resist":0.77},"TYPE":[{"LABEL":"Bullet","TYPE":"bullet","ACCEPTS_SCORE":false,"BODY":{"PENETRATION":1,"SPEED":3.75,"RANGE":90,"DENSITY":1.25,"HEALTH":0.165,"DAMAGE":6,"PUSHABILITY":0.3},"FACING_TYPE":"smoothWithMotion","CAN_GO_OUTSIDE_ROOM":true,"HITS_OWN_TYPE":"never","DIE_AT_RANGE":true,"index":21,"mockup":{"body":{"type":1,"id":21,"index":21,"x":0,"y":0,"vx":0,"vy":0,"size":1,"rsize":1,"status":1,"health":1,"shield":null,"facing":0,"vfacing":0,"twiggle":false,"layer":0,"color":16,"name":"Bullet","score":0,"guns":[],"turrets":[],"alpha":1,"position":{"middle":{"x":0,"y":0},"axis":2,"points":[{"x":1,"y":0},{"x":-1,"y":0},{"x":0,"y":1}]}},"position":{"middle":{"x":0,"y":0},"axis":2,"points":[{"x":1,"y":0},{"x":-1,"y":0},{"x":0,"y":1}]}}},{"PERSISTS_AFTER_DEATH":true}]}}],"index":65,"mockup":{"body":{"type":1,"id":65,"index":65,"x":0,"y":0,"vx":0,"vy":0,"size":1,"rsize":1,"status":1,"health":1,"shield":null,"facing":0,"vfacing":0,"twiggle":false,"layer":0,"color":16,"score":0,"guns":[{"time":0,"power":0},{"time":0,"power":0},{"time":0,"power":0},{"time":0,"power":0}],"turrets":[],"alpha":1,"position":{"middle":{"x":0,"y":0},"axis":2.97321,"points":[{"x":-0.962436,"y":-1.13301},{"x":0.5,"y":1.4},{"x":0.5,"y":-1.4}]}},"position":{"middle":{"x":0,"y":0},"axis":2.97321,"points":[{"x":-0.962436,"y":-1.13301},{"x":0.5,"y":1.4},{"x":0.5,"y":-1.4}]}}}}},{"POSITION":[17,15,1,0,0,0,0]}],"index":121,"mockup":{"body":{"type":7,"id":139,"index":121,"x":0,"y":0,"vx":0,"vy":0,"size":12,"rsize":12,"status":1,"health":1,"shield":1,"facing":0,"vfacing":0,"twiggle":false,"layer":5,"color":2,"name":"","score":0,"guns":[{"time":0,"power":0},{"time":0,"power":0}],"turrets":[],"alpha":1,"position":{"middle":{"x":0.534483,"y":0},"axis":3.06897,"points":[{"x":1.9,"y":0.7},{"x":-1,"y":0},{"x":1.9,"y":-0.7}]}},"position":{"middle":{"x":0.534483,"y":0},"axis":3.06897,"points":[{"x":1.9,"y":0.7},{"x":-1,"y":0},{"x":1.9,"y":-0.7}]}}}},{"POSITION":[15,5,0,300,170,0],"TYPE":{"PARENT":[{"LABEL":"Unknown Class","TYPE":"tank","DAMAGE_CLASS":2,"DANGER":5,"MOTION_TYPE":"motor","FACING_TYPE":"toTarget","SIZE":12,"INVISIBLE":[0,0],"MAX_CHILDREN":0,"DAMAGE_EFFECTS":false,"BODY":{"ACCELERATION":1.6,"SPEED":5.25,"HEALTH":20,"DAMAGE":3,"PENETRATION":1.05,"SHIELD":8,"REGEN":0.025,"FOV":1,"DENSITY":0.5,"PUSHABILITY":0.9,"HETERO":3},"GUNS":[],"TURRETS":[],"GIVE_KILL_MESSAGE":true,"DRAW_HEALTH":true,"index":71,"mockup":{"body":{"type":7,"id":71,"index":71,"x":0,"y":0,"vx":0,"vy":0,"size":12,"rsize":12,"status":1,"health":1,"shield":1,"facing":0,"vfacing":0,"twiggle":false,"layer":5,"color":16,"name":"Unknown Class","score":0,"guns":[],"turrets":[],"alpha":1,"position":{"middle":{"x":0,"y":0},"axis":2,"points":[{"x":1,"y":0},{"x":-1,"y":0},{"x":0,"y":1}]}},"position":{"middle":{"x":0,"y":0},"axis":2,"points":[{"x":1,"y":0},{"x":-1,"y":0},{"x":0,"y":1}]}}}],"BODY":{"FOV":2},"COLOR":2,"CONTROLLERS":["canRepel","onlyAcceptInArc","mapAltToFire","nearestDifferentMaster"],"LABEL":"","GUNS":[{"POSITION":[10,14,-0.5,9,0,0,0],"PROPERTIES":{"SHOOT_SETTINGS":{"reload":68.9472,"recoil":0.87808,"shudder":0.08000000000000002,"size":0.7290000000000001,"health":1.35,"damage":1.2000000000000002,"pen":2,"speed":1.5175687499999997,"maxSpeed":0.29040000000000005,"range":1,"density":3.375,"spray":15,"resist":1.265},"TYPE":{"PARENT":[{"PARENT":[{"LABEL":"Bullet","TYPE":"bullet","ACCEPTS_SCORE":false,"BODY":{"PENETRATION":1,"SPEED":3.75,"RANGE":90,"DENSITY":1.25,"HEALTH":0.165,"DAMAGE":6,"PUSHABILITY":0.3},"FACING_TYPE":"smoothWithMotion","CAN_GO_OUTSIDE_ROOM":true,"HITS_OWN_TYPE":"never","DIE_AT_RANGE":true,"index":21,"mockup":{"body":{"type":1,"id":21,"index":21,"x":0,"y":0,"vx":0,"vy":0,"size":1,"rsize":1,"status":1,"health":1,"shield":null,"facing":0,"vfacing":0,"twiggle":false,"layer":0,"color":16,"name":"Bullet","score":0,"guns":[],"turrets":[],"alpha":1,"position":{"middle":{"x":0,"y":0},"axis":2,"points":[{"x":1,"y":0},{"x":-1,"y":0},{"x":0,"y":1}]}},"position":{"middle":{"x":0,"y":0},"axis":2,"points":[{"x":1,"y":0},{"x":-1,"y":0},{"x":0,"y":1}]}}}],"SHAPE":0,"LABEL":"Missile","INDEPENDENT":true,"VARIES_IN_SIZE":true,"BODY":{"RANGE":120},"GUNS":[{"POSITION":[14,6,1,0,-2,130,0],"PROPERTIES":{"AUTOFIRE":true,"SHOOT_SETTINGS":{"reload":11.97,"recoil":1.512,"shudder":0.16000000000000003,"size":0.9,"health":0.675,"damage":0.30000000000000004,"pen":1.4,"speed":2.2815,"maxSpeed":0.507,"range":1,"density":1,"spray":7.5,"resist":0.77},"TYPE":[{"LABEL":"Bullet","TYPE":"bullet","ACCEPTS_SCORE":false,"BODY":{"PENETRATION":1,"SPEED":3.75,"RANGE":90,"DENSITY":1.25,"HEALTH":0.165,"DAMAGE":6,"PUSHABILITY":0.3},"FACING_TYPE":"smoothWithMotion","CAN_GO_OUTSIDE_ROOM":true,"HITS_OWN_TYPE":"never","DIE_AT_RANGE":true,"index":21,"mockup":{"body":{"type":1,"id":21,"index":21,"x":0,"y":0,"vx":0,"vy":0,"size":1,"rsize":1,"status":1,"health":1,"shield":null,"facing":0,"vfacing":0,"twiggle":false,"layer":0,"color":16,"name":"Bullet","score":0,"guns":[],"turrets":[],"alpha":1,"position":{"middle":{"x":0,"y":0},"axis":2,"points":[{"x":1,"y":0},{"x":-1,"y":0},{"x":0,"y":1}]}},"position":{"middle":{"x":0,"y":0},"axis":2,"points":[{"x":1,"y":0},{"x":-1,"y":0},{"x":0,"y":1}]}}},{"PERSISTS_AFTER_DEATH":true}],"STAT_CALCULATOR":5}},{"POSITION":[14,6,1,0,2,230,0],"PROPERTIES":{"AUTOFIRE":true,"SHOOT_SETTINGS":{"reload":11.97,"recoil":1.512,"shudder":0.16000000000000003,"size":0.9,"health":0.675,"damage":0.30000000000000004,"pen":1.4,"speed":2.2815,"maxSpeed":0.507,"range":1,"density":1,"spray":7.5,"resist":0.77},"TYPE":[{"LABEL":"Bullet","TYPE":"bullet","ACCEPTS_SCORE":false,"BODY":{"PENETRATION":1,"SPEED":3.75,"RANGE":90,"DENSITY":1.25,"HEALTH":0.165,"DAMAGE":6,"PUSHABILITY":0.3},"FACING_TYPE":"smoothWithMotion","CAN_GO_OUTSIDE_ROOM":true,"HITS_OWN_TYPE":"never","DIE_AT_RANGE":true,"index":21,"mockup":{"body":{"type":1,"id":21,"index":21,"x":0,"y":0,"vx":0,"vy":0,"size":1,"rsize":1,"status":1,"health":1,"shield":null,"facing":0,"vfacing":0,"twiggle":false,"layer":0,"color":16,"name":"Bullet","score":0,"guns":[],"turrets":[],"alpha":1,"position":{"middle":{"x":0,"y":0},"axis":2,"points":[{"x":1,"y":0},{"x":-1,"y":0},{"x":0,"y":1}]}},"position":{"middle":{"x":0,"y":0},"axis":2,"points":[{"x":1,"y":0},{"x":-1,"y":0},{"x":0,"y":1}]}}},{"PERSISTS_AFTER_DEATH":true}],"STAT_CALCULATOR":5}}],"index":54,"mockup":{"body":{"type":1,"id":54,"index":54,"x":0,"y":0,"vx":0,"vy":0,"size":1,"rsize":1,"status":1,"health":1,"shield":null,"facing":0,"vfacing":0,"twiggle":false,"layer":0,"color":16,"name":"Missile","score":0,"guns":[{"time":0,"power":0},{"time":0,"power":0}],"turrets":[],"alpha":1,"position":{"middle":{"x":-0.398845,"y":0},"axis":2.79769,"points":[{"x":-0.51688,"y":1.39386},{"x":-0.51688,"y":-1.39386},{"x":1,"y":0}]}},"position":{"middle":{"x":-0.398845,"y":0},"axis":2.79769,"points":[{"x":-0.51688,"y":1.39386},{"x":-0.51688,"y":-1.39386},{"x":1,"y":0}]}}}],"GUNS":[{"POSITION":[14,6,1,0,-2,150,0],"PROPERTIES":{"AUTOFIRE":true,"SHOOT_SETTINGS":{"reload":11.97,"recoil":1.2879999999999998,"shudder":0.16000000000000003,"size":0.9,"health":0.675,"damage":0.30000000000000004,"pen":1.4,"speed":1.755,"maxSpeed":0.39,"range":1,"density":1,"spray":7.5,"resist":0.77},"TYPE":[{"LABEL":"Bullet","TYPE":"bullet","ACCEPTS_SCORE":false,"BODY":{"PENETRATION":1,"SPEED":3.75,"RANGE":90,"DENSITY":1.25,"HEALTH":0.165,"DAMAGE":6,"PUSHABILITY":0.3},"FACING_TYPE":"smoothWithMotion","CAN_GO_OUTSIDE_ROOM":true,"HITS_OWN_TYPE":"never","DIE_AT_RANGE":true,"index":21,"mockup":{"body":{"type":1,"id":21,"index":21,"x":0,"y":0,"vx":0,"vy":0,"size":1,"rsize":1,"status":1,"health":1,"shield":null,"facing":0,"vfacing":0,"twiggle":false,"layer":0,"color":16,"name":"Bullet","score":0,"guns":[],"turrets":[],"alpha":1,"position":{"middle":{"x":0,"y":0},"axis":2,"points":[{"x":1,"y":0},{"x":-1,"y":0},{"x":0,"y":1}]}},"position":{"middle":{"x":0,"y":0},"axis":2,"points":[{"x":1,"y":0},{"x":-1,"y":0},{"x":0,"y":1}]}}},{"PERSISTS_AFTER_DEATH":true}],"STAT_CALCULATOR":5}},{"POSITION":[14,6,1,0,2,210,0],"PROPERTIES":{"AUTOFIRE":true,"SHOOT_SETTINGS":{"reload":11.97,"recoil":1.2879999999999998,"shudder":0.16000000000000003,"size":0.9,"health":0.675,"damage":0.30000000000000004,"pen":1.4,"speed":1.755,"maxSpeed":0.39,"range":1,"density":1,"spray":7.5,"resist":0.77},"TYPE":[{"LABEL":"Bullet","TYPE":"bullet","ACCEPTS_SCORE":false,"BODY":{"PENETRATION":1,"SPEED":3.75,"RANGE":90,"DENSITY":1.25,"HEALTH":0.165,"DAMAGE":6,"PUSHABILITY":0.3},"FACING_TYPE":"smoothWithMotion","CAN_GO_OUTSIDE_ROOM":true,"HITS_OWN_TYPE":"never","DIE_AT_RANGE":true,"index":21,"mockup":{"body":{"type":1,"id":21,"index":21,"x":0,"y":0,"vx":0,"vy":0,"size":1,"rsize":1,"status":1,"health":1,"shield":null,"facing":0,"vfacing":0,"twiggle":false,"layer":0,"color":16,"name":"Bullet","score":0,"guns":[],"turrets":[],"alpha":1,"position":{"middle":{"x":0,"y":0},"axis":2,"points":[{"x":1,"y":0},{"x":-1,"y":0},{"x":0,"y":1}]}},"position":{"middle":{"x":0,"y":0},"axis":2,"points":[{"x":1,"y":0},{"x":-1,"y":0},{"x":0,"y":1}]}}},{"PERSISTS_AFTER_DEATH":true}],"STAT_CALCULATOR":5}},{"POSITION":[14,6,1,0,-2,90,0.5],"PROPERTIES":{"AUTOFIRE":true,"SHOOT_SETTINGS":{"reload":11.97,"recoil":1.2879999999999998,"shudder":0.16000000000000003,"size":0.9,"health":0.675,"damage":0.30000000000000004,"pen":1.4,"speed":1.755,"maxSpeed":0.39,"range":1,"density":1,"spray":7.5,"resist":0.77},"TYPE":[{"LABEL":"Bullet","TYPE":"bullet","ACCEPTS_SCORE":false,"BODY":{"PENETRATION":1,"SPEED":3.75,"RANGE":90,"DENSITY":1.25,"HEALTH":0.165,"DAMAGE":6,"PUSHABILITY":0.3},"FACING_TYPE":"smoothWithMotion","CAN_GO_OUTSIDE_ROOM":true,"HITS_OWN_TYPE":"never","DIE_AT_RANGE":true,"index":21,"mockup":{"body":{"type":1,"id":21,"index":21,"x":0,"y":0,"vx":0,"vy":0,"size":1,"rsize":1,"status":1,"health":1,"shield":null,"facing":0,"vfacing":0,"twiggle":false,"layer":0,"color":16,"name":"Bullet","score":0,"guns":[],"turrets":[],"alpha":1,"position":{"middle":{"x":0,"y":0},"axis":2,"points":[{"x":1,"y":0},{"x":-1,"y":0},{"x":0,"y":1}]}},"position":{"middle":{"x":0,"y":0},"axis":2,"points":[{"x":1,"y":0},{"x":-1,"y":0},{"x":0,"y":1}]}}},{"PERSISTS_AFTER_DEATH":true}]}},{"POSITION":[14,6,1,0,2,270,0.5],"PROPERTIES":{"AUTOFIRE":true,"SHOOT_SETTINGS":{"reload":11.97,"recoil":1.2879999999999998,"shudder":0.16000000000000003,"size":0.9,"health":0.675,"damage":0.30000000000000004,"pen":1.4,"speed":1.755,"maxSpeed":0.39,"range":1,"density":1,"spray":7.5,"resist":0.77},"TYPE":[{"LABEL":"Bullet","TYPE":"bullet","ACCEPTS_SCORE":false,"BODY":{"PENETRATION":1,"SPEED":3.75,"RANGE":90,"DENSITY":1.25,"HEALTH":0.165,"DAMAGE":6,"PUSHABILITY":0.3},"FACING_TYPE":"smoothWithMotion","CAN_GO_OUTSIDE_ROOM":true,"HITS_OWN_TYPE":"never","DIE_AT_RANGE":true,"index":21,"mockup":{"body":{"type":1,"id":21,"index":21,"x":0,"y":0,"vx":0,"vy":0,"size":1,"rsize":1,"status":1,"health":1,"shield":null,"facing":0,"vfacing":0,"twiggle":false,"layer":0,"color":16,"name":"Bullet","score":0,"guns":[],"turrets":[],"alpha":1,"position":{"middle":{"x":0,"y":0},"axis":2,"points":[{"x":1,"y":0},{"x":-1,"y":0},{"x":0,"y":1}]}},"position":{"middle":{"x":0,"y":0},"axis":2,"points":[{"x":1,"y":0},{"x":-1,"y":0},{"x":0,"y":1}]}}},{"PERSISTS_AFTER_DEATH":true}]}}],"index":65,"mockup":{"body":{"type":1,"id":65,"index":65,"x":0,"y":0,"vx":0,"vy":0,"size":1,"rsize":1,"status":1,"health":1,"shield":null,"facing":0,"vfacing":0,"twiggle":false,"layer":0,"color":16,"score":0,"guns":[{"time":0,"power":0},{"time":0,"power":0},{"time":0,"power":0},{"time":0,"power":0}],"turrets":[],"alpha":1,"position":{"middle":{"x":0,"y":0},"axis":2.97321,"points":[{"x":-0.962436,"y":-1.13301},{"x":0.5,"y":1.4},{"x":0.5,"y":-1.4}]}},"position":{"middle":{"x":0,"y":0},"axis":2.97321,"points":[{"x":-0.962436,"y":-1.13301},{"x":0.5,"y":1.4},{"x":0.5,"y":-1.4}]}}}}},{"POSITION":[17,15,1,0,0,0,0]}],"index":121,"mockup":{"body":{"type":7,"id":139,"index":121,"x":0,"y":0,"vx":0,"vy":0,"size":12,"rsize":12,"status":1,"health":1,"shield":1,"facing":0,"vfacing":0,"twiggle":false,"layer":5,"color":2,"name":"","score":0,"guns":[{"time":0,"power":0},{"time":0,"power":0}],"turrets":[],"alpha":1,"position":{"middle":{"x":0.534483,"y":0},"axis":3.06897,"points":[{"x":1.9,"y":0.7},{"x":-1,"y":0},{"x":1.9,"y":-0.7}]}},"position":{"middle":{"x":0.534483,"y":0},"axis":3.06897,"points":[{"x":1.9,"y":0.7},{"x":-1,"y":0},{"x":1.9,"y":-0.7}]}}}}],"index":122} 
22:57:48.579 WARN  ~~ LOOPS: 11. ENTITY #: 468//217. VIEW #: 1. BACKLOGGED :: 143.727%! ~~ 
22:57:48.580 WARN  Total activation time: 96 
22:57:48.580 WARN  Total collision time: 33 
22:57:48.581 WARN  Total cycle time: 398 
22:57:48.584 WARN  Total player update time: 92 
22:57:48.584 WARN  Total lb+minimap processing time: 148 
22:57:48.585 WARN  Total entity physics calculation time: 27 
22:57:48.585 WARN  Total entity life+thought cycle time: 146 
22:57:48.586 WARN  Total entity selfie-taking time: 86 
22:57:48.641 WARN  Total time: 1026 
22:57:49.877 WARN  ~~ LOOPS: 6. ENTITY #: 462//222. VIEW #: 1. BACKLOGGED :: 402.000%! ~~ 
22:57:49.878 WARN  Total activation time: 72 
22:57:49.878 WARN  Total collision time: 51 
22:57:49.878 WARN  Total cycle time: 680 
22:57:49.878 WARN  Total player update time: 121 
22:57:49.878 WARN  Total lb+minimap processing time: 191 
22:57:49.878 WARN  Total entity physics calculation time: 160 
22:57:49.878 WARN  Total entity life+thought cycle time: 129 
22:57:49.878 WARN  Total entity selfie-taking time: 128 
22:57:49.878 WARN  Total time: 1532 
23:18:19.439 WARN  ~~ LOOPS: 13. ENTITY #: 322//123. VIEW #: 1. BACKLOGGED :: 115.846%! ~~ 
23:18:19.469 WARN  Total activation time: 144 
23:18:19.469 WARN  Total collision time: 36 
23:18:19.469 WARN  Total cycle time: 321 
23:18:19.469 WARN  Total player update time: 113 
23:18:19.469 WARN  Total lb+minimap processing time: 83 
23:18:19.469 WARN  Total entity physics calculation time: 14 
23:18:19.469 WARN  Total entity life+thought cycle time: 83 
23:18:19.469 WARN  Total entity selfie-taking time: 13 
23:18:19.469 WARN  Total time: 807 
23:18:49.777 WARN  ~~ LOOPS: 12. ENTITY #: 323//148. VIEW #: 1. BACKLOGGED :: 129.750%! ~~ 
23:18:49.778 WARN  Total activation time: 58 
23:18:49.778 WARN  Total collision time: 103 
23:18:49.778 WARN  Total cycle time: 346 
23:18:49.779 WARN  Total player update time: 62 
23:18:49.779 WARN  Total lb+minimap processing time: 8 
23:18:49.780 WARN  Total entity physics calculation time: 18 
23:18:49.780 WARN  Total entity life+thought cycle time: 81 
23:18:49.780 WARN  Total entity selfie-taking time: 106 
23:18:49.781 WARN  Total time: 782 
